mode: set
github.com/afittestide/asimi/internal/config/loader.go:23.34,25.2 1 0
github.com/afittestide/asimi/internal/config/loader.go:32.29,34.16 2 0
github.com/afittestide/asimi/internal/config/loader.go:34.16,36.3 1 0
github.com/afittestide/asimi/internal/config/loader.go:37.2,75.3 2 0
github.com/afittestide/asimi/internal/config/loader.go:80.47,82.16 2 1
github.com/afittestide/asimi/internal/config/loader.go:82.16,84.3 1 0
github.com/afittestide/asimi/internal/config/loader.go:85.2,87.29 3 1
github.com/afittestide/asimi/internal/config/loader.go:92.45,94.16 2 1
github.com/afittestide/asimi/internal/config/loader.go:94.16,96.3 1 0
github.com/afittestide/asimi/internal/config/loader.go:99.2,99.44 1 1
github.com/afittestide/asimi/internal/config/loader.go:99.44,101.3 1 1
github.com/afittestide/asimi/internal/config/loader.go:101.8,101.32 1 1
github.com/afittestide/asimi/internal/config/loader.go:101.32,103.3 1 0
github.com/afittestide/asimi/internal/config/loader.go:106.2,106.51 1 1
github.com/afittestide/asimi/internal/config/loader.go:106.51,108.3 1 0
github.com/afittestide/asimi/internal/config/loader.go:110.2,110.81 1 1
github.com/afittestide/asimi/internal/config/loader.go:110.81,112.3 1 0
github.com/afittestide/asimi/internal/config/loader.go:114.2,115.18 2 1
github.com/afittestide/asimi/internal/config/loader.go:119.36,124.16 3 0
github.com/afittestide/asimi/internal/config/loader.go:124.16,126.3 1 0
github.com/afittestide/asimi/internal/config/loader.go:126.8,128.83 2 0
github.com/afittestide/asimi/internal/config/loader.go:128.83,130.4 1 0
github.com/afittestide/asimi/internal/config/loader.go:133.2,134.54 2 0
github.com/afittestide/asimi/internal/config/loader.go:134.54,135.86 1 0
github.com/afittestide/asimi/internal/config/loader.go:135.86,137.4 1 0
github.com/afittestide/asimi/internal/config/loader.go:138.8,138.32 1 0
github.com/afittestide/asimi/internal/config/loader.go:138.32,140.3 1 0
github.com/afittestide/asimi/internal/config/loader.go:145.2,147.56 1 0
github.com/afittestide/asimi/internal/config/loader.go:147.56,152.4 2 0
github.com/afittestide/asimi/internal/config/loader.go:153.23,155.3 1 0
github.com/afittestide/asimi/internal/config/loader.go:159.2,159.75 1 0
github.com/afittestide/asimi/internal/config/loader.go:159.75,160.64 1 0
github.com/afittestide/asimi/internal/config/loader.go:160.64,161.58 1 0
github.com/afittestide/asimi/internal/config/loader.go:161.58,163.5 1 0
github.com/afittestide/asimi/internal/config/loader.go:168.2,168.78 1 0
github.com/afittestide/asimi/internal/config/loader.go:168.78,169.73 1 0
github.com/afittestide/asimi/internal/config/loader.go:169.73,170.61 1 0
github.com/afittestide/asimi/internal/config/loader.go:170.61,172.5 1 0
github.com/afittestide/asimi/internal/config/loader.go:177.2,178.49 2 0
github.com/afittestide/asimi/internal/config/loader.go:178.49,180.3 1 0
github.com/afittestide/asimi/internal/config/loader.go:184.2,184.34 1 0
github.com/afittestide/asimi/internal/config/loader.go:184.34,186.3 1 0
github.com/afittestide/asimi/internal/config/loader.go:190.2,190.31 1 0
github.com/afittestide/asimi/internal/config/loader.go:190.31,191.73 1 0
github.com/afittestide/asimi/internal/config/loader.go:191.73,196.4 4 0
github.com/afittestide/asimi/internal/config/loader.go:196.9,196.71 1 0
github.com/afittestide/asimi/internal/config/loader.go:196.71,201.4 4 0
github.com/afittestide/asimi/internal/config/loader.go:201.9,201.83 1 0
github.com/afittestide/asimi/internal/config/loader.go:201.83,206.4 4 0
github.com/afittestide/asimi/internal/config/loader.go:206.9,206.71 1 0
github.com/afittestide/asimi/internal/config/loader.go:206.71,211.4 4 0
github.com/afittestide/asimi/internal/config/loader.go:211.9,211.71 1 0
github.com/afittestide/asimi/internal/config/loader.go:211.71,216.4 4 0
github.com/afittestide/asimi/internal/config/loader.go:220.2,220.58 1 0
github.com/afittestide/asimi/internal/config/loader.go:220.58,221.30 1 0
github.com/afittestide/asimi/internal/config/loader.go:222.20,223.56 1 0
github.com/afittestide/asimi/internal/config/loader.go:223.56,225.5 1 0
github.com/afittestide/asimi/internal/config/loader.go:226.17,227.53 1 0
github.com/afittestide/asimi/internal/config/loader.go:227.53,229.5 1 0
github.com/afittestide/asimi/internal/config/loader.go:230.21,231.57 1 0
github.com/afittestide/asimi/internal/config/loader.go:231.57,233.5 1 0
github.com/afittestide/asimi/internal/config/loader.go:234.19,235.53 1 0
github.com/afittestide/asimi/internal/config/loader.go:235.53,237.5 1 0
github.com/afittestide/asimi/internal/config/loader.go:237.10,237.60 1 0
github.com/afittestide/asimi/internal/config/loader.go:237.60,239.5 1 0
github.com/afittestide/asimi/internal/config/loader.go:243.2,243.21 1 0
github.com/afittestide/asimi/internal/config/loader.go:248.36,250.16 2 0
github.com/afittestide/asimi/internal/config/loader.go:250.16,252.3 1 0
github.com/afittestide/asimi/internal/config/loader.go:253.2,256.58 3 0
github.com/afittestide/asimi/internal/config/loader.go:256.58,258.3 1 0
github.com/afittestide/asimi/internal/config/loader.go:260.2,264.73 3 0
github.com/afittestide/asimi/internal/config/loader.go:264.73,266.3 1 0
github.com/afittestide/asimi/internal/config/loader.go:268.2,268.77 1 0
github.com/afittestide/asimi/internal/config/loader.go:268.77,270.3 1 0
github.com/afittestide/asimi/internal/config/loader.go:272.2,272.12 1 0
github.com/afittestide/asimi/internal/config/loader.go:279.66,280.27 1 0
github.com/afittestide/asimi/internal/config/loader.go:280.27,282.3 1 0
github.com/afittestide/asimi/internal/config/loader.go:284.2,285.54 2 0
github.com/afittestide/asimi/internal/config/loader.go:285.54,287.3 1 0
github.com/afittestide/asimi/internal/config/loader.go:290.2,291.61 2 0
github.com/afittestide/asimi/internal/config/loader.go:291.61,293.3 1 0
github.com/afittestide/asimi/internal/config/loader.go:296.2,296.41 1 0
github.com/afittestide/asimi/internal/config/loader.go:296.41,300.3 3 0
github.com/afittestide/asimi/internal/config/loader.go:302.2,302.80 1 0
github.com/afittestide/asimi/internal/config/loader.go:302.80,304.3 1 0
github.com/afittestide/asimi/internal/config/loader.go:306.2,306.12 1 0
github.com/afittestide/asimi/internal/config/loader.go:310.42,311.40 1 1
github.com/afittestide/asimi/internal/config/loader.go:311.40,313.3 1 1
github.com/afittestide/asimi/internal/config/loader.go:314.2,314.17 1 1
github.com/afittestide/asimi/internal/config/toml.go:15.40,20.2 3 1
github.com/afittestide/asimi/internal/config/toml.go:27.77,35.29 5 1
github.com/afittestide/asimi/internal/config/toml.go:35.29,36.25 1 1
github.com/afittestide/asimi/internal/config/toml.go:36.25,37.40 1 1
github.com/afittestide/asimi/internal/config/toml.go:37.40,39.5 1 1
github.com/afittestide/asimi/internal/config/toml.go:40.9,42.44 1 1
github.com/afittestide/asimi/internal/config/toml.go:42.44,44.10 2 1
github.com/afittestide/asimi/internal/config/toml.go:49.2,49.53 1 1
github.com/afittestide/asimi/internal/config/toml.go:54.77,57.12 3 1
github.com/afittestide/asimi/internal/config/toml.go:57.12,59.3 1 1
github.com/afittestide/asimi/internal/config/toml.go:64.2,66.49 2 1
github.com/afittestide/asimi/internal/config/toml.go:66.49,68.69 2 1
github.com/afittestide/asimi/internal/config/toml.go:68.69,75.4 3 1
github.com/afittestide/asimi/internal/config/toml.go:78.2,78.23 1 1
github.com/afittestide/asimi/internal/config/toml.go:83.66,86.12 3 1
github.com/afittestide/asimi/internal/config/toml.go:86.12,88.3 1 1
github.com/afittestide/asimi/internal/config/toml.go:91.2,94.49 2 1
github.com/afittestide/asimi/internal/config/toml.go:94.49,96.56 2 1
github.com/afittestide/asimi/internal/config/toml.go:96.56,98.9 2 1
github.com/afittestide/asimi/internal/config/toml.go:103.2,103.60 1 1
github.com/afittestide/asimi/internal/config/toml.go:103.60,105.3 1 0
github.com/afittestide/asimi/internal/config/toml.go:105.8,105.35 1 1
github.com/afittestide/asimi/internal/config/toml.go:105.35,107.50 1 1
github.com/afittestide/asimi/internal/config/toml.go:107.50,109.57 2 1
github.com/afittestide/asimi/internal/config/toml.go:109.57,110.10 1 1
github.com/afittestide/asimi/internal/config/toml.go:112.4,112.25 1 1
github.com/afittestide/asimi/internal/config/toml.go:112.25,114.5 1 1
github.com/afittestide/asimi/internal/config/toml.go:118.2,126.37 6 1
github.com/afittestide/asimi/internal/config/toml.go:131.57,134.12 3 1
github.com/afittestide/asimi/internal/config/toml.go:134.12,136.3 1 0
github.com/afittestide/asimi/internal/config/toml.go:139.2,141.49 2 1
github.com/afittestide/asimi/internal/config/toml.go:141.49,142.39 1 1
github.com/afittestide/asimi/internal/config/toml.go:142.39,148.4 4 1
github.com/afittestide/asimi/internal/config/toml.go:151.2,151.16 1 1
github.com/afittestide/asimi/internal/config/toml.go:157.56,160.11 3 1
github.com/afittestide/asimi/internal/config/toml.go:160.11,162.3 1 1
github.com/afittestide/asimi/internal/config/toml.go:165.2,169.59 3 1
github.com/afittestide/asimi/internal/config/toml.go:169.59,171.3 1 1
github.com/afittestide/asimi/internal/config/toml.go:173.2,173.61 1 1
github.com/afittestide/asimi/internal/config/toml.go:173.61,175.3 1 1
github.com/afittestide/asimi/internal/config/toml.go:177.2,178.24 2 1
github.com/afittestide/asimi/internal/config/toml.go:183.74,189.11 3 1
github.com/afittestide/asimi/internal/config/toml.go:189.11,191.3 1 1
github.com/afittestide/asimi/internal/config/toml.go:194.2,194.54 1 1
github.com/afittestide/asimi/internal/config/types.go:122.48,124.42 2 0
github.com/afittestide/asimi/internal/config/types.go:124.42,126.3 1 0
github.com/afittestide/asimi/internal/config/types.go:127.2,130.3 1 0
github.com/afittestide/asimi/internal/config/types.go:134.44,138.62 2 0
github.com/afittestide/asimi/internal/config/types.go:138.62,140.3 1 0
github.com/afittestide/asimi/internal/config/types.go:143.2,144.85 2 0
github.com/afittestide/asimi/internal/config/types.go:144.85,146.3 1 0
github.com/afittestide/asimi/internal/config/types.go:149.2,149.43 1 0
github.com/afittestide/asimi/internal/config/types.go:149.43,151.3 1 0
github.com/afittestide/asimi/internal/config/types.go:153.2,153.12 1 0
github.com/afittestide/asimi/internal/repo/repo.go:34.29,37.16 2 0
github.com/afittestide/asimi/internal/repo/repo.go:37.16,39.3 1 0
github.com/afittestide/asimi/internal/repo/repo.go:42.2,50.16 6 0
github.com/afittestide/asimi/internal/repo/repo.go:50.16,53.39 2 0
github.com/afittestide/asimi/internal/repo/repo.go:53.39,57.36 3 0
github.com/afittestide/asimi/internal/repo/repo.go:57.36,59.5 1 0
github.com/afittestide/asimi/internal/repo/repo.go:60.9,63.4 1 0
github.com/afittestide/asimi/internal/repo/repo.go:64.8,67.3 1 0
github.com/afittestide/asimi/internal/repo/repo.go:70.2,75.16 4 0
github.com/afittestide/asimi/internal/repo/repo.go:75.16,77.17 2 0
github.com/afittestide/asimi/internal/repo/repo.go:77.17,78.29 1 0
github.com/afittestide/asimi/internal/repo/repo.go:78.29,80.5 1 0
github.com/afittestide/asimi/internal/repo/repo.go:80.10,82.5 1 0
github.com/afittestide/asimi/internal/repo/repo.go:83.9,83.24 1 0
github.com/afittestide/asimi/internal/repo/repo.go:83.24,86.4 1 0
github.com/afittestide/asimi/internal/repo/repo.go:89.3,89.47 1 0
github.com/afittestide/asimi/internal/repo/repo.go:89.47,91.4 1 0
github.com/afittestide/asimi/internal/repo/repo.go:92.8,92.23 1 0
github.com/afittestide/asimi/internal/repo/repo.go:92.23,95.3 1 0
github.com/afittestide/asimi/internal/repo/repo.go:98.2,112.61 3 0
github.com/afittestide/asimi/internal/repo/repo.go:112.61,115.3 1 0
github.com/afittestide/asimi/internal/repo/repo.go:117.2,117.17 1 0
github.com/afittestide/asimi/internal/repo/repo.go:122.39,124.2 1 0
github.com/afittestide/asimi/internal/repo/repo.go:127.35,129.19 2 0
github.com/afittestide/asimi/internal/repo/repo.go:129.19,131.3 1 0
github.com/afittestide/asimi/internal/repo/repo.go:132.2,132.49 1 0
github.com/afittestide/asimi/internal/repo/repo.go:136.34,137.31 1 1
github.com/afittestide/asimi/internal/repo/repo.go:137.31,139.3 1 1
github.com/afittestide/asimi/internal/repo/repo.go:142.2,143.16 2 0
github.com/afittestide/asimi/internal/repo/repo.go:143.16,145.3 1 0
github.com/afittestide/asimi/internal/repo/repo.go:147.2,148.20 2 0
github.com/afittestide/asimi/internal/repo/repo.go:148.20,150.3 1 0
github.com/afittestide/asimi/internal/repo/repo.go:151.2,151.20 1 0
github.com/afittestide/asimi/internal/repo/repo.go:151.20,153.3 1 0
github.com/afittestide/asimi/internal/repo/repo.go:155.2,156.41 2 0
github.com/afittestide/asimi/internal/repo/repo.go:156.41,158.3 1 0
github.com/afittestide/asimi/internal/repo/repo.go:160.2,163.16 3 0
github.com/afittestide/asimi/internal/repo/repo.go:163.16,165.3 1 0
github.com/afittestide/asimi/internal/repo/repo.go:165.8,174.3 7 0
github.com/afittestide/asimi/internal/repo/repo.go:176.2,178.60 3 0
github.com/afittestide/asimi/internal/repo/repo.go:181.49,185.16 2 0
github.com/afittestide/asimi/internal/repo/repo.go:185.16,187.3 1 0
github.com/afittestide/asimi/internal/repo/repo.go:189.2,189.13 1 0
github.com/afittestide/asimi/internal/repo/repo.go:193.43,197.26 4 0
github.com/afittestide/asimi/internal/repo/repo.go:197.26,198.55 1 0
github.com/afittestide/asimi/internal/repo/repo.go:198.55,201.12 3 0
github.com/afittestide/asimi/internal/repo/repo.go:203.3,203.18 1 0
github.com/afittestide/asimi/internal/repo/repo.go:203.18,206.4 2 0
github.com/afittestide/asimi/internal/repo/repo.go:208.2,208.38 1 0
github.com/afittestide/asimi/internal/repo/repo.go:215.59,220.16 3 0
github.com/afittestide/asimi/internal/repo/repo.go:220.16,222.3 1 0
github.com/afittestide/asimi/internal/repo/repo.go:226.2,227.48 2 0
github.com/afittestide/asimi/internal/repo/repo.go:227.48,229.3 1 0
github.com/afittestide/asimi/internal/repo/repo.go:231.2,237.20 3 0
github.com/afittestide/asimi/internal/repo/repo.go:237.20,239.3 1 0
github.com/afittestide/asimi/internal/repo/repo.go:241.2,242.26 2 0
github.com/afittestide/asimi/internal/repo/repo.go:246.38,248.16 2 0
github.com/afittestide/asimi/internal/repo/repo.go:248.16,250.3 1 0
github.com/afittestide/asimi/internal/repo/repo.go:252.2,254.16 3 0
github.com/afittestide/asimi/internal/repo/repo.go:254.16,256.3 1 0
github.com/afittestide/asimi/internal/repo/repo.go:259.2,259.18 1 0
github.com/afittestide/asimi/internal/repo/repo.go:259.18,261.3 1 0
github.com/afittestide/asimi/internal/repo/repo.go:264.2,265.16 2 0
github.com/afittestide/asimi/internal/repo/repo.go:265.16,267.3 1 0
github.com/afittestide/asimi/internal/repo/repo.go:270.2,271.48 2 0
github.com/afittestide/asimi/internal/repo/repo.go:271.48,273.3 1 0
github.com/afittestide/asimi/internal/repo/repo.go:275.2,280.16 4 0
github.com/afittestide/asimi/internal/repo/repo.go:280.16,282.3 1 0
github.com/afittestide/asimi/internal/repo/repo.go:285.2,286.42 2 0
github.com/afittestide/asimi/internal/repo/repo.go:286.42,288.44 2 0
github.com/afittestide/asimi/internal/repo/repo.go:288.44,290.4 1 0
github.com/afittestide/asimi/internal/repo/repo.go:294.2,294.24 1 0
github.com/afittestide/asimi/internal/repo/repo.go:294.24,296.3 1 0
github.com/afittestide/asimi/internal/repo/repo.go:298.2,298.11 1 0
github.com/afittestide/asimi/internal/repo/repo.go:303.39,305.2 1 1
github.com/afittestide/asimi/internal/repo/repo.go:307.53,308.17 1 0
github.com/afittestide/asimi/internal/repo/repo.go:308.17,310.3 1 0
github.com/afittestide/asimi/internal/repo/repo.go:312.2,313.16 2 0
github.com/afittestide/asimi/internal/repo/repo.go:313.16,315.3 1 0
github.com/afittestide/asimi/internal/repo/repo.go:317.2,318.16 2 0
github.com/afittestide/asimi/internal/repo/repo.go:318.16,320.3 1 0
github.com/afittestide/asimi/internal/repo/repo.go:322.2,322.32 1 0
github.com/afittestide/asimi/internal/repo/repo.go:327.45,328.23 1 0
github.com/afittestide/asimi/internal/repo/repo.go:328.23,330.3 1 0
github.com/afittestide/asimi/internal/repo/repo.go:332.2,333.35 2 0
github.com/afittestide/asimi/internal/repo/repo.go:333.35,335.3 1 0
github.com/afittestide/asimi/internal/repo/repo.go:337.2,338.31 2 0
github.com/afittestide/asimi/internal/repo/repo.go:338.31,340.3 1 0
github.com/afittestide/asimi/internal/repo/repo.go:342.2,342.27 1 0
github.com/afittestide/asimi/internal/repo/repo.go:345.68,350.16 4 0
github.com/afittestide/asimi/internal/repo/repo.go:350.16,353.3 2 0
github.com/afittestide/asimi/internal/repo/repo.go:355.2,355.32 1 0
github.com/afittestide/asimi/internal/repo/repo.go:358.64,362.16 4 0
github.com/afittestide/asimi/internal/repo/repo.go:362.16,364.3 1 0
github.com/afittestide/asimi/internal/repo/repo.go:365.2,365.17 1 0
github.com/afittestide/asimi/internal/repo/repo.go:367.50,368.22 1 1
github.com/afittestide/asimi/internal/repo/repo.go:368.22,370.3 1 1
github.com/afittestide/asimi/internal/repo/repo.go:372.2,373.31 2 1
github.com/afittestide/asimi/internal/repo/repo.go:373.31,374.24 1 1
github.com/afittestide/asimi/internal/repo/repo.go:375.49,376.14 1 1
github.com/afittestide/asimi/internal/repo/repo.go:377.34,378.11 1 1
github.com/afittestide/asimi/internal/repo/repo.go:379.22,380.13 1 1
github.com/afittestide/asimi/internal/repo/repo.go:381.22,382.13 1 1
github.com/afittestide/asimi/internal/repo/repo.go:383.24,384.15 1 1
github.com/afittestide/asimi/internal/repo/repo.go:386.3,386.25 1 1
github.com/afittestide/asimi/internal/repo/repo.go:387.49,388.14 1 1
github.com/afittestide/asimi/internal/repo/repo.go:389.34,390.11 1 0
github.com/afittestide/asimi/internal/repo/repo.go:391.22,392.13 1 0
github.com/afittestide/asimi/internal/repo/repo.go:393.22,394.13 1 0
github.com/afittestide/asimi/internal/repo/repo.go:395.24,396.15 1 1
github.com/afittestide/asimi/internal/repo/repo.go:400.2,402.18 3 1
github.com/afittestide/asimi/internal/repo/repo.go:402.18,404.3 1 1
github.com/afittestide/asimi/internal/repo/repo.go:405.2,405.15 1 1
github.com/afittestide/asimi/internal/repo/repo.go:405.15,407.3 1 1
github.com/afittestide/asimi/internal/repo/repo.go:408.2,408.17 1 1
github.com/afittestide/asimi/internal/repo/repo.go:408.17,410.3 1 1
github.com/afittestide/asimi/internal/repo/repo.go:411.2,411.17 1 1
github.com/afittestide/asimi/internal/repo/repo.go:411.17,413.3 1 1
github.com/afittestide/asimi/internal/repo/repo.go:414.2,414.19 1 1
github.com/afittestide/asimi/internal/repo/repo.go:414.19,416.3 1 1
github.com/afittestide/asimi/internal/repo/repo.go:417.2,420.20 3 1
github.com/afittestide/asimi/internal/repo/repo.go:420.20,422.3 1 0
github.com/afittestide/asimi/internal/repo/repo.go:423.2,423.15 1 1
github.com/afittestide/asimi/internal/repo/repo.go:427.60,430.16 3 0
github.com/afittestide/asimi/internal/repo/repo.go:430.16,432.3 1 0
github.com/afittestide/asimi/internal/repo/repo.go:433.2,433.47 1 0
github.com/afittestide/asimi/internal/repo/repo.go:437.57,440.18 3 0
github.com/afittestide/asimi/internal/repo/repo.go:440.18,442.3 1 0
github.com/afittestide/asimi/internal/repo/repo.go:444.2,444.37 1 0
github.com/afittestide/asimi/internal/repo/repo.go:444.37,445.46 1 0
github.com/afittestide/asimi/internal/repo/repo.go:445.46,447.26 2 0
github.com/afittestide/asimi/internal/repo/repo.go:447.26,450.5 2 0
github.com/afittestide/asimi/internal/repo/repo.go:451.4,451.22 1 0
github.com/afittestide/asimi/internal/repo/repo.go:455.2,455.35 1 0
github.com/afittestide/asimi/internal/repo/repo.go:455.35,457.22 2 0
github.com/afittestide/asimi/internal/repo/repo.go:457.22,460.26 3 0
github.com/afittestide/asimi/internal/repo/repo.go:460.26,463.5 2 0
github.com/afittestide/asimi/internal/repo/repo.go:467.2,467.20 1 0
github.com/afittestide/asimi/internal/repo/repo.go:470.46,478.21 6 1
github.com/afittestide/asimi/internal/repo/repo.go:478.21,480.36 2 1
github.com/afittestide/asimi/internal/repo/repo.go:480.36,481.12 1 0
github.com/afittestide/asimi/internal/repo/repo.go:484.3,485.21 2 1
github.com/afittestide/asimi/internal/repo/repo.go:485.21,486.12 1 0
github.com/afittestide/asimi/internal/repo/repo.go:489.3,490.41 2 1
github.com/afittestide/asimi/internal/repo/repo.go:493.2,493.38 1 1
github.com/afittestide/asimi/internal/repo/repo.go:493.38,495.3 1 0
github.com/afittestide/asimi/internal/repo/repo.go:497.2,497.23 1 1
github.com/afittestide/asimi/internal/repo/repo.go:500.40,502.29 2 1
github.com/afittestide/asimi/internal/repo/repo.go:502.29,504.3 1 1
github.com/afittestide/asimi/internal/repo/repo.go:505.2,506.16 2 1
github.com/afittestide/asimi/internal/repo/repo.go:506.16,508.3 1 0
github.com/afittestide/asimi/internal/repo/repo.go:509.2,509.12 1 1
github.com/afittestide/asimi/internal/repo/repo.go:513.69,518.32 3 1
github.com/afittestide/asimi/internal/repo/repo.go:518.32,520.3 1 1
github.com/afittestide/asimi/internal/repo/repo.go:522.2,522.31 1 1
github.com/afittestide/asimi/internal/repo/repo.go:522.31,524.3 1 1
github.com/afittestide/asimi/internal/repo/repo.go:527.2,527.35 1 1
github.com/afittestide/asimi/internal/repo/repo.go:527.35,529.24 2 1
github.com/afittestide/asimi/internal/repo/repo.go:529.24,531.4 1 1
github.com/afittestide/asimi/internal/repo/repo.go:535.2,535.35 1 1
github.com/afittestide/asimi/internal/repo/repo.go:535.35,537.24 2 1
github.com/afittestide/asimi/internal/repo/repo.go:537.24,539.4 1 1
github.com/afittestide/asimi/internal/repo/repo.go:542.2,542.23 1 1
github.com/afittestide/asimi/internal/keyring/keyring.go:19.26,20.46 1 0
github.com/afittestide/asimi/internal/keyring/keyring.go:20.46,22.3 1 0
github.com/afittestide/asimi/internal/keyring/keyring.go:23.2,23.30 1 0
github.com/afittestide/asimi/internal/keyring/keyring.go:35.84,36.23 1 0
github.com/afittestide/asimi/internal/keyring/keyring.go:36.23,38.3 1 0
github.com/afittestide/asimi/internal/keyring/keyring.go:40.2,43.16 3 0
github.com/afittestide/asimi/internal/keyring/keyring.go:43.16,45.3 1 0
github.com/afittestide/asimi/internal/keyring/keyring.go:47.2,48.17 2 0
github.com/afittestide/asimi/internal/keyring/keyring.go:48.17,50.3 1 0
github.com/afittestide/asimi/internal/keyring/keyring.go:51.2,51.12 1 0
github.com/afittestide/asimi/internal/keyring/keyring.go:55.57,59.19 3 0
github.com/afittestide/asimi/internal/keyring/keyring.go:59.19,62.18 3 0
github.com/afittestide/asimi/internal/keyring/keyring.go:62.18,63.37 1 0
github.com/afittestide/asimi/internal/keyring/keyring.go:63.37,65.5 1 0
github.com/afittestide/asimi/internal/keyring/keyring.go:66.4,66.77 1 0
github.com/afittestide/asimi/internal/keyring/keyring.go:68.3,68.18 1 0
github.com/afittestide/asimi/internal/keyring/keyring.go:71.2,72.65 2 0
github.com/afittestide/asimi/internal/keyring/keyring.go:72.65,74.3 1 0
github.com/afittestide/asimi/internal/keyring/keyring.go:76.2,77.17 2 0
github.com/afittestide/asimi/internal/keyring/keyring.go:77.17,78.58 1 0
github.com/afittestide/asimi/internal/keyring/keyring.go:78.58,80.4 1 0
github.com/afittestide/asimi/internal/keyring/keyring.go:83.2,83.106 1 0
github.com/afittestide/asimi/internal/keyring/keyring.go:87.41,89.50 2 0
github.com/afittestide/asimi/internal/keyring/keyring.go:89.50,91.3 1 0
github.com/afittestide/asimi/internal/keyring/keyring.go:92.2,92.12 1 0
github.com/afittestide/asimi/internal/keyring/keyring.go:96.48,98.17 2 0
github.com/afittestide/asimi/internal/keyring/keyring.go:98.17,100.3 1 0
github.com/afittestide/asimi/internal/keyring/keyring.go:101.2,101.12 1 0
github.com/afittestide/asimi/internal/keyring/keyring.go:105.49,108.17 3 0
github.com/afittestide/asimi/internal/keyring/keyring.go:108.17,109.36 1 0
github.com/afittestide/asimi/internal/keyring/keyring.go:109.36,111.4 1 0
github.com/afittestide/asimi/internal/keyring/keyring.go:112.3,112.77 1 0
github.com/afittestide/asimi/internal/keyring/keyring.go:114.2,114.19 1 0
github.com/afittestide/asimi/internal/keyring/keyring.go:118.42,120.50 2 0
github.com/afittestide/asimi/internal/keyring/keyring.go:120.50,122.3 1 0
github.com/afittestide/asimi/internal/keyring/keyring.go:123.2,123.12 1 0
github.com/afittestide/asimi/internal/mocks/llm.go:21.70,23.2 1 0
github.com/afittestide/asimi/internal/mocks/llm.go:26.37,35.2 1 0
github.com/afittestide/asimi/internal/mocks/llm.go:50.162,51.20 1 0
github.com/afittestide/asimi/internal/mocks/llm.go:51.20,53.3 1 0
github.com/afittestide/asimi/internal/mocks/llm.go:55.2,55.29 1 0
github.com/afittestide/asimi/internal/mocks/llm.go:55.29,57.3 1 0
github.com/afittestide/asimi/internal/mocks/llm.go:60.2,74.8 2 0
github.com/afittestide/asimi/internal/mocks/llm.go:78.172,81.12 2 0
github.com/afittestide/asimi/internal/mocks/llm.go:81.12,84.21 2 0
github.com/afittestide/asimi/internal/mocks/llm.go:84.21,87.4 2 0
github.com/afittestide/asimi/internal/mocks/llm.go:89.3,90.23 2 0
github.com/afittestide/asimi/internal/mocks/llm.go:90.23,99.4 1 0
github.com/afittestide/asimi/internal/mocks/llm.go:101.3,101.32 1 0
github.com/afittestide/asimi/internal/mocks/llm.go:101.32,102.32 1 0
github.com/afittestide/asimi/internal/mocks/llm.go:102.32,104.5 1 0
github.com/afittestide/asimi/internal/mocks/llm.go:106.4,107.27 2 0
github.com/afittestide/asimi/internal/mocks/llm.go:107.27,109.5 1 0
github.com/afittestide/asimi/internal/mocks/llm.go:110.4,110.29 1 0
github.com/afittestide/asimi/internal/mocks/llm.go:110.29,112.5 1 0
github.com/afittestide/asimi/internal/mocks/llm.go:114.4,124.36 2 0
github.com/afittestide/asimi/internal/mocks/llm.go:124.36,125.46 1 0
github.com/afittestide/asimi/internal/mocks/llm.go:125.46,127.20 2 0
github.com/afittestide/asimi/internal/mocks/llm.go:127.20,129.10 1 0
github.com/afittestide/asimi/internal/mocks/llm.go:130.9,130.18 1 0
github.com/afittestide/asimi/internal/mocks/llm.go:132.8,132.18 1 0
github.com/afittestide/asimi/internal/mocks/llm.go:139.4,139.36 1 0
github.com/afittestide/asimi/internal/mocks/llm.go:139.36,141.5 1 0
github.com/afittestide/asimi/internal/mocks/llm.go:141.10,141.49 1 0
github.com/afittestide/asimi/internal/mocks/llm.go:141.49,147.5 1 0
github.com/afittestide/asimi/internal/mocks/llm.go:149.4,149.64 1 0
github.com/afittestide/asimi/internal/mocks/llm.go:153.2,153.16 1 0
github.com/afittestide/asimi/internal/mocks/llm.go:157.68,159.2 1 0
github.com/afittestide/asimi/internal/mocks/llm.go:162.77,164.2 1 0
github.com/afittestide/asimi/internal/mocks/llm.go:167.60,169.2 1 0
github.com/afittestide/asimi/internal/mocks/llm.go:173.31,173.44 1 0
github.com/afittestide/asimi/internal/mocks/llm.go:174.31,174.44 1 0
github.com/afittestide/asimi/internal/utils/asimi_version.go:20.28,22.2 1 1
github.com/afittestide/asimi/internal/utils/asimi_version.go:25.53,29.2 2 1
github.com/afittestide/asimi/internal/utils/asimi_version.go:32.59,36.16 4 0
github.com/afittestide/asimi/internal/utils/asimi_version.go:36.16,38.3 1 0
github.com/afittestide/asimi/internal/utils/asimi_version.go:40.2,40.12 1 0
github.com/afittestide/asimi/internal/utils/asimi_version.go:40.12,42.3 1 0
github.com/afittestide/asimi/internal/utils/asimi_version.go:44.2,45.16 2 0
github.com/afittestide/asimi/internal/utils/asimi_version.go:45.16,47.3 1 0
github.com/afittestide/asimi/internal/utils/asimi_version.go:49.2,49.33 1 0
github.com/afittestide/asimi/internal/utils/asimi_version.go:49.33,52.3 2 0
github.com/afittestide/asimi/internal/utils/asimi_version.go:54.2,54.26 1 0
github.com/afittestide/asimi/internal/utils/files.go:9.49,19.82 3 0
github.com/afittestide/asimi/internal/utils/files.go:19.82,20.17 1 0
github.com/afittestide/asimi/internal/utils/files.go:20.17,23.4 1 0
github.com/afittestide/asimi/internal/utils/files.go:25.3,25.19 1 0
github.com/afittestide/asimi/internal/utils/files.go:25.19,26.31 1 0
github.com/afittestide/asimi/internal/utils/files.go:26.31,28.5 1 0
github.com/afittestide/asimi/internal/utils/files.go:29.4,29.14 1 0
github.com/afittestide/asimi/internal/utils/files.go:34.3,35.17 2 0
github.com/afittestide/asimi/internal/utils/files.go:35.17,37.4 1 0
github.com/afittestide/asimi/internal/utils/files.go:38.3,39.13 2 0
github.com/afittestide/asimi/internal/utils/files.go:42.2,42.16 1 0
github.com/afittestide/asimi/internal/utils/files.go:42.16,44.3 1 0
github.com/afittestide/asimi/internal/utils/files.go:46.2,47.19 2 0
github.com/afittestide/asimi/internal/utils/messages.go:25.57,30.2 1 1
github.com/afittestide/asimi/internal/utils/messages.go:33.66,36.2 2 1
github.com/afittestide/asimi/internal/utils/messages.go:39.87,42.2 2 1
github.com/afittestide/asimi/internal/utils/messages.go:46.65,47.24 1 1
github.com/afittestide/asimi/internal/utils/messages.go:47.24,49.3 1 1
github.com/afittestide/asimi/internal/utils/messages.go:50.2,52.10 3 1
github.com/afittestide/asimi/internal/utils/messages.go:56.89,61.2 4 1
github.com/afittestide/asimi/internal/utils/messages.go:66.43,69.29 2 1
github.com/afittestide/asimi/internal/utils/messages.go:69.29,71.3 1 1
github.com/afittestide/asimi/internal/utils/messages.go:73.2,73.21 1 1
github.com/afittestide/asimi/internal/utils/messages.go:73.21,75.3 1 1
github.com/afittestide/asimi/internal/utils/messages.go:77.2,77.21 1 1
github.com/afittestide/asimi/internal/utils/messages.go:77.21,79.3 1 1
github.com/afittestide/asimi/internal/utils/messages.go:81.2,85.36 4 1
github.com/afittestide/asimi/internal/utils/messages.go:85.36,89.3 3 1
github.com/afittestide/asimi/internal/utils/messages.go:91.2,95.24 4 1
github.com/afittestide/asimi/internal/utils/messages.go:102.58,104.19 1 0
github.com/afittestide/asimi/internal/utils/messages.go:104.19,106.3 1 0
github.com/afittestide/asimi/internal/utils/messages.go:109.2,113.24 3 0
github.com/afittestide/asimi/internal/utils/messages.go:113.24,115.3 1 0
github.com/afittestide/asimi/internal/utils/messages.go:118.2,118.18 1 0
github.com/afittestide/asimi/internal/utils/messages.go:118.18,120.3 1 0
github.com/afittestide/asimi/internal/utils/messages.go:123.2,130.18 5 0
github.com/afittestide/asimi/internal/utils/messages.go:130.18,133.3 2 0
github.com/afittestide/asimi/internal/utils/messages.go:134.2,134.16 1 0
github.com/afittestide/asimi/internal/utils/messages.go:134.16,137.3 2 0
github.com/afittestide/asimi/internal/utils/messages.go:140.2,143.32 3 0
github.com/afittestide/asimi/internal/rpc/approval.go:43.65,44.94 1 1
github.com/afittestide/asimi/internal/rpc/approval.go:44.94,46.49 2 1
github.com/afittestide/asimi/internal/rpc/approval.go:46.49,48.4 1 0
github.com/afittestide/asimi/internal/rpc/approval.go:49.3,51.10 3 1
github.com/afittestide/asimi/internal/rpc/approval.go:52.29,53.65 1 1
github.com/afittestide/asimi/internal/rpc/approval.go:54.21,55.25 1 1
github.com/afittestide/asimi/internal/rpc/approval.go:62.85,64.16 2 1
github.com/afittestide/asimi/internal/rpc/approval.go:64.16,66.3 1 1
github.com/afittestide/asimi/internal/rpc/approval.go:67.2,68.45 2 1
github.com/afittestide/asimi/internal/rpc/approval.go:68.45,70.3 1 0
github.com/afittestide/asimi/internal/rpc/approval.go:71.2,71.24 1 1
github.com/afittestide/asimi/internal/rpc/approval.go:78.71,80.9 2 1
github.com/afittestide/asimi/internal/rpc/approval.go:80.9,82.3 1 1
github.com/afittestide/asimi/internal/rpc/approval.go:83.2,83.12 1 1
github.com/afittestide/asimi/internal/rpc/approval.go:83.12,85.17 2 1
github.com/afittestide/asimi/internal/rpc/approval.go:85.17,88.4 2 0
github.com/afittestide/asimi/internal/rpc/approval.go:89.3,89.30 1 1
github.com/afittestide/asimi/internal/rpc/approval.go:89.30,90.11 1 1
github.com/afittestide/asimi/internal/rpc/approval.go:91.38,91.38 0 1
github.com/afittestide/asimi/internal/rpc/approval.go:92.12,92.12 0 0
github.com/afittestide/asimi/internal/rpc/approval.go:96.2,96.13 1 1
github.com/afittestide/asimi/internal/rpc/approval.go:105.78,106.6 1 1
github.com/afittestide/asimi/internal/rpc/approval.go:106.6,107.10 1 1
github.com/afittestide/asimi/internal/rpc/approval.go:108.21,109.10 1 1
github.com/afittestide/asimi/internal/rpc/approval.go:110.28,111.11 1 1
github.com/afittestide/asimi/internal/rpc/approval.go:111.11,113.5 1 0
github.com/afittestide/asimi/internal/rpc/approval.go:114.4,114.41 1 1
github.com/afittestide/asimi/internal/rpc/approval.go:114.41,115.13 1 1
github.com/afittestide/asimi/internal/rpc/approval.go:117.4,117.39 1 1
github.com/afittestide/asimi/internal/rpc/approval.go:117.39,118.13 1 1
github.com/afittestide/asimi/internal/rpc/approval.go:120.4,121.11 2 0
github.com/afittestide/asimi/internal/rpc/approval.go:121.11,123.13 2 0
github.com/afittestide/asimi/internal/rpc/approval.go:125.4,125.51 1 0
github.com/afittestide/asimi/internal/rpc/approval.go:125.51,127.5 1 0
github.com/afittestide/asimi/internal/rpc/conn.go:82.53,83.27 1 1
github.com/afittestide/asimi/internal/rpc/conn.go:83.27,85.3 1 1
github.com/afittestide/asimi/internal/rpc/conn.go:86.2,86.24 1 1
github.com/afittestide/asimi/internal/rpc/conn.go:86.24,88.3 1 1
github.com/afittestide/asimi/internal/rpc/conn.go:89.2,100.3 2 1
github.com/afittestide/asimi/internal/rpc/conn.go:104.44,104.65 1 1
github.com/afittestide/asimi/internal/rpc/conn.go:107.56,107.83 1 1
github.com/afittestide/asimi/internal/rpc/conn.go:112.30,116.12 3 1
github.com/afittestide/asimi/internal/rpc/conn.go:116.12,118.7 2 1
github.com/afittestide/asimi/internal/rpc/conn.go:118.7,119.11 1 1
github.com/afittestide/asimi/internal/rpc/conn.go:120.20,121.11 1 1
github.com/afittestide/asimi/internal/rpc/conn.go:122.29,123.12 1 1
github.com/afittestide/asimi/internal/rpc/conn.go:123.12,125.6 1 0
github.com/afittestide/asimi/internal/rpc/conn.go:126.5,126.52 1 1
github.com/afittestide/asimi/internal/rpc/conn.go:126.52,130.6 3 0
github.com/afittestide/asimi/internal/rpc/conn.go:135.2,135.12 1 1
github.com/afittestide/asimi/internal/rpc/conn.go:135.12,137.7 2 1
github.com/afittestide/asimi/internal/rpc/conn.go:137.7,138.11 1 1
github.com/afittestide/asimi/internal/rpc/conn.go:139.20,140.11 1 1
github.com/afittestide/asimi/internal/rpc/conn.go:141.34,142.12 1 1
github.com/afittestide/asimi/internal/rpc/conn.go:142.12,144.6 1 0
github.com/afittestide/asimi/internal/rpc/conn.go:145.5,146.12 2 1
github.com/afittestide/asimi/internal/rpc/conn.go:146.12,148.14 2 0
github.com/afittestide/asimi/internal/rpc/conn.go:151.5,151.18 1 1
github.com/afittestide/asimi/internal/rpc/conn.go:156.2,163.44 6 1
github.com/afittestide/asimi/internal/rpc/conn.go:163.44,167.3 3 1
github.com/afittestide/asimi/internal/rpc/conn.go:168.2,168.16 1 1
github.com/afittestide/asimi/internal/rpc/conn.go:171.33,172.6 1 1
github.com/afittestide/asimi/internal/rpc/conn.go:172.6,174.17 2 1
github.com/afittestide/asimi/internal/rpc/conn.go:174.17,175.30 1 1
github.com/afittestide/asimi/internal/rpc/conn.go:175.30,177.5 1 1
github.com/afittestide/asimi/internal/rpc/conn.go:178.4,178.14 1 1
github.com/afittestide/asimi/internal/rpc/conn.go:180.3,180.16 1 1
github.com/afittestide/asimi/internal/rpc/conn.go:184.40,185.13 1 1
github.com/afittestide/asimi/internal/rpc/conn.go:186.26,187.49 1 1
github.com/afittestide/asimi/internal/rpc/conn.go:187.49,190.11 2 1
github.com/afittestide/asimi/internal/rpc/conn.go:191.17,191.17 0 1
github.com/afittestide/asimi/internal/rpc/conn.go:192.12,192.12 0 0
github.com/afittestide/asimi/internal/rpc/conn.go:194.9,196.4 1 0
github.com/afittestide/asimi/internal/rpc/conn.go:197.25,199.10 2 1
github.com/afittestide/asimi/internal/rpc/conn.go:199.10,202.4 2 1
github.com/afittestide/asimi/internal/rpc/conn.go:203.3,203.13 1 1
github.com/afittestide/asimi/internal/rpc/conn.go:203.13,206.18 3 1
github.com/afittestide/asimi/internal/rpc/conn.go:206.18,207.39 1 1
github.com/afittestide/asimi/internal/rpc/conn.go:207.39,209.6 1 1
github.com/afittestide/asimi/internal/rpc/conn.go:209.11,211.6 1 1
github.com/afittestide/asimi/internal/rpc/conn.go:213.4,213.38 1 1
github.com/afittestide/asimi/internal/rpc/conn.go:215.24,218.10 1 1
github.com/afittestide/asimi/internal/rpc/conn.go:219.27,219.27 0 1
github.com/afittestide/asimi/internal/rpc/conn.go:220.19,220.19 0 0
github.com/afittestide/asimi/internal/rpc/conn.go:221.11,222.74 1 0
github.com/afittestide/asimi/internal/rpc/conn.go:224.10,225.53 1 0
github.com/afittestide/asimi/internal/rpc/conn.go:231.85,233.16 2 1
github.com/afittestide/asimi/internal/rpc/conn.go:233.16,235.3 1 0
github.com/afittestide/asimi/internal/rpc/conn.go:236.2,242.37 6 1
github.com/afittestide/asimi/internal/rpc/conn.go:242.37,244.3 1 0
github.com/afittestide/asimi/internal/rpc/conn.go:246.2,246.9 1 1
github.com/afittestide/asimi/internal/rpc/conn.go:247.20,248.24 1 1
github.com/afittestide/asimi/internal/rpc/conn.go:249.18,250.34 1 1
github.com/afittestide/asimi/internal/rpc/conn.go:251.24,252.10 1 1
github.com/afittestide/asimi/internal/rpc/conn.go:252.10,254.4 1 0
github.com/afittestide/asimi/internal/rpc/conn.go:255.3,255.20 1 1
github.com/afittestide/asimi/internal/rpc/conn.go:255.20,257.4 1 1
github.com/afittestide/asimi/internal/rpc/conn.go:258.3,258.21 1 1
github.com/afittestide/asimi/internal/rpc/conn.go:264.56,266.16 2 1
github.com/afittestide/asimi/internal/rpc/conn.go:266.16,268.3 1 0
github.com/afittestide/asimi/internal/rpc/conn.go:269.2,269.71 1 1
github.com/afittestide/asimi/internal/rpc/conn.go:272.45,273.9 1 1
github.com/afittestide/asimi/internal/rpc/conn.go:274.18,275.19 1 1
github.com/afittestide/asimi/internal/rpc/conn.go:276.21,277.13 1 1
github.com/afittestide/asimi/internal/rpc/conn.go:281.73,283.2 1 1
github.com/afittestide/asimi/internal/rpc/conn.go:286.30,287.24 1 1
github.com/afittestide/asimi/internal/rpc/conn.go:287.24,291.3 3 1
github.com/afittestide/asimi/internal/rpc/conn.go:292.2,292.12 1 1
github.com/afittestide/asimi/internal/rpc/conn.go:296.39,296.58 1 0
github.com/afittestide/asimi/internal/rpc/conn.go:299.28,300.38 1 0
github.com/afittestide/asimi/internal/rpc/conn.go:300.38,301.29 1 0
github.com/afittestide/asimi/internal/rpc/conn.go:301.29,303.4 1 0
github.com/afittestide/asimi/internal/rpc/conn.go:305.2,305.12 1 0
github.com/afittestide/asimi/internal/rpc/conn.go:308.39,309.16 1 1
github.com/afittestide/asimi/internal/rpc/conn.go:309.16,311.3 1 1
github.com/afittestide/asimi/internal/rpc/conn.go:312.2,312.37 1 1
github.com/afittestide/asimi/internal/rpc/editor.go:33.63,34.88 1 1
github.com/afittestide/asimi/internal/rpc/editor.go:34.88,36.49 2 1
github.com/afittestide/asimi/internal/rpc/editor.go:36.49,38.4 1 0
github.com/afittestide/asimi/internal/rpc/editor.go:39.3,45.10 3 1
github.com/afittestide/asimi/internal/rpc/editor.go:46.24,48.22 2 1
github.com/afittestide/asimi/internal/rpc/editor.go:48.22,50.5 1 0
github.com/afittestide/asimi/internal/rpc/editor.go:51.4,51.27 1 1
github.com/afittestide/asimi/internal/rpc/editor.go:52.21,53.25 1 0
github.com/afittestide/asimi/internal/rpc/editor.go:60.107,62.16 2 1
github.com/afittestide/asimi/internal/rpc/editor.go:62.16,64.3 1 0
github.com/afittestide/asimi/internal/rpc/editor.go:65.2,66.45 2 1
github.com/afittestide/asimi/internal/rpc/editor.go:66.45,68.3 1 0
github.com/afittestide/asimi/internal/rpc/editor.go:69.2,70.17 2 1
github.com/afittestide/asimi/internal/rpc/editor.go:70.17,72.3 1 0
github.com/afittestide/asimi/internal/rpc/editor.go:73.2,73.17 1 1
github.com/afittestide/asimi/internal/rpc/editor.go:78.69,80.9 2 1
github.com/afittestide/asimi/internal/rpc/editor.go:80.9,82.3 1 0
github.com/afittestide/asimi/internal/rpc/editor.go:83.2,83.12 1 1
github.com/afittestide/asimi/internal/rpc/editor.go:83.12,85.17 2 1
github.com/afittestide/asimi/internal/rpc/editor.go:85.17,87.4 1 0
github.com/afittestide/asimi/internal/rpc/editor.go:88.3,88.28 1 1
github.com/afittestide/asimi/internal/rpc/editor.go:88.28,89.11 1 1
github.com/afittestide/asimi/internal/rpc/editor.go:90.31,90.31 0 1
github.com/afittestide/asimi/internal/rpc/editor.go:91.12,92.59 1 0
github.com/afittestide/asimi/internal/rpc/editor.go:96.2,96.13 1 1
github.com/afittestide/asimi/internal/rpc/notifications.go:74.55,78.2 3 0
github.com/afittestide/asimi/internal/rpc/notifications.go:81.42,86.2 4 1
github.com/afittestide/asimi/internal/rpc/notifications.go:91.76,92.6 1 1
github.com/afittestide/asimi/internal/rpc/notifications.go:92.6,93.10 1 1
github.com/afittestide/asimi/internal/rpc/notifications.go:94.21,95.10 1 1
github.com/afittestide/asimi/internal/rpc/notifications.go:96.28,97.11 1 1
github.com/afittestide/asimi/internal/rpc/notifications.go:97.11,99.5 1 0
github.com/afittestide/asimi/internal/rpc/notifications.go:100.4,101.11 2 1
github.com/afittestide/asimi/internal/rpc/notifications.go:101.11,103.13 2 0
github.com/afittestide/asimi/internal/rpc/notifications.go:105.4,105.51 1 1
github.com/afittestide/asimi/internal/rpc/notifications.go:105.51,107.5 1 0
github.com/afittestide/asimi/internal/rpc/notifications.go:146.72,150.2 3 0
github.com/afittestide/asimi/internal/rpc/notifications.go:153.48,155.48 2 1
github.com/afittestide/asimi/internal/rpc/notifications.go:155.48,157.3 1 0
github.com/afittestide/asimi/internal/rpc/notifications.go:158.2,158.15 1 1
github.com/afittestide/asimi/internal/rpc/notifications.go:168.47,171.43 3 1
github.com/afittestide/asimi/internal/rpc/notifications.go:171.43,173.70 2 1
github.com/afittestide/asimi/internal/rpc/notifications.go:173.70,175.18 2 1
github.com/afittestide/asimi/internal/rpc/notifications.go:175.18,178.5 2 0
github.com/afittestide/asimi/internal/rpc/notifications.go:179.4,179.11 1 1
github.com/afittestide/asimi/internal/rpc/notifications.go:180.18,180.18 0 1
github.com/afittestide/asimi/internal/rpc/notifications.go:181.22,181.22 0 0
github.com/afittestide/asimi/internal/rpc/shogunate_client.go:29.54,31.2 1 1
github.com/afittestide/asimi/internal/rpc/shogunate_client.go:33.90,36.2 2 1
github.com/afittestide/asimi/internal/rpc/shogunate_client.go:38.55,40.16 2 1
github.com/afittestide/asimi/internal/rpc/shogunate_client.go:40.16,42.3 1 0
github.com/afittestide/asimi/internal/rpc/shogunate_client.go:43.2,45.14 3 1
github.com/afittestide/asimi/internal/rpc/shogunate_client.go:48.59,50.2 1 1
github.com/afittestide/asimi/internal/rpc/shogunate_client.go:52.67,54.16 2 1
github.com/afittestide/asimi/internal/rpc/shogunate_client.go:54.16,56.3 1 0
github.com/afittestide/asimi/internal/rpc/shogunate_client.go:57.2,59.14 3 1
github.com/afittestide/asimi/internal/rpc/shogunate_client.go:62.60,64.16 2 1
github.com/afittestide/asimi/internal/rpc/shogunate_client.go:64.16,66.3 1 0
github.com/afittestide/asimi/internal/rpc/shogunate_client.go:67.2,69.14 3 1
github.com/afittestide/asimi/internal/rpc/shogunate_client.go:72.88,74.2 1 1
github.com/afittestide/asimi/internal/rpc/shogunate_client.go:76.94,78.2 1 0
github.com/afittestide/asimi/internal/rpc/shogunate_client.go:80.96,82.16 2 1
github.com/afittestide/asimi/internal/rpc/shogunate_client.go:82.16,84.3 1 0
github.com/afittestide/asimi/internal/rpc/shogunate_client.go:85.2,86.45 2 1
github.com/afittestide/asimi/internal/rpc/shogunate_client.go:86.45,88.3 1 0
github.com/afittestide/asimi/internal/rpc/shogunate_client.go:89.2,89.21 1 1
github.com/afittestide/asimi/internal/rpc/shogunate_client.go:92.74,94.16 2 1
github.com/afittestide/asimi/internal/rpc/shogunate_client.go:94.16,96.3 1 1
github.com/afittestide/asimi/internal/rpc/shogunate_client.go:97.2,98.45 2 1
github.com/afittestide/asimi/internal/rpc/shogunate_client.go:98.45,100.3 1 0
github.com/afittestide/asimi/internal/rpc/shogunate_client.go:101.2,101.21 1 1
github.com/afittestide/asimi/internal/rpc/shogunate_client.go:104.76,106.2 1 1
github.com/afittestide/asimi/internal/rpc/shogunate_client.go:108.77,110.16 2 1
github.com/afittestide/asimi/internal/rpc/shogunate_client.go:110.16,112.3 1 0
github.com/afittestide/asimi/internal/rpc/shogunate_client.go:113.2,114.45 2 1
github.com/afittestide/asimi/internal/rpc/shogunate_client.go:114.45,116.3 1 0
github.com/afittestide/asimi/internal/rpc/shogunate_client.go:117.2,117.22 1 1
github.com/afittestide/asimi/internal/rpc/shogunate_client.go:120.61,122.2 1 1
github.com/afittestide/asimi/internal/rpc/shogunate_client.go:124.104,126.2 1 1
github.com/afittestide/asimi/internal/rpc/shogunate_client.go:128.59,130.2 1 1
github.com/afittestide/asimi/internal/rpc/shogunate_client.go:132.71,134.2 1 1
github.com/afittestide/asimi/internal/rpc/shogunate_client.go:136.81,138.2 1 1
github.com/afittestide/asimi/internal/rpc/shogunate_client.go:140.84,142.2 1 1
github.com/afittestide/asimi/internal/rpc/shogunate_client.go:144.88,146.2 1 1
github.com/afittestide/asimi/internal/rpc/shogunate_client.go:148.105,150.16 2 1
github.com/afittestide/asimi/internal/rpc/shogunate_client.go:150.16,152.3 1 0
github.com/afittestide/asimi/internal/rpc/shogunate_client.go:153.2,154.45 2 1
github.com/afittestide/asimi/internal/rpc/shogunate_client.go:154.45,156.3 1 0
github.com/afittestide/asimi/internal/rpc/shogunate_client.go:157.2,157.23 1 1
github.com/afittestide/asimi/internal/rpc/shogunate_client.go:160.81,162.16 2 1
github.com/afittestide/asimi/internal/rpc/shogunate_client.go:162.16,164.3 1 0
github.com/afittestide/asimi/internal/rpc/shogunate_client.go:165.2,167.16 3 1
github.com/afittestide/asimi/internal/rpc/shogunate_client.go:170.87,172.16 2 1
github.com/afittestide/asimi/internal/rpc/shogunate_client.go:172.16,174.3 1 0
github.com/afittestide/asimi/internal/rpc/shogunate_client.go:175.2,176.45 2 1
github.com/afittestide/asimi/internal/rpc/shogunate_client.go:176.45,178.3 1 0
github.com/afittestide/asimi/internal/rpc/shogunate_client.go:179.2,179.21 1 1
github.com/afittestide/asimi/internal/rpc/shogunate_client.go:182.116,184.16 2 1
github.com/afittestide/asimi/internal/rpc/shogunate_client.go:184.16,186.3 1 0
github.com/afittestide/asimi/internal/rpc/shogunate_client.go:187.2,189.18 3 1
github.com/afittestide/asimi/internal/rpc/shogunate_client.go:192.109,194.16 2 1
github.com/afittestide/asimi/internal/rpc/shogunate_client.go:194.16,196.3 1 0
github.com/afittestide/asimi/internal/rpc/shogunate_client.go:197.2,198.45 2 1
github.com/afittestide/asimi/internal/rpc/shogunate_client.go:198.45,200.3 1 0
github.com/afittestide/asimi/internal/rpc/shogunate_client.go:201.2,201.22 1 1
github.com/afittestide/asimi/internal/rpc/shogunate_client.go:204.84,205.14 1 1
github.com/afittestide/asimi/internal/rpc/shogunate_client.go:205.14,207.3 1 0
github.com/afittestide/asimi/internal/rpc/shogunate_client.go:208.2,216.16 3 1
github.com/afittestide/asimi/internal/rpc/shogunate_client.go:216.16,218.3 1 1
github.com/afittestide/asimi/internal/rpc/shogunate_client.go:219.2,219.52 1 1
github.com/afittestide/asimi/internal/rpc/shogunate_client.go:222.100,224.2 1 1
github.com/afittestide/asimi/internal/rpc/shogunate_client.go:226.61,228.16 2 1
github.com/afittestide/asimi/internal/rpc/shogunate_client.go:228.16,230.3 1 0
github.com/afittestide/asimi/internal/rpc/shogunate_client.go:231.2,233.19 3 1
github.com/afittestide/asimi/internal/rpc/shogunate_client.go:236.55,238.2 1 1
github.com/afittestide/asimi/internal/rpc/shogunate_client.go:240.102,242.2 1 0
github.com/afittestide/asimi/internal/rpc/shogunate_client.go:244.96,246.16 2 0
github.com/afittestide/asimi/internal/rpc/shogunate_client.go:246.16,248.3 1 0
github.com/afittestide/asimi/internal/rpc/shogunate_client.go:249.2,250.45 2 0
github.com/afittestide/asimi/internal/rpc/shogunate_client.go:250.45,252.3 1 0
github.com/afittestide/asimi/internal/rpc/shogunate_client.go:253.2,253.22 1 0
github.com/afittestide/asimi/internal/rpc/shogunate_client.go:260.69,263.21 3 0
github.com/afittestide/asimi/internal/rpc/shogunate_client.go:263.21,266.3 2 0
github.com/afittestide/asimi/internal/rpc/shogunate_client.go:267.2,267.17 1 0
github.com/afittestide/asimi/internal/rpc/shogunate_loopback.go:28.85,33.2 1 0
github.com/afittestide/asimi/internal/rpc/shogunate_loopback.go:37.71,38.20 1 0
github.com/afittestide/asimi/internal/rpc/shogunate_loopback.go:38.20,40.3 1 0
github.com/afittestide/asimi/internal/rpc/shogunate_loopback.go:41.2,41.32 1 0
github.com/afittestide/asimi/internal/rpc/shogunate_loopback.go:47.131,48.20 1 0
github.com/afittestide/asimi/internal/rpc/shogunate_loopback.go:48.20,50.3 1 0
github.com/afittestide/asimi/internal/rpc/shogunate_loopback.go:51.2,51.50 1 0
github.com/afittestide/asimi/internal/rpc/shogunate_loopback.go:57.69,58.20 1 0
github.com/afittestide/asimi/internal/rpc/shogunate_loopback.go:58.20,60.3 1 0
github.com/afittestide/asimi/internal/rpc/shogunate_loopback.go:61.2,61.26 1 0
github.com/afittestide/asimi/internal/rpc/shogunate_loopback.go:67.84,68.20 1 0
github.com/afittestide/asimi/internal/rpc/shogunate_loopback.go:68.20,70.3 1 0
github.com/afittestide/asimi/internal/rpc/shogunate_loopback.go:71.2,71.48 1 0
github.com/afittestide/asimi/internal/rpc/shogunate_server.go:16.67,17.87 1 1
github.com/afittestide/asimi/internal/rpc/shogunate_server.go:17.87,19.49 2 1
github.com/afittestide/asimi/internal/rpc/shogunate_server.go:19.49,21.4 1 0
github.com/afittestide/asimi/internal/rpc/shogunate_server.go:22.3,22.69 1 1
github.com/afittestide/asimi/internal/rpc/shogunate_server.go:25.2,25.96 1 1
github.com/afittestide/asimi/internal/rpc/shogunate_server.go:25.96,27.49 2 1
github.com/afittestide/asimi/internal/rpc/shogunate_server.go:27.49,29.4 1 0
github.com/afittestide/asimi/internal/rpc/shogunate_server.go:30.3,31.18 2 1
github.com/afittestide/asimi/internal/rpc/shogunate_server.go:34.2,34.84 1 1
github.com/afittestide/asimi/internal/rpc/shogunate_server.go:34.84,36.49 2 1
github.com/afittestide/asimi/internal/rpc/shogunate_server.go:36.49,38.4 1 0
github.com/afittestide/asimi/internal/rpc/shogunate_server.go:39.3,39.68 1 1
github.com/afittestide/asimi/internal/rpc/shogunate_server.go:42.2,42.84 1 1
github.com/afittestide/asimi/internal/rpc/shogunate_server.go:42.84,44.3 1 1
github.com/afittestide/asimi/internal/rpc/shogunate_server.go:46.2,46.87 1 1
github.com/afittestide/asimi/internal/rpc/shogunate_server.go:46.87,48.49 2 1
github.com/afittestide/asimi/internal/rpc/shogunate_server.go:48.49,50.4 1 0
github.com/afittestide/asimi/internal/rpc/shogunate_server.go:51.3,52.17 2 1
github.com/afittestide/asimi/internal/rpc/shogunate_server.go:52.17,54.4 1 0
github.com/afittestide/asimi/internal/rpc/shogunate_server.go:55.3,55.54 1 1
github.com/afittestide/asimi/internal/rpc/shogunate_server.go:58.2,58.93 1 1
github.com/afittestide/asimi/internal/rpc/shogunate_server.go:58.93,60.49 2 0
github.com/afittestide/asimi/internal/rpc/shogunate_server.go:60.49,62.4 1 0
github.com/afittestide/asimi/internal/rpc/shogunate_server.go:63.3,64.17 2 0
github.com/afittestide/asimi/internal/rpc/shogunate_server.go:64.17,66.4 1 0
github.com/afittestide/asimi/internal/rpc/shogunate_server.go:67.3,67.54 1 0
github.com/afittestide/asimi/internal/rpc/shogunate_server.go:70.2,70.84 1 1
github.com/afittestide/asimi/internal/rpc/shogunate_server.go:70.84,72.49 2 1
github.com/afittestide/asimi/internal/rpc/shogunate_server.go:72.49,74.4 1 0
github.com/afittestide/asimi/internal/rpc/shogunate_server.go:75.3,76.17 2 1
github.com/afittestide/asimi/internal/rpc/shogunate_server.go:76.17,78.4 1 1
github.com/afittestide/asimi/internal/rpc/shogunate_server.go:79.3,79.51 1 1
github.com/afittestide/asimi/internal/rpc/shogunate_server.go:82.2,82.90 1 1
github.com/afittestide/asimi/internal/rpc/shogunate_server.go:82.90,84.49 2 1
github.com/afittestide/asimi/internal/rpc/shogunate_server.go:84.49,86.4 1 0
github.com/afittestide/asimi/internal/rpc/shogunate_server.go:87.3,87.65 1 1
github.com/afittestide/asimi/internal/rpc/shogunate_server.go:87.65,89.4 1 0
github.com/afittestide/asimi/internal/rpc/shogunate_server.go:90.3,90.18 1 1
github.com/afittestide/asimi/internal/rpc/shogunate_server.go:93.2,93.87 1 1
github.com/afittestide/asimi/internal/rpc/shogunate_server.go:93.87,95.17 2 1
github.com/afittestide/asimi/internal/rpc/shogunate_server.go:95.17,97.4 1 0
github.com/afittestide/asimi/internal/rpc/shogunate_server.go:98.3,98.61 1 1
github.com/afittestide/asimi/internal/rpc/shogunate_server.go:101.2,101.91 1 1
github.com/afittestide/asimi/internal/rpc/shogunate_server.go:101.91,103.49 2 1
github.com/afittestide/asimi/internal/rpc/shogunate_server.go:103.49,105.4 1 0
github.com/afittestide/asimi/internal/rpc/shogunate_server.go:106.3,107.18 2 1
github.com/afittestide/asimi/internal/rpc/shogunate_server.go:110.2,110.91 1 1
github.com/afittestide/asimi/internal/rpc/shogunate_server.go:110.91,112.49 2 1
github.com/afittestide/asimi/internal/rpc/shogunate_server.go:112.49,114.4 1 0
github.com/afittestide/asimi/internal/rpc/shogunate_server.go:115.3,115.82 1 1
github.com/afittestide/asimi/internal/rpc/shogunate_server.go:115.82,117.4 1 0
github.com/afittestide/asimi/internal/rpc/shogunate_server.go:118.3,118.18 1 1
github.com/afittestide/asimi/internal/rpc/shogunate_server.go:121.2,121.95 1 1
github.com/afittestide/asimi/internal/rpc/shogunate_server.go:121.95,123.49 2 1
github.com/afittestide/asimi/internal/rpc/shogunate_server.go:123.49,125.4 1 0
github.com/afittestide/asimi/internal/rpc/shogunate_server.go:126.3,127.18 2 1
github.com/afittestide/asimi/internal/rpc/shogunate_server.go:130.2,130.95 1 1
github.com/afittestide/asimi/internal/rpc/shogunate_server.go:130.95,132.49 2 1
github.com/afittestide/asimi/internal/rpc/shogunate_server.go:132.49,134.4 1 0
github.com/afittestide/asimi/internal/rpc/shogunate_server.go:135.3,135.63 1 1
github.com/afittestide/asimi/internal/rpc/shogunate_server.go:135.63,137.4 1 0
github.com/afittestide/asimi/internal/rpc/shogunate_server.go:138.3,138.18 1 1
github.com/afittestide/asimi/internal/rpc/shogunate_server.go:141.2,141.91 1 1
github.com/afittestide/asimi/internal/rpc/shogunate_server.go:141.91,143.49 2 1
github.com/afittestide/asimi/internal/rpc/shogunate_server.go:143.49,145.4 1 0
github.com/afittestide/asimi/internal/rpc/shogunate_server.go:146.3,146.71 1 1
github.com/afittestide/asimi/internal/rpc/shogunate_server.go:146.71,148.4 1 0
github.com/afittestide/asimi/internal/rpc/shogunate_server.go:149.3,149.18 1 1
github.com/afittestide/asimi/internal/rpc/shogunate_server.go:152.2,152.93 1 1
github.com/afittestide/asimi/internal/rpc/shogunate_server.go:152.93,154.49 2 1
github.com/afittestide/asimi/internal/rpc/shogunate_server.go:154.49,156.4 1 0
github.com/afittestide/asimi/internal/rpc/shogunate_server.go:157.3,157.80 1 1
github.com/afittestide/asimi/internal/rpc/shogunate_server.go:157.80,159.4 1 0
github.com/afittestide/asimi/internal/rpc/shogunate_server.go:160.3,160.18 1 1
github.com/afittestide/asimi/internal/rpc/shogunate_server.go:163.2,163.93 1 1
github.com/afittestide/asimi/internal/rpc/shogunate_server.go:163.93,165.49 2 1
github.com/afittestide/asimi/internal/rpc/shogunate_server.go:165.49,167.4 1 0
github.com/afittestide/asimi/internal/rpc/shogunate_server.go:168.3,168.84 1 1
github.com/afittestide/asimi/internal/rpc/shogunate_server.go:168.84,170.4 1 0
github.com/afittestide/asimi/internal/rpc/shogunate_server.go:171.3,171.18 1 1
github.com/afittestide/asimi/internal/rpc/shogunate_server.go:174.2,174.90 1 1
github.com/afittestide/asimi/internal/rpc/shogunate_server.go:174.90,176.49 2 1
github.com/afittestide/asimi/internal/rpc/shogunate_server.go:176.49,178.4 1 0
github.com/afittestide/asimi/internal/rpc/shogunate_server.go:179.3,180.17 2 1
github.com/afittestide/asimi/internal/rpc/shogunate_server.go:180.17,182.4 1 0
github.com/afittestide/asimi/internal/rpc/shogunate_server.go:183.3,183.61 1 1
github.com/afittestide/asimi/internal/rpc/shogunate_server.go:186.2,186.88 1 1
github.com/afittestide/asimi/internal/rpc/shogunate_server.go:186.88,188.49 2 1
github.com/afittestide/asimi/internal/rpc/shogunate_server.go:188.49,190.4 1 0
github.com/afittestide/asimi/internal/rpc/shogunate_server.go:191.3,191.80 1 1
github.com/afittestide/asimi/internal/rpc/shogunate_server.go:194.2,194.89 1 1
github.com/afittestide/asimi/internal/rpc/shogunate_server.go:194.89,196.49 2 1
github.com/afittestide/asimi/internal/rpc/shogunate_server.go:196.49,198.4 1 0
github.com/afittestide/asimi/internal/rpc/shogunate_server.go:199.3,200.17 2 1
github.com/afittestide/asimi/internal/rpc/shogunate_server.go:200.17,202.4 1 0
github.com/afittestide/asimi/internal/rpc/shogunate_server.go:203.3,203.56 1 1
github.com/afittestide/asimi/internal/rpc/shogunate_server.go:206.2,206.88 1 1
github.com/afittestide/asimi/internal/rpc/shogunate_server.go:206.88,208.49 2 1
github.com/afittestide/asimi/internal/rpc/shogunate_server.go:208.49,210.4 1 0
github.com/afittestide/asimi/internal/rpc/shogunate_server.go:211.3,212.54 2 1
github.com/afittestide/asimi/internal/rpc/shogunate_server.go:215.2,215.91 1 1
github.com/afittestide/asimi/internal/rpc/shogunate_server.go:215.91,217.49 2 1
github.com/afittestide/asimi/internal/rpc/shogunate_server.go:217.49,219.4 1 0
github.com/afittestide/asimi/internal/rpc/shogunate_server.go:220.3,221.17 2 1
github.com/afittestide/asimi/internal/rpc/shogunate_server.go:221.17,223.4 1 0
github.com/afittestide/asimi/internal/rpc/shogunate_server.go:224.3,224.57 1 1
github.com/afittestide/asimi/internal/rpc/shogunate_server.go:227.2,227.88 1 1
github.com/afittestide/asimi/internal/rpc/shogunate_server.go:227.88,229.49 2 1
github.com/afittestide/asimi/internal/rpc/shogunate_server.go:229.49,231.4 1 0
github.com/afittestide/asimi/internal/rpc/shogunate_server.go:236.3,243.63 2 1
github.com/afittestide/asimi/internal/rpc/shogunate_server.go:243.63,245.4 1 0
github.com/afittestide/asimi/internal/rpc/shogunate_server.go:246.3,246.18 1 1
github.com/afittestide/asimi/internal/rpc/shogunate_server.go:249.2,249.95 1 1
github.com/afittestide/asimi/internal/rpc/shogunate_server.go:249.95,251.49 2 1
github.com/afittestide/asimi/internal/rpc/shogunate_server.go:251.49,253.4 1 0
github.com/afittestide/asimi/internal/rpc/shogunate_server.go:254.3,254.76 1 1
github.com/afittestide/asimi/internal/rpc/shogunate_server.go:254.76,256.4 1 0
github.com/afittestide/asimi/internal/rpc/shogunate_server.go:257.3,257.18 1 1
github.com/afittestide/asimi/internal/rpc/shogunate_server.go:260.2,260.83 1 1
github.com/afittestide/asimi/internal/rpc/shogunate_server.go:260.83,262.3 1 1
github.com/afittestide/asimi/internal/rpc/shogunate_server.go:264.2,264.85 1 1
github.com/afittestide/asimi/internal/rpc/shogunate_server.go:264.85,266.49 2 1
github.com/afittestide/asimi/internal/rpc/shogunate_server.go:266.49,268.4 1 0
github.com/afittestide/asimi/internal/rpc/shogunate_server.go:269.3,270.18 2 1
github.com/afittestide/asimi/internal/rpc/shogunate_server.go:273.2,273.88 1 1
github.com/afittestide/asimi/internal/rpc/shogunate_server.go:273.88,275.49 2 0
github.com/afittestide/asimi/internal/rpc/shogunate_server.go:275.49,277.4 1 0
github.com/afittestide/asimi/internal/rpc/shogunate_server.go:278.3,278.55 1 0
github.com/afittestide/asimi/internal/rpc/shogunate_server.go:278.55,280.4 1 0
github.com/afittestide/asimi/internal/rpc/shogunate_server.go:281.3,281.18 1 0
github.com/afittestide/asimi/internal/rpc/shogunate_server.go:284.2,284.92 1 1
github.com/afittestide/asimi/internal/rpc/shogunate_server.go:284.92,286.49 2 0
github.com/afittestide/asimi/internal/rpc/shogunate_server.go:286.49,288.4 1 0
github.com/afittestide/asimi/internal/rpc/shogunate_server.go:289.3,290.17 2 0
github.com/afittestide/asimi/internal/rpc/shogunate_server.go:290.17,292.4 1 0
github.com/afittestide/asimi/internal/rpc/shogunate_server.go:293.3,293.58 1 0
github.com/afittestide/asimi/internal/rpc/shogunate_server.go:300.93,303.2 2 0
github.com/afittestide/asimi/internal/rpc/unix.go:24.35,25.52 1 1
github.com/afittestide/asimi/internal/rpc/unix.go:25.52,27.19 2 1
github.com/afittestide/asimi/internal/rpc/unix.go:27.19,29.4 1 1
github.com/afittestide/asimi/internal/rpc/unix.go:31.2,33.19 3 1
github.com/afittestide/asimi/internal/rpc/unix.go:33.19,35.3 1 0
github.com/afittestide/asimi/internal/rpc/unix.go:36.2,36.15 1 1
github.com/afittestide/asimi/internal/rpc/unix.go:42.48,43.63 1 1
github.com/afittestide/asimi/internal/rpc/unix.go:43.63,45.3 1 0
github.com/afittestide/asimi/internal/rpc/unix.go:47.2,47.41 1 1
github.com/afittestide/asimi/internal/rpc/unix.go:47.41,48.24 1 1
github.com/afittestide/asimi/internal/rpc/unix.go:48.24,50.4 1 1
github.com/afittestide/asimi/internal/rpc/unix.go:51.3,51.41 1 1
github.com/afittestide/asimi/internal/rpc/unix.go:51.41,53.4 1 0
github.com/afittestide/asimi/internal/rpc/unix.go:54.8,54.44 1 1
github.com/afittestide/asimi/internal/rpc/unix.go:54.44,56.3 1 0
github.com/afittestide/asimi/internal/rpc/unix.go:57.2,58.16 2 1
github.com/afittestide/asimi/internal/rpc/unix.go:58.16,60.3 1 0
github.com/afittestide/asimi/internal/rpc/unix.go:61.2,61.46 1 1
github.com/afittestide/asimi/internal/rpc/unix.go:61.46,64.3 2 0
github.com/afittestide/asimi/internal/rpc/unix.go:65.2,65.15 1 1
github.com/afittestide/asimi/internal/rpc/unix.go:69.42,71.2 1 1
github.com/afittestide/asimi/internal/rpc/unix.go:75.36,77.16 2 1
github.com/afittestide/asimi/internal/rpc/unix.go:77.16,79.3 1 1
github.com/afittestide/asimi/internal/rpc/unix.go:80.2,81.13 2 1
github.com/afittestide/asimi/internal/wire/codec.go:17.46,19.16 2 1
github.com/afittestide/asimi/internal/wire/codec.go:19.16,21.3 1 0
github.com/afittestide/asimi/internal/wire/codec.go:22.2,22.33 1 1
github.com/afittestide/asimi/internal/wire/codec.go:22.33,24.3 1 1
github.com/afittestide/asimi/internal/wire/codec.go:25.2,27.43 3 1
github.com/afittestide/asimi/internal/wire/codec.go:27.43,29.3 1 0
github.com/afittestide/asimi/internal/wire/codec.go:30.2,30.44 1 1
github.com/afittestide/asimi/internal/wire/codec.go:30.44,32.3 1 0
github.com/afittestide/asimi/internal/wire/codec.go:33.2,33.12 1 1
github.com/afittestide/asimi/internal/wire/codec.go:38.45,40.50 2 1
github.com/afittestide/asimi/internal/wire/codec.go:40.50,42.3 1 1
github.com/afittestide/asimi/internal/wire/codec.go:43.2,44.22 2 1
github.com/afittestide/asimi/internal/wire/codec.go:44.22,46.3 1 1
github.com/afittestide/asimi/internal/wire/codec.go:47.2,48.47 2 1
github.com/afittestide/asimi/internal/wire/codec.go:48.47,50.3 1 1
github.com/afittestide/asimi/internal/wire/codec.go:51.2,52.51 2 1
github.com/afittestide/asimi/internal/wire/codec.go:52.51,54.3 1 0
github.com/afittestide/asimi/internal/wire/codec.go:55.2,55.16 1 1
github.com/afittestide/asimi/internal/wire/codec.go:60.36,61.14 1 1
github.com/afittestide/asimi/internal/wire/codec.go:61.14,63.3 1 1
github.com/afittestide/asimi/internal/wire/codec.go:64.2,64.27 1 1
github.com/afittestide/asimi/internal/wire/codec.go:69.38,70.19 1 1
github.com/afittestide/asimi/internal/wire/codec.go:70.19,72.3 1 1
github.com/afittestide/asimi/internal/wire/codec.go:73.2,73.34 1 1
github.com/afittestide/asimi/internal/wire/frame.go:47.32,48.14 1 0
github.com/afittestide/asimi/internal/wire/frame.go:48.14,50.3 1 0
github.com/afittestide/asimi/internal/wire/frame.go:51.2,51.18 1 0
github.com/afittestide/asimi/internal/wire/frame.go:65.46,67.2 1 1
github.com/afittestide/asimi/shogunate/tools/approve_doc.go:49.39,51.2 1 0
github.com/afittestide/asimi/shogunate/tools/approve_doc.go:53.46,55.2 1 0
github.com/afittestide/asimi/shogunate/tools/approve_doc.go:57.81,59.63 2 1
github.com/afittestide/asimi/shogunate/tools/approve_doc.go:59.63,61.3 1 0
github.com/afittestide/asimi/shogunate/tools/approve_doc.go:63.2,63.26 1 1
github.com/afittestide/asimi/shogunate/tools/approve_doc.go:63.26,65.3 1 1
github.com/afittestide/asimi/shogunate/tools/approve_doc.go:67.2,67.21 1 1
github.com/afittestide/asimi/shogunate/tools/approve_doc.go:67.21,69.3 1 1
github.com/afittestide/asimi/shogunate/tools/approve_doc.go:71.2,79.9 4 1
github.com/afittestide/asimi/shogunate/tools/approve_doc.go:80.20,81.23 1 0
github.com/afittestide/asimi/shogunate/tools/approve_doc.go:82.26,82.26 0 1
github.com/afittestide/asimi/shogunate/tools/approve_doc.go:84.2,84.20 1 1
github.com/afittestide/asimi/shogunate/tools/approve_doc.go:84.20,86.3 1 0
github.com/afittestide/asimi/shogunate/tools/approve_doc.go:88.2,88.16 1 1
github.com/afittestide/asimi/shogunate/tools/approve_doc.go:88.16,90.3 1 1
github.com/afittestide/asimi/shogunate/tools/approve_doc.go:92.2,92.95 1 1
github.com/afittestide/asimi/shogunate/tools/approve_doc.go:92.95,94.3 1 1
github.com/afittestide/asimi/shogunate/tools/approve_doc.go:96.2,110.32 4 1
github.com/afittestide/asimi/shogunate/tools/approve_doc.go:113.58,132.2 1 1
github.com/afittestide/asimi/shogunate/tools/approve_doc.go:135.72,140.30 4 1
github.com/afittestide/asimi/shogunate/tools/approve_doc.go:140.30,142.3 1 1
github.com/afittestide/asimi/shogunate/tools/approve_doc.go:143.2,145.16 2 1
github.com/afittestide/asimi/shogunate/tools/approve_doc.go:145.16,147.3 1 1
github.com/afittestide/asimi/shogunate/tools/approve_doc.go:147.8,152.21 3 1
github.com/afittestide/asimi/shogunate/tools/approve_doc.go:153.19,154.44 1 1
github.com/afittestide/asimi/shogunate/tools/approve_doc.go:155.19,156.53 1 1
github.com/afittestide/asimi/shogunate/tools/approve_doc.go:157.11,158.47 1 0
github.com/afittestide/asimi/shogunate/tools/approve_doc.go:162.2,162.28 1 1
github.com/afittestide/asimi/shogunate/tools/edict.go:30.40,32.2 1 0
github.com/afittestide/asimi/shogunate/tools/edict.go:34.47,36.2 1 0
github.com/afittestide/asimi/shogunate/tools/edict.go:38.82,43.63 2 0
github.com/afittestide/asimi/shogunate/tools/edict.go:43.63,45.3 1 0
github.com/afittestide/asimi/shogunate/tools/edict.go:47.2,47.25 1 0
github.com/afittestide/asimi/shogunate/tools/edict.go:47.25,49.3 1 0
github.com/afittestide/asimi/shogunate/tools/edict.go:50.2,50.32 1 0
github.com/afittestide/asimi/shogunate/tools/edict.go:50.32,52.3 1 0
github.com/afittestide/asimi/shogunate/tools/edict.go:54.2,56.51 2 0
github.com/afittestide/asimi/shogunate/tools/edict.go:56.51,58.3 1 0
github.com/afittestide/asimi/shogunate/tools/edict.go:60.2,60.76 1 0
github.com/afittestide/asimi/shogunate/tools/edict.go:60.76,62.3 1 0
github.com/afittestide/asimi/shogunate/tools/edict.go:64.2,64.79 1 0
github.com/afittestide/asimi/shogunate/tools/edict.go:67.73,77.16 6 0
github.com/afittestide/asimi/shogunate/tools/edict.go:77.16,79.3 1 0
github.com/afittestide/asimi/shogunate/tools/edict.go:79.8,81.3 1 0
github.com/afittestide/asimi/shogunate/tools/edict.go:83.2,83.28 1 0
github.com/afittestide/asimi/shogunate/tools/edict.go:86.59,101.2 1 0
github.com/afittestide/asimi/shogunate/tools/edict.go:111.43,113.2 1 0
github.com/afittestide/asimi/shogunate/tools/edict.go:115.50,117.2 1 0
github.com/afittestide/asimi/shogunate/tools/edict.go:119.85,123.63 2 0
github.com/afittestide/asimi/shogunate/tools/edict.go:123.63,125.3 1 0
github.com/afittestide/asimi/shogunate/tools/edict.go:127.2,127.25 1 0
github.com/afittestide/asimi/shogunate/tools/edict.go:127.25,129.3 1 0
github.com/afittestide/asimi/shogunate/tools/edict.go:131.2,131.17 1 0
github.com/afittestide/asimi/shogunate/tools/edict.go:131.17,133.3 1 0
github.com/afittestide/asimi/shogunate/tools/edict.go:135.2,137.16 3 0
github.com/afittestide/asimi/shogunate/tools/edict.go:137.16,139.3 1 0
github.com/afittestide/asimi/shogunate/tools/edict.go:141.2,143.16 3 0
github.com/afittestide/asimi/shogunate/tools/edict.go:143.16,145.3 1 0
github.com/afittestide/asimi/shogunate/tools/edict.go:147.2,154.32 3 0
github.com/afittestide/asimi/shogunate/tools/edict.go:157.76,167.16 6 0
github.com/afittestide/asimi/shogunate/tools/edict.go:167.16,169.3 1 0
github.com/afittestide/asimi/shogunate/tools/edict.go:169.8,175.3 3 0
github.com/afittestide/asimi/shogunate/tools/edict.go:177.2,177.28 1 0
github.com/afittestide/asimi/shogunate/tools/edict.go:180.62,191.2 1 0
github.com/afittestide/asimi/shogunate/tools/edict.go:200.39,202.2 1 0
github.com/afittestide/asimi/shogunate/tools/edict.go:204.46,206.2 1 0
github.com/afittestide/asimi/shogunate/tools/edict.go:208.81,215.23 3 1
github.com/afittestide/asimi/shogunate/tools/edict.go:215.23,217.3 1 1
github.com/afittestide/asimi/shogunate/tools/edict.go:219.2,219.17 1 1
github.com/afittestide/asimi/shogunate/tools/edict.go:219.17,221.3 1 0
github.com/afittestide/asimi/shogunate/tools/edict.go:223.2,225.50 3 1
github.com/afittestide/asimi/shogunate/tools/edict.go:225.50,227.3 1 0
github.com/afittestide/asimi/shogunate/tools/edict.go:230.2,232.27 3 1
github.com/afittestide/asimi/shogunate/tools/edict.go:232.27,234.17 2 1
github.com/afittestide/asimi/shogunate/tools/edict.go:234.17,236.4 1 0
github.com/afittestide/asimi/shogunate/tools/edict.go:239.3,239.61 1 1
github.com/afittestide/asimi/shogunate/tools/edict.go:239.61,240.12 1 1
github.com/afittestide/asimi/shogunate/tools/edict.go:243.3,247.5 1 1
github.com/afittestide/asimi/shogunate/tools/edict.go:250.2,251.32 2 1
github.com/afittestide/asimi/shogunate/tools/edict.go:254.72,258.16 3 0
github.com/afittestide/asimi/shogunate/tools/edict.go:258.16,260.3 1 0
github.com/afittestide/asimi/shogunate/tools/edict.go:260.8,264.3 3 0
github.com/afittestide/asimi/shogunate/tools/edict.go:266.2,266.28 1 0
github.com/afittestide/asimi/shogunate/tools/edict.go:269.58,284.2 1 0
github.com/afittestide/asimi/shogunate/tools/edict.go:287.50,289.22 2 1
github.com/afittestide/asimi/shogunate/tools/edict.go:289.22,291.3 1 1
github.com/afittestide/asimi/shogunate/tools/edict.go:292.2,292.29 1 0
github.com/afittestide/asimi/shogunate/tools/edict.go:302.44,304.2 1 0
github.com/afittestide/asimi/shogunate/tools/edict.go:306.51,308.2 1 0
github.com/afittestide/asimi/shogunate/tools/edict.go:310.86,316.63 2 1
github.com/afittestide/asimi/shogunate/tools/edict.go:316.63,318.3 1 0
github.com/afittestide/asimi/shogunate/tools/edict.go:320.2,320.25 1 1
github.com/afittestide/asimi/shogunate/tools/edict.go:320.25,322.3 1 1
github.com/afittestide/asimi/shogunate/tools/edict.go:323.2,323.25 1 1
github.com/afittestide/asimi/shogunate/tools/edict.go:323.25,325.3 1 1
github.com/afittestide/asimi/shogunate/tools/edict.go:327.2,327.17 1 1
github.com/afittestide/asimi/shogunate/tools/edict.go:327.17,329.3 1 0
github.com/afittestide/asimi/shogunate/tools/edict.go:332.2,332.23 1 1
github.com/afittestide/asimi/shogunate/tools/edict.go:333.50,333.50 0 1
github.com/afittestide/asimi/shogunate/tools/edict.go:335.10,336.105 1 1
github.com/afittestide/asimi/shogunate/tools/edict.go:340.2,341.131 2 1
github.com/afittestide/asimi/shogunate/tools/edict.go:341.131,343.3 1 1
github.com/afittestide/asimi/shogunate/tools/edict.go:345.2,348.16 4 1
github.com/afittestide/asimi/shogunate/tools/edict.go:348.16,350.3 1 0
github.com/afittestide/asimi/shogunate/tools/edict.go:352.2,352.43 1 1
github.com/afittestide/asimi/shogunate/tools/edict.go:352.43,353.64 1 0
github.com/afittestide/asimi/shogunate/tools/edict.go:353.64,355.4 1 0
github.com/afittestide/asimi/shogunate/tools/edict.go:358.2,358.23 1 1
github.com/afittestide/asimi/shogunate/tools/edict.go:359.19,363.50 2 1
github.com/afittestide/asimi/shogunate/tools/edict.go:363.50,365.4 1 0
github.com/afittestide/asimi/shogunate/tools/edict.go:366.16,367.114 1 1
github.com/afittestide/asimi/shogunate/tools/edict.go:367.114,369.4 1 0
github.com/afittestide/asimi/shogunate/tools/edict.go:370.27,374.101 1 0
github.com/afittestide/asimi/shogunate/tools/edict.go:377.2,382.25 2 1
github.com/afittestide/asimi/shogunate/tools/edict.go:382.25,384.3 1 1
github.com/afittestide/asimi/shogunate/tools/edict.go:386.2,387.32 2 1
github.com/afittestide/asimi/shogunate/tools/edict.go:390.77,401.16 6 0
github.com/afittestide/asimi/shogunate/tools/edict.go:401.16,403.3 1 0
github.com/afittestide/asimi/shogunate/tools/edict.go:403.8,405.3 1 0
github.com/afittestide/asimi/shogunate/tools/edict.go:407.2,407.28 1 0
github.com/afittestide/asimi/shogunate/tools/edict.go:410.63,430.2 1 0
github.com/afittestide/asimi/shogunate/tools/file_summarizer.go:22.68,35.21 4 1
github.com/afittestide/asimi/shogunate/tools/file_summarizer.go:35.21,37.3 1 1
github.com/afittestide/asimi/shogunate/tools/file_summarizer.go:39.2,44.38 4 1
github.com/afittestide/asimi/shogunate/tools/file_summarizer.go:44.38,46.3 1 1
github.com/afittestide/asimi/shogunate/tools/file_summarizer.go:46.8,48.3 1 1
github.com/afittestide/asimi/shogunate/tools/file_summarizer.go:51.2,52.25 2 1
github.com/afittestide/asimi/shogunate/tools/file_summarizer.go:52.25,54.36 2 1
github.com/afittestide/asimi/shogunate/tools/file_summarizer.go:54.36,56.4 1 0
github.com/afittestide/asimi/shogunate/tools/file_summarizer.go:57.3,57.40 1 1
github.com/afittestide/asimi/shogunate/tools/file_summarizer.go:58.8,62.3 2 1
github.com/afittestide/asimi/shogunate/tools/file_summarizer.go:65.2,65.25 1 1
github.com/afittestide/asimi/shogunate/tools/file_summarizer.go:65.25,67.20 2 1
github.com/afittestide/asimi/shogunate/tools/file_summarizer.go:67.20,69.4 1 0
github.com/afittestide/asimi/shogunate/tools/file_summarizer.go:71.3,71.27 1 1
github.com/afittestide/asimi/shogunate/tools/file_summarizer.go:71.27,73.4 1 0
github.com/afittestide/asimi/shogunate/tools/file_summarizer.go:75.3,75.37 1 1
github.com/afittestide/asimi/shogunate/tools/file_summarizer.go:75.37,77.4 1 1
github.com/afittestide/asimi/shogunate/tools/file_summarizer.go:80.2,80.16 1 1
github.com/afittestide/asimi/shogunate/tools/file_summarizer.go:84.53,87.2 1 1
github.com/afittestide/asimi/shogunate/tools/file_summarizer.go:90.53,96.25 4 1
github.com/afittestide/asimi/shogunate/tools/file_summarizer.go:96.25,99.3 1 1
github.com/afittestide/asimi/shogunate/tools/file_summarizer.go:99.8,101.3 1 0
github.com/afittestide/asimi/shogunate/tools/file_summarizer.go:103.2,103.33 1 1
github.com/afittestide/asimi/shogunate/tools/file_summarizer.go:103.33,105.43 2 1
github.com/afittestide/asimi/shogunate/tools/file_summarizer.go:105.43,108.4 2 1
github.com/afittestide/asimi/shogunate/tools/file_summarizer.go:111.2,111.55 1 1
github.com/afittestide/asimi/shogunate/tools/file_summarizer.go:111.55,113.42 2 1
github.com/afittestide/asimi/shogunate/tools/file_summarizer.go:113.42,116.4 2 1
github.com/afittestide/asimi/shogunate/tools/file_summarizer.go:120.2,120.25 1 1
github.com/afittestide/asimi/shogunate/tools/file_summarizer.go:120.25,122.23 2 1
github.com/afittestide/asimi/shogunate/tools/file_summarizer.go:122.23,124.4 1 1
github.com/afittestide/asimi/shogunate/tools/file_summarizer.go:127.2,127.20 1 1
github.com/afittestide/asimi/shogunate/tools/file_summarizer.go:131.54,135.9 2 1
github.com/afittestide/asimi/shogunate/tools/file_summarizer.go:136.94,137.20 1 1
github.com/afittestide/asimi/shogunate/tools/file_summarizer.go:138.49,139.16 1 1
github.com/afittestide/asimi/shogunate/tools/file_summarizer.go:140.91,141.16 1 1
github.com/afittestide/asimi/shogunate/tools/file_summarizer.go:142.49,143.16 1 0
github.com/afittestide/asimi/shogunate/tools/file_summarizer.go:144.48,145.15 1 0
github.com/afittestide/asimi/shogunate/tools/file_summarizer.go:146.91,147.16 1 0
github.com/afittestide/asimi/shogunate/tools/file_summarizer.go:148.48,149.15 1 0
github.com/afittestide/asimi/shogunate/tools/file_summarizer.go:150.47,151.22 1 0
github.com/afittestide/asimi/shogunate/tools/file_summarizer.go:152.47,153.22 1 0
github.com/afittestide/asimi/shogunate/tools/file_summarizer.go:154.47,155.18 1 1
github.com/afittestide/asimi/shogunate/tools/file_summarizer.go:156.47,157.16 1 0
github.com/afittestide/asimi/shogunate/tools/file_summarizer.go:158.49,159.16 1 0
github.com/afittestide/asimi/shogunate/tools/file_summarizer.go:160.46,161.13 1 0
github.com/afittestide/asimi/shogunate/tools/file_summarizer.go:162.131,163.15 1 0
github.com/afittestide/asimi/shogunate/tools/file_summarizer.go:164.88,165.18 1 0
github.com/afittestide/asimi/shogunate/tools/file_summarizer.go:166.47,167.16 1 0
github.com/afittestide/asimi/shogunate/tools/file_summarizer.go:168.48,169.15 1 0
github.com/afittestide/asimi/shogunate/tools/file_summarizer.go:170.90,171.17 1 1
github.com/afittestide/asimi/shogunate/tools/file_summarizer.go:172.48,173.16 1 1
github.com/afittestide/asimi/shogunate/tools/file_summarizer.go:174.48,175.15 1 0
github.com/afittestide/asimi/shogunate/tools/file_summarizer.go:176.48,177.15 1 0
github.com/afittestide/asimi/shogunate/tools/file_summarizer.go:178.103,179.22 1 0
github.com/afittestide/asimi/shogunate/tools/file_summarizer.go:180.99,181.20 1 0
github.com/afittestide/asimi/shogunate/tools/file_summarizer.go:182.54,183.21 1 0
github.com/afittestide/asimi/shogunate/tools/file_summarizer.go:184.48,185.15 1 0
github.com/afittestide/asimi/shogunate/tools/file_summarizer.go:186.47,187.14 1 1
github.com/afittestide/asimi/shogunate/tools/file_summarizer.go:188.10,191.64 2 1
github.com/afittestide/asimi/shogunate/tools/file_summarizer.go:191.64,193.48 1 0
github.com/afittestide/asimi/shogunate/tools/file_summarizer.go:193.48,195.5 1 0
github.com/afittestide/asimi/shogunate/tools/file_summarizer.go:197.3,197.18 1 1
github.com/afittestide/asimi/shogunate/tools/file_summarizer.go:202.55,203.38 1 1
github.com/afittestide/asimi/shogunate/tools/file_summarizer.go:203.38,205.3 1 0
github.com/afittestide/asimi/shogunate/tools/file_summarizer.go:208.2,208.38 1 1
github.com/afittestide/asimi/shogunate/tools/file_summarizer.go:208.38,210.3 1 1
github.com/afittestide/asimi/shogunate/tools/file_summarizer.go:213.2,213.60 1 1
github.com/afittestide/asimi/shogunate/tools/file_summarizer.go:213.60,215.3 1 1
github.com/afittestide/asimi/shogunate/tools/file_summarizer.go:218.2,220.72 2 1
github.com/afittestide/asimi/shogunate/tools/file_summarizer.go:220.72,222.3 1 1
github.com/afittestide/asimi/shogunate/tools/file_summarizer.go:225.2,227.29 3 1
github.com/afittestide/asimi/shogunate/tools/file_summarizer.go:227.29,230.82 2 1
github.com/afittestide/asimi/shogunate/tools/file_summarizer.go:230.82,232.4 1 1
github.com/afittestide/asimi/shogunate/tools/file_summarizer.go:234.3,234.43 1 1
github.com/afittestide/asimi/shogunate/tools/file_summarizer.go:234.43,236.4 1 0
github.com/afittestide/asimi/shogunate/tools/file_summarizer.go:237.3,237.25 1 1
github.com/afittestide/asimi/shogunate/tools/file_summarizer.go:237.25,239.4 1 1
github.com/afittestide/asimi/shogunate/tools/file_summarizer.go:243.2,243.15 1 1
github.com/afittestide/asimi/shogunate/tools/file_summarizer.go:247.63,251.2 2 1
github.com/afittestide/asimi/shogunate/tools/file_summarizer.go:254.92,262.25 6 1
github.com/afittestide/asimi/shogunate/tools/file_summarizer.go:262.25,265.3 2 1
github.com/afittestide/asimi/shogunate/tools/file_summarizer.go:267.2,269.20 2 1
github.com/afittestide/asimi/shogunate/tools/glob.go:23.33,25.2 1 0
github.com/afittestide/asimi/shogunate/tools/glob.go:27.40,29.2 1 0
github.com/afittestide/asimi/shogunate/tools/glob.go:31.75,33.63 2 1
github.com/afittestide/asimi/shogunate/tools/glob.go:33.63,35.3 1 0
github.com/afittestide/asimi/shogunate/tools/glob.go:37.2,37.26 1 1
github.com/afittestide/asimi/shogunate/tools/glob.go:37.26,39.3 1 0
github.com/afittestide/asimi/shogunate/tools/glob.go:41.2,45.46 3 1
github.com/afittestide/asimi/shogunate/tools/glob.go:45.46,48.3 2 1
github.com/afittestide/asimi/shogunate/tools/glob.go:48.8,50.3 1 1
github.com/afittestide/asimi/shogunate/tools/glob.go:52.2,52.16 1 1
github.com/afittestide/asimi/shogunate/tools/glob.go:52.16,54.3 1 0
github.com/afittestide/asimi/shogunate/tools/glob.go:56.2,58.31 3 1
github.com/afittestide/asimi/shogunate/tools/glob.go:58.31,59.57 1 1
github.com/afittestide/asimi/shogunate/tools/glob.go:59.57,60.12 1 0
github.com/afittestide/asimi/shogunate/tools/glob.go:62.3,63.33 2 1
github.com/afittestide/asimi/shogunate/tools/glob.go:63.33,64.9 1 0
github.com/afittestide/asimi/shogunate/tools/glob.go:68.2,68.23 1 1
github.com/afittestide/asimi/shogunate/tools/glob.go:68.23,70.3 1 0
github.com/afittestide/asimi/shogunate/tools/glob.go:72.2,73.32 2 1
github.com/afittestide/asimi/shogunate/tools/glob.go:73.32,75.3 1 0
github.com/afittestide/asimi/shogunate/tools/glob.go:76.2,76.20 1 1
github.com/afittestide/asimi/shogunate/tools/glob.go:80.70,85.16 3 1
github.com/afittestide/asimi/shogunate/tools/glob.go:85.16,87.3 1 1
github.com/afittestide/asimi/shogunate/tools/glob.go:90.2,91.16 2 1
github.com/afittestide/asimi/shogunate/tools/glob.go:91.16,93.3 1 0
github.com/afittestide/asimi/shogunate/tools/glob.go:95.2,95.32 1 1
github.com/afittestide/asimi/shogunate/tools/glob.go:95.32,96.21 1 1
github.com/afittestide/asimi/shogunate/tools/glob.go:96.21,97.12 1 1
github.com/afittestide/asimi/shogunate/tools/glob.go:99.3,102.38 2 1
[...]
github.com/afittestide/asimi/tui.go:1943.3,1943.16 1 0
github.com/afittestide/asimi/tui.go:1945.31,1946.16 1 0
github.com/afittestide/asimi/tui.go:1948.34,1951.33 3 0
github.com/afittestide/asimi/tui.go:1951.33,1953.27 2 0
github.com/afittestide/asimi/tui.go:1953.27,1955.5 1 0
github.com/afittestide/asimi/tui.go:1956.4,1956.27 1 0
github.com/afittestide/asimi/tui.go:1958.3,1958.16 1 0
github.com/afittestide/asimi/tui.go:1960.37,1962.60 1 0
github.com/afittestide/asimi/tui.go:1962.60,1963.41 1 0
github.com/afittestide/asimi/tui.go:1963.41,1965.5 1 0
github.com/afittestide/asimi/tui.go:1967.3,1967.16 1 0
github.com/afittestide/asimi/tui.go:1969.19,1972.16 3 0
github.com/afittestide/asimi/tui.go:1974.26,1977.16 3 0
github.com/afittestide/asimi/tui.go:1979.24,1982.28 2 0
github.com/afittestide/asimi/tui.go:1982.28,1985.18 2 0
github.com/afittestide/asimi/tui.go:1985.18,1988.5 2 0
github.com/afittestide/asimi/tui.go:1989.4,1992.76 3 0
github.com/afittestide/asimi/tui.go:1992.76,1996.5 3 0
github.com/afittestide/asimi/tui.go:1999.4,2000.20 2 0
github.com/afittestide/asimi/tui.go:2000.20,2002.5 1 0
github.com/afittestide/asimi/tui.go:2005.4,2006.56 2 0
github.com/afittestide/asimi/tui.go:2006.56,2008.19 2 0
github.com/afittestide/asimi/tui.go:2008.19,2011.6 2 0
github.com/afittestide/asimi/tui.go:2014.5,2015.19 2 0
github.com/afittestide/asimi/tui.go:2015.19,2018.6 2 0
github.com/afittestide/asimi/tui.go:2021.5,2023.29 3 0
github.com/afittestide/asimi/tui.go:2023.29,2026.6 1 0
github.com/afittestide/asimi/tui.go:2029.5,2029.110 1 0
github.com/afittestide/asimi/tui.go:2033.28,2041.27 4 0
github.com/afittestide/asimi/tui.go:2041.27,2043.26 1 0
github.com/afittestide/asimi/tui.go:2043.26,2045.5 1 0
github.com/afittestide/asimi/tui.go:2047.4,2047.26 1 0
github.com/afittestide/asimi/tui.go:2047.26,2049.5 1 0
github.com/afittestide/asimi/tui.go:2051.3,2051.16 1 0
github.com/afittestide/asimi/tui.go:2053.27,2058.19 2 0
github.com/afittestide/asimi/tui.go:2058.19,2060.4 1 0
github.com/afittestide/asimi/tui.go:2061.3,2062.25 2 0
github.com/afittestide/asimi/tui.go:2062.25,2063.57 1 0
github.com/afittestide/asimi/tui.go:2063.57,2065.5 1 0
github.com/afittestide/asimi/tui.go:2067.3,2068.17 2 0
github.com/afittestide/asimi/tui.go:2068.17,2071.4 2 0
github.com/afittestide/asimi/tui.go:2072.3,2075.59 4 0
github.com/afittestide/asimi/tui.go:2075.59,2079.4 3 0
github.com/afittestide/asimi/tui.go:2080.3,2081.17 2 0
github.com/afittestide/asimi/tui.go:2081.17,2085.4 3 0
github.com/afittestide/asimi/tui.go:2086.3,2088.58 3 0
github.com/afittestide/asimi/tui.go:2088.58,2096.4 1 0
github.com/afittestide/asimi/tui.go:2098.23,2100.21 2 0
github.com/afittestide/asimi/tui.go:2100.21,2103.4 2 0
github.com/afittestide/asimi/tui.go:2104.3,2105.17 2 0
github.com/afittestide/asimi/tui.go:2105.17,2108.4 2 0
github.com/afittestide/asimi/tui.go:2110.3,2110.42 1 0
github.com/afittestide/asimi/tui.go:2110.42,2113.4 2 0
github.com/afittestide/asimi/tui.go:2114.3,2115.17 2 0
github.com/afittestide/asimi/tui.go:2115.17,2118.4 2 0
github.com/afittestide/asimi/tui.go:2119.3,2120.16 2 0
github.com/afittestide/asimi/tui.go:2122.19,2124.49 1 1
github.com/afittestide/asimi/tui.go:2126.22,2129.25 3 0
github.com/afittestide/asimi/tui.go:2131.22,2132.21 1 0
github.com/afittestide/asimi/tui.go:2132.21,2135.4 2 0
github.com/afittestide/asimi/tui.go:2137.3,2137.21 1 0
github.com/afittestide/asimi/tui.go:2137.21,2140.4 2 0
github.com/afittestide/asimi/tui.go:2143.3,2144.51 2 0
github.com/afittestide/asimi/tui.go:2146.26,2150.16 2 0
github.com/afittestide/asimi/tui.go:2152.24,2154.35 1 0
github.com/afittestide/asimi/tui.go:2154.35,2155.18 1 0
github.com/afittestide/asimi/tui.go:2155.18,2158.5 1 0
github.com/afittestide/asimi/tui.go:2158.10,2163.5 3 0
github.com/afittestide/asimi/tui.go:2164.4,2165.17 2 0
github.com/afittestide/asimi/tui.go:2169.3,2169.35 1 0
github.com/afittestide/asimi/tui.go:2169.35,2172.18 2 0
github.com/afittestide/asimi/tui.go:2172.18,2175.5 1 0
github.com/afittestide/asimi/tui.go:2175.10,2178.5 1 0
github.com/afittestide/asimi/tui.go:2179.4,2180.17 2 0
github.com/afittestide/asimi/tui.go:2184.3,2184.17 1 0
github.com/afittestide/asimi/tui.go:2184.17,2187.4 1 0
github.com/afittestide/asimi/tui.go:2189.3,2193.16 5 0
github.com/afittestide/asimi/tui.go:2195.24,2197.49 1 0
github.com/afittestide/asimi/tui.go:2199.34,2206.31 5 0
github.com/afittestide/asimi/tui.go:2206.31,2208.4 1 0
github.com/afittestide/asimi/tui.go:2209.3,2209.88 1 0
github.com/afittestide/asimi/tui.go:2211.25,2212.21 1 0
github.com/afittestide/asimi/tui.go:2212.21,2218.4 5 0
github.com/afittestide/asimi/tui.go:2220.3,2224.16 5 0
github.com/afittestide/asimi/tui.go:2226.15,2227.59 1 1
github.com/afittestide/asimi/tui.go:2227.59,2227.79 1 0
github.com/afittestide/asimi/tui.go:2229.27,2235.30 3 0
github.com/afittestide/asimi/tui.go:2235.30,2238.18 3 0
github.com/afittestide/asimi/tui.go:2238.18,2242.5 3 0
github.com/afittestide/asimi/tui.go:2245.4,2245.47 1 0
github.com/afittestide/asimi/tui.go:2245.47,2247.5 1 0
github.com/afittestide/asimi/tui.go:2250.4,2253.56 4 0
github.com/afittestide/asimi/tui.go:2254.9,2257.4 1 0
github.com/afittestide/asimi/tui.go:2259.23,2264.26 5 0
github.com/afittestide/asimi/tui.go:2266.25,2271.40 4 0
github.com/afittestide/asimi/tui.go:2273.26,2275.61 2 0
github.com/afittestide/asimi/tui.go:2277.31,2278.21 1 0
github.com/afittestide/asimi/tui.go:2278.21,2280.4 1 0
github.com/afittestide/asimi/tui.go:2280.9,2282.4 1 0
github.com/afittestide/asimi/tui.go:2283.3,2283.47 1 0
github.com/afittestide/asimi/tui.go:2285.24,2286.26 1 0
github.com/afittestide/asimi/tui.go:2286.26,2288.4 1 0
github.com/afittestide/asimi/tui.go:2289.3,2297.40 5 0
github.com/afittestide/asimi/tui.go:2297.40,2305.4 3 0
github.com/afittestide/asimi/tui.go:2308.3,2308.53 1 0
github.com/afittestide/asimi/tui.go:2308.53,2314.4 4 0
github.com/afittestide/asimi/tui.go:2314.9,2316.23 2 0
github.com/afittestide/asimi/tui.go:2316.23,2318.5 1 0
github.com/afittestide/asimi/tui.go:2319.4,2320.41 2 0
github.com/afittestide/asimi/tui.go:2320.41,2322.5 1 0
github.com/afittestide/asimi/tui.go:2323.4,2324.29 2 0
github.com/afittestide/asimi/tui.go:2326.3,2326.16 1 0
github.com/afittestide/asimi/tui.go:2328.23,2329.79 1 0
github.com/afittestide/asimi/tui.go:2331.29,2333.41 1 0
github.com/afittestide/asimi/tui.go:2335.26,2336.45 1 0
github.com/afittestide/asimi/tui.go:2338.25,2339.54 1 0
github.com/afittestide/asimi/tui.go:2341.29,2342.59 1 0
github.com/afittestide/asimi/tui.go:2344.23,2346.51 1 0
github.com/afittestide/asimi/tui.go:2348.21,2357.71 5 1
github.com/afittestide/asimi/tui.go:2357.71,2359.4 1 1
github.com/afittestide/asimi/tui.go:2362.3,2362.49 1 1
github.com/afittestide/asimi/tui.go:2362.49,2364.4 1 0
github.com/afittestide/asimi/tui.go:2364.9,2364.56 1 1
github.com/afittestide/asimi/tui.go:2364.56,2366.4 1 0
github.com/afittestide/asimi/tui.go:2369.3,2369.18 1 1
github.com/afittestide/asimi/tui.go:2370.17,2371.34 1 1
github.com/afittestide/asimi/tui.go:2372.17,2373.34 1 1
github.com/afittestide/asimi/tui.go:2374.17,2381.26 4 0
github.com/afittestide/asimi/tui.go:2381.26,2383.5 1 0
github.com/afittestide/asimi/tui.go:2384.17,2386.34 2 0
github.com/afittestide/asimi/tui.go:2387.18,2388.39 1 1
github.com/afittestide/asimi/tui.go:2389.16,2390.85 1 0
github.com/afittestide/asimi/tui.go:2391.16,2393.21 1 0
github.com/afittestide/asimi/tui.go:2394.19,2395.36 1 0
github.com/afittestide/asimi/tui.go:2396.45,2400.85 3 1
github.com/afittestide/asimi/tui.go:2403.3,2403.16 1 1
github.com/afittestide/asimi/tui.go:2405.23,2413.40 4 1
github.com/afittestide/asimi/tui.go:2413.40,2414.73 1 0
github.com/afittestide/asimi/tui.go:2414.73,2416.5 1 0
github.com/afittestide/asimi/tui.go:2420.3,2420.42 1 1
github.com/afittestide/asimi/tui.go:2420.42,2422.4 1 0
github.com/afittestide/asimi/tui.go:2425.3,2426.21 2 1
github.com/afittestide/asimi/tui.go:2426.21,2432.13 4 1
github.com/afittestide/asimi/tui.go:2432.13,2436.5 3 1
github.com/afittestide/asimi/tui.go:2436.10,2436.31 1 0
github.com/afittestide/asimi/tui.go:2436.31,2439.35 2 0
github.com/afittestide/asimi/tui.go:2439.35,2441.6 1 0
github.com/afittestide/asimi/tui.go:2442.5,2445.61 2 0
github.com/afittestide/asimi/tui.go:2446.10,2449.5 1 0
github.com/afittestide/asimi/tui.go:2451.3,2452.16 2 0
github.com/afittestide/asimi/tui.go:2454.27,2460.16 5 0
github.com/afittestide/asimi/tui.go:2462.29,2465.16 2 1
github.com/afittestide/asimi/tui.go:2467.29,2469.24 1 0
github.com/afittestide/asimi/tui.go:2469.24,2471.4 1 0
github.com/afittestide/asimi/tui.go:2471.9,2473.4 1 0
github.com/afittestide/asimi/tui.go:2474.3,2474.16 1 0
github.com/afittestide/asimi/tui.go:2476.26,2478.29 1 0
github.com/afittestide/asimi/tui.go:2478.29,2479.25 1 0
github.com/afittestide/asimi/tui.go:2479.25,2481.5 1 0
github.com/afittestide/asimi/tui.go:2481.10,2483.5 1 0
github.com/afittestide/asimi/tui.go:2485.3,2485.16 1 0
github.com/afittestide/asimi/tui.go:2487.27,2489.29 1 0
github.com/afittestide/asimi/tui.go:2489.29,2491.22 2 0
github.com/afittestide/asimi/tui.go:2491.22,2495.5 2 0
github.com/afittestide/asimi/tui.go:2497.3,2497.16 1 0
github.com/afittestide/asimi/tui.go:2499.26,2501.16 2 1
github.com/afittestide/asimi/tui.go:2503.29,2505.40 2 0
github.com/afittestide/asimi/tui.go:2507.25,2517.43 3 0
github.com/afittestide/asimi/tui.go:2519.23,2524.102 3 1
github.com/afittestide/asimi/tui.go:2526.28,2531.23 2 1
github.com/afittestide/asimi/tui.go:2531.23,2541.26 5 1
github.com/afittestide/asimi/tui.go:2541.26,2543.5 1 0
github.com/afittestide/asimi/tui.go:2547.3,2547.50 1 1
github.com/afittestide/asimi/tui.go:2547.50,2549.4 1 1
github.com/afittestide/asimi/tui.go:2552.3,2552.25 1 1
github.com/afittestide/asimi/tui.go:2552.25,2555.4 2 1
github.com/afittestide/asimi/tui.go:2558.3,2558.20 1 0
github.com/afittestide/asimi/tui.go:2558.20,2564.57 4 0
github.com/afittestide/asimi/tui.go:2564.57,2568.32 2 0
github.com/afittestide/asimi/tui.go:2568.32,2570.6 1 0
github.com/afittestide/asimi/tui.go:2571.5,2571.15 1 0
github.com/afittestide/asimi/tui.go:2576.3,2580.30 3 0
github.com/afittestide/asimi/tui.go:2580.30,2581.32 1 0
github.com/afittestide/asimi/tui.go:2581.32,2584.5 2 0
github.com/afittestide/asimi/tui.go:2589.3,2589.23 1 0
github.com/afittestide/asimi/tui.go:2589.23,2597.62 5 0
github.com/afittestide/asimi/tui.go:2597.62,2599.5 1 0
github.com/afittestide/asimi/tui.go:2599.10,2599.31 1 0
github.com/afittestide/asimi/tui.go:2599.31,2601.5 1 0
github.com/afittestide/asimi/tui.go:2602.9,2604.52 1 0
github.com/afittestide/asimi/tui.go:2604.52,2606.5 1 0
github.com/afittestide/asimi/tui.go:2609.3,2609.24 1 0
github.com/afittestide/asimi/tui.go:2609.24,2611.4 1 0
github.com/afittestide/asimi/tui.go:2612.3,2612.16 1 0
github.com/afittestide/asimi/tui.go:2614.25,2616.19 1 0
github.com/afittestide/asimi/tui.go:2616.19,2626.4 2 0
github.com/afittestide/asimi/tui.go:2627.3,2627.16 1 0
github.com/afittestide/asimi/tui.go:2629.30,2634.44 3 0
github.com/afittestide/asimi/tui.go:2634.44,2637.4 2 0
github.com/afittestide/asimi/tui.go:2640.3,2645.13 4 0
github.com/afittestide/asimi/tui.go:2645.13,2648.18 3 0
github.com/afittestide/asimi/tui.go:2648.18,2649.23 1 0
github.com/afittestide/asimi/tui.go:2649.23,2651.6 1 0
github.com/afittestide/asimi/tui.go:2652.5,2652.11 1 0
github.com/afittestide/asimi/tui.go:2654.4,2654.22 1 0
github.com/afittestide/asimi/tui.go:2654.22,2656.5 1 0
github.com/afittestide/asimi/tui.go:2659.26,2665.47 3 0
github.com/afittestide/asimi/tui.go:2665.47,2678.4 2 0
github.com/afittestide/asimi/tui.go:2681.3,2686.76 2 0
github.com/afittestide/asimi/tui.go:2688.23,2692.81 3 0
github.com/afittestide/asimi/tui.go:2694.36,2699.16 3 0
github.com/afittestide/asimi/tui.go:2701.29,2706.16 4 0
github.com/afittestide/asimi/tui.go:2711.2,2713.48 1 1
github.com/afittestide/asimi/tui.go:2713.48,2715.3 1 1
github.com/afittestide/asimi/tui.go:2718.2,2719.22 2 1
github.com/afittestide/asimi/tui.go:2722.58,2727.18 3 1
github.com/afittestide/asimi/tui.go:2727.18,2730.3 2 0
github.com/afittestide/asimi/tui.go:2733.2,2736.69 2 1
github.com/afittestide/asimi/tui.go:2736.69,2738.3 1 0
github.com/afittestide/asimi/tui.go:2740.2,2741.29 2 1
github.com/afittestide/asimi/tui.go:2741.29,2742.76 1 1
github.com/afittestide/asimi/tui.go:2742.76,2744.4 1 1
github.com/afittestide/asimi/tui.go:2748.2,2748.48 1 1
github.com/afittestide/asimi/tui.go:2748.48,2758.15 8 1
github.com/afittestide/asimi/tui.go:2758.15,2760.4 1 1
github.com/afittestide/asimi/tui.go:2762.3,2762.17 1 1
github.com/afittestide/asimi/tui.go:2765.2,2766.37 2 1
github.com/afittestide/asimi/tui.go:2766.37,2768.3 1 1
github.com/afittestide/asimi/tui.go:2769.2,2769.35 1 1
github.com/afittestide/asimi/tui.go:2773.47,2780.40 4 1
github.com/afittestide/asimi/tui.go:2780.40,2783.3 2 0
github.com/afittestide/asimi/tui.go:2783.8,2783.47 1 1
github.com/afittestide/asimi/tui.go:2783.47,2786.3 2 1
github.com/afittestide/asimi/tui.go:2786.8,2790.3 2 0
github.com/afittestide/asimi/tui.go:2793.2,2794.47 2 1
github.com/afittestide/asimi/tui.go:2794.47,2797.60 1 1
github.com/afittestide/asimi/tui.go:2797.60,2799.21 1 1
github.com/afittestide/asimi/tui.go:2799.21,2801.5 1 1
github.com/afittestide/asimi/tui.go:2801.10,2803.5 1 0
github.com/afittestide/asimi/tui.go:2807.2,2807.44 1 1
github.com/afittestide/asimi/tui.go:2811.51,2817.47 4 1
github.com/afittestide/asimi/tui.go:2817.47,2820.60 1 1
github.com/afittestide/asimi/tui.go:2820.60,2823.4 1 1
github.com/afittestide/asimi/tui.go:2826.2,2829.31 2 1
github.com/afittestide/asimi/tui.go:2829.31,2833.3 3 1
github.com/afittestide/asimi/tui.go:2833.8,2837.3 3 0
github.com/afittestide/asimi/tui.go:2841.48,2865.23 9 1
github.com/afittestide/asimi/tui.go:2865.23,2867.3 1 0
github.com/afittestide/asimi/tui.go:2870.2,2881.53 6 1
github.com/afittestide/asimi/tui.go:2881.53,2883.3 1 0
github.com/afittestide/asimi/tui.go:2883.8,2885.3 1 1
github.com/afittestide/asimi/tui.go:2886.2,2886.120 1 1
github.com/afittestide/asimi/tui.go:2890.33,2893.15 2 1
github.com/afittestide/asimi/tui.go:2893.15,2895.38 2 1
github.com/afittestide/asimi/tui.go:2895.38,2897.4 1 0
github.com/afittestide/asimi/tui.go:2900.2,2900.35 1 1
github.com/afittestide/asimi/tui.go:2900.35,2902.3 1 1
github.com/afittestide/asimi/tui.go:2905.2,2914.17 4 1
github.com/afittestide/asimi/tui.go:2914.17,2920.3 5 1
github.com/afittestide/asimi/tui.go:2923.2,2927.23 5 1
github.com/afittestide/asimi/tui.go:2927.23,2929.3 1 0
github.com/afittestide/asimi/tui.go:2930.2,2933.20 3 1
github.com/afittestide/asimi/tui.go:2933.20,2935.3 1 0
github.com/afittestide/asimi/tui.go:2936.2,2938.17 3 1
github.com/afittestide/asimi/tui.go:2938.17,2940.3 1 1
github.com/afittestide/asimi/tui.go:2941.2,2943.28 3 1
github.com/afittestide/asimi/tui.go:2943.28,2945.3 1 1
github.com/afittestide/asimi/tui.go:2950.2,2950.28 1 1
github.com/afittestide/asimi/tui.go:2950.28,2952.3 1 0
github.com/afittestide/asimi/tui.go:2954.2,2954.29 1 1
github.com/afittestide/asimi/tui.go:2954.29,2958.3 2 0
github.com/afittestide/asimi/tui.go:2960.2,2960.13 1 1
github.com/afittestide/asimi/tui.go:2963.61,2971.23 7 1
github.com/afittestide/asimi/tui.go:2971.23,2973.3 1 0
github.com/afittestide/asimi/tui.go:2976.2,2976.50 1 1
github.com/afittestide/asimi/tui.go:2976.50,2978.3 1 1
github.com/afittestide/asimi/tui.go:2981.2,2981.41 1 1
github.com/afittestide/asimi/tui.go:2981.41,2983.3 1 0
github.com/afittestide/asimi/tui.go:2986.2,2986.9 1 1
github.com/afittestide/asimi/tui.go:2987.17,2988.56 1 0
github.com/afittestide/asimi/tui.go:2993.10,2995.33 1 1
github.com/afittestide/asimi/tui.go:2999.91,3005.18 4 1
github.com/afittestide/asimi/tui.go:3005.18,3007.3 1 1
github.com/afittestide/asimi/tui.go:3008.2,3010.20 2 1
github.com/afittestide/asimi/tui.go:3010.20,3013.3 2 0
github.com/afittestide/asimi/tui.go:3015.2,3015.22 1 1
github.com/afittestide/asimi/tui.go:3015.22,3017.3 1 1
github.com/afittestide/asimi/tui.go:3018.2,3020.61 2 1
github.com/afittestide/asimi/tui.go:3023.96,3025.18 2 1
github.com/afittestide/asimi/tui.go:3025.18,3027.3 1 0
github.com/afittestide/asimi/tui.go:3031.2,3043.36 8 1
github.com/afittestide/asimi/tui.go:3043.36,3044.42 1 1
github.com/afittestide/asimi/tui.go:3044.42,3045.27 1 1
github.com/afittestide/asimi/tui.go:3045.27,3047.5 1 1
github.com/afittestide/asimi/tui.go:3051.2,3051.34 1 1
github.com/afittestide/asimi/tui.go:3055.60,3100.35 10 1
github.com/afittestide/asimi/tui.go:3100.35,3102.3 1 1
github.com/afittestide/asimi/tui.go:3105.2,3110.23 3 1
github.com/afittestide/asimi/tui.go:3110.23,3118.3 2 1
github.com/afittestide/asimi/tui.go:3119.2,3119.21 1 1
github.com/afittestide/asimi/tui.go:3119.21,3127.3 2 0
github.com/afittestide/asimi/tui.go:3130.2,3141.18 4 1
github.com/afittestide/asimi/tui.go:3145.66,3147.26 2 0
github.com/afittestide/asimi/tui.go:3147.26,3163.3 4 0
github.com/afittestide/asimi/tui.go:3166.2,3182.35 5 0
github.com/afittestide/asimi/tui.go:3182.35,3185.27 2 0
github.com/afittestide/asimi/tui.go:3185.27,3187.36 1 0
github.com/afittestide/asimi/tui.go:3187.36,3190.58 2 0
github.com/afittestide/asimi/tui.go:3190.58,3191.32 1 0
github.com/afittestide/asimi/tui.go:3191.32,3193.12 2 0
github.com/afittestide/asimi/tui.go:3196.5,3197.54 2 0
github.com/afittestide/asimi/tui.go:3199.4,3199.29 1 0
github.com/afittestide/asimi/tui.go:3199.29,3201.5 1 0
github.com/afittestide/asimi/tui.go:3202.9,3204.4 1 0
github.com/afittestide/asimi/tui.go:3205.3,3205.42 1 0
github.com/afittestide/asimi/tui.go:3208.2,3219.18 4 0
github.com/afittestide/asimi/tui.go:3226.55,3228.24 2 1
github.com/afittestide/asimi/tui.go:3228.24,3230.3 1 0
github.com/afittestide/asimi/tui.go:3231.2,3231.28 1 1
github.com/afittestide/asimi/tui.go:3231.28,3233.3 1 1
github.com/afittestide/asimi/tui.go:3239.56,3241.28 2 1
github.com/afittestide/asimi/tui.go:3241.28,3243.3 1 1
github.com/afittestide/asimi/tui.go:3247.36,3250.2 2 1
github.com/afittestide/asimi/tui.go:3254.61,3255.24 1 0
github.com/afittestide/asimi/tui.go:3255.24,3257.3 1 0
github.com/afittestide/asimi/tui.go:3259.2,3260.24 2 0
github.com/afittestide/asimi/tui.go:3260.24,3262.3 1 0
github.com/afittestide/asimi/tui.go:3264.2,3264.105 1 0
github.com/afittestide/asimi/tui.go:3264.105,3266.3 1 0
github.com/afittestide/asimi/tui.go:3269.91,3270.24 1 0
github.com/afittestide/asimi/tui.go:3270.24,3273.3 2 0
github.com/afittestide/asimi/tui.go:3274.2,3275.15 2 0
github.com/afittestide/asimi/tui.go:3276.66,3277.36 1 0
github.com/afittestide/asimi/tui.go:3278.10,3280.51 1 0
github.com/afittestide/asimi/tui.go:3280.51,3282.4 1 0
github.com/afittestide/asimi/tui.go:3282.9,3284.4 1 0
github.com/afittestide/asimi/tui.go:3286.2,3286.46 1 0
github.com/afittestide/asimi/tui.go:3290.34,3292.16 2 0
github.com/afittestide/asimi/tui.go:3292.16,3295.3 1 0
github.com/afittestide/asimi/tui.go:3296.2,3296.18 1 0
github.com/afittestide/asimi/update.go:15.46,17.16 2 0
github.com/afittestide/asimi/update.go:17.16,19.3 1 0
github.com/afittestide/asimi/update.go:21.2,24.16 3 0
github.com/afittestide/asimi/update.go:24.16,26.3 1 0
github.com/afittestide/asimi/update.go:28.2,28.36 1 0
github.com/afittestide/asimi/update.go:28.36,31.3 2 0
github.com/afittestide/asimi/update.go:33.2,34.12 2 0
github.com/afittestide/asimi/update.go:39.54,41.53 1 1
github.com/afittestide/asimi/update.go:41.53,43.3 1 1
github.com/afittestide/asimi/update.go:46.2,50.12 4 0
github.com/afittestide/asimi/update.go:50.12,52.17 2 0
github.com/afittestide/asimi/update.go:52.17,56.4 3 0
github.com/afittestide/asimi/update.go:57.3,57.16 1 0
github.com/afittestide/asimi/update.go:57.16,63.4 1 0
github.com/afittestide/asimi/update.go:64.3,64.20 1 0
github.com/afittestide/asimi/update.go:67.2,67.9 1 0
github.com/afittestide/asimi/update.go:68.27,69.19 1 0
github.com/afittestide/asimi/update.go:70.20,72.15 2 0
github.com/afittestide/asimi/update.go:77.32,78.57 1 1
github.com/afittestide/asimi/update.go:78.57,82.3 1 1
github.com/afittestide/asimi/update.go:83.2,83.23 1 0
