mode: set
github.com/afittestide/asimi/internal/repo/repo.go:34.29,37.16 2 0
github.com/afittestide/asimi/internal/repo/repo.go:37.16,39.3 1 0
github.com/afittestide/asimi/internal/repo/repo.go:42.2,50.16 6 0
github.com/afittestide/asimi/internal/repo/repo.go:50.16,53.39 2 0
github.com/afittestide/asimi/internal/repo/repo.go:53.39,57.36 3 0
github.com/afittestide/asimi/internal/repo/repo.go:57.36,59.5 1 0
github.com/afittestide/asimi/internal/repo/repo.go:60.9,63.4 1 0
github.com/afittestide/asimi/internal/repo/repo.go:64.8,67.17 2 0
github.com/afittestide/asimi/internal/repo/repo.go:67.17,69.4 1 0
github.com/afittestide/asimi/internal/repo/repo.go:73.2,78.16 4 0
github.com/afittestide/asimi/internal/repo/repo.go:78.16,80.17 2 0
github.com/afittestide/asimi/internal/repo/repo.go:80.17,81.29 1 0
github.com/afittestide/asimi/internal/repo/repo.go:81.29,83.5 1 0
github.com/afittestide/asimi/internal/repo/repo.go:83.10,85.5 1 0
github.com/afittestide/asimi/internal/repo/repo.go:86.9,86.24 1 0
github.com/afittestide/asimi/internal/repo/repo.go:86.24,89.4 1 0
github.com/afittestide/asimi/internal/repo/repo.go:92.3,92.47 1 0
github.com/afittestide/asimi/internal/repo/repo.go:92.47,94.4 1 0
github.com/afittestide/asimi/internal/repo/repo.go:95.8,95.23 1 0
github.com/afittestide/asimi/internal/repo/repo.go:95.23,98.3 1 0
github.com/afittestide/asimi/internal/repo/repo.go:101.2,115.61 3 0
github.com/afittestide/asimi/internal/repo/repo.go:115.61,118.3 1 0
github.com/afittestide/asimi/internal/repo/repo.go:120.2,120.17 1 0
github.com/afittestide/asimi/internal/repo/repo.go:125.39,127.2 1 0
github.com/afittestide/asimi/internal/repo/repo.go:130.35,132.19 2 0
github.com/afittestide/asimi/internal/repo/repo.go:132.19,134.3 1 0
github.com/afittestide/asimi/internal/repo/repo.go:135.2,135.49 1 0
github.com/afittestide/asimi/internal/repo/repo.go:139.34,140.19 1 0
github.com/afittestide/asimi/internal/repo/repo.go:140.19,142.3 1 0
github.com/afittestide/asimi/internal/repo/repo.go:145.2,146.16 2 0
github.com/afittestide/asimi/internal/repo/repo.go:146.16,148.3 1 0
github.com/afittestide/asimi/internal/repo/repo.go:150.2,151.20 2 0
github.com/afittestide/asimi/internal/repo/repo.go:151.20,153.3 1 0
github.com/afittestide/asimi/internal/repo/repo.go:154.2,154.20 1 0
github.com/afittestide/asimi/internal/repo/repo.go:154.20,156.3 1 0
github.com/afittestide/asimi/internal/repo/repo.go:158.2,159.41 2 0
github.com/afittestide/asimi/internal/repo/repo.go:159.41,161.3 1 0
github.com/afittestide/asimi/internal/repo/repo.go:163.2,166.16 3 0
github.com/afittestide/asimi/internal/repo/repo.go:166.16,168.3 1 0
github.com/afittestide/asimi/internal/repo/repo.go:168.8,177.3 7 0
github.com/afittestide/asimi/internal/repo/repo.go:179.2,181.60 3 0
github.com/afittestide/asimi/internal/repo/repo.go:184.49,188.16 2 0
github.com/afittestide/asimi/internal/repo/repo.go:188.16,190.3 1 0
github.com/afittestide/asimi/internal/repo/repo.go:192.2,192.13 1 0
github.com/afittestide/asimi/internal/repo/repo.go:196.43,200.26 4 0
github.com/afittestide/asimi/internal/repo/repo.go:200.26,201.55 1 0
github.com/afittestide/asimi/internal/repo/repo.go:201.55,204.12 3 0
github.com/afittestide/asimi/internal/repo/repo.go:206.3,206.18 1 0
github.com/afittestide/asimi/internal/repo/repo.go:206.18,209.4 2 0
github.com/afittestide/asimi/internal/repo/repo.go:211.2,211.38 1 0
github.com/afittestide/asimi/internal/repo/repo.go:218.59,223.16 3 0
github.com/afittestide/asimi/internal/repo/repo.go:223.16,225.3 1 0
github.com/afittestide/asimi/internal/repo/repo.go:229.2,230.48 2 0
github.com/afittestide/asimi/internal/repo/repo.go:230.48,232.3 1 0
github.com/afittestide/asimi/internal/repo/repo.go:234.2,240.20 3 0
github.com/afittestide/asimi/internal/repo/repo.go:240.20,242.3 1 0
github.com/afittestide/asimi/internal/repo/repo.go:244.2,245.26 2 0
github.com/afittestide/asimi/internal/repo/repo.go:249.38,251.16 2 0
github.com/afittestide/asimi/internal/repo/repo.go:251.16,253.3 1 0
github.com/afittestide/asimi/internal/repo/repo.go:255.2,257.16 3 0
github.com/afittestide/asimi/internal/repo/repo.go:257.16,259.3 1 0
github.com/afittestide/asimi/internal/repo/repo.go:262.2,262.18 1 0
github.com/afittestide/asimi/internal/repo/repo.go:262.18,264.3 1 0
github.com/afittestide/asimi/internal/repo/repo.go:267.2,268.16 2 0
github.com/afittestide/asimi/internal/repo/repo.go:268.16,270.3 1 0
github.com/afittestide/asimi/internal/repo/repo.go:273.2,274.48 2 0
github.com/afittestide/asimi/internal/repo/repo.go:274.48,276.3 1 0
github.com/afittestide/asimi/internal/repo/repo.go:278.2,283.16 4 0
github.com/afittestide/asimi/internal/repo/repo.go:283.16,285.3 1 0
github.com/afittestide/asimi/internal/repo/repo.go:288.2,289.42 2 0
github.com/afittestide/asimi/internal/repo/repo.go:289.42,291.44 2 0
github.com/afittestide/asimi/internal/repo/repo.go:291.44,293.4 1 0
github.com/afittestide/asimi/internal/repo/repo.go:297.2,297.24 1 0
github.com/afittestide/asimi/internal/repo/repo.go:297.24,299.3 1 0
github.com/afittestide/asimi/internal/repo/repo.go:301.2,301.11 1 0
github.com/afittestide/asimi/internal/repo/repo.go:306.39,308.2 1 1
github.com/afittestide/asimi/internal/repo/repo.go:310.53,311.17 1 0
github.com/afittestide/asimi/internal/repo/repo.go:311.17,313.3 1 0
github.com/afittestide/asimi/internal/repo/repo.go:315.2,316.16 2 0
github.com/afittestide/asimi/internal/repo/repo.go:316.16,318.3 1 0
github.com/afittestide/asimi/internal/repo/repo.go:320.2,321.16 2 0
github.com/afittestide/asimi/internal/repo/repo.go:321.16,323.3 1 0
github.com/afittestide/asimi/internal/repo/repo.go:325.2,325.32 1 0
github.com/afittestide/asimi/internal/repo/repo.go:330.45,331.23 1 0
github.com/afittestide/asimi/internal/repo/repo.go:331.23,333.3 1 0
github.com/afittestide/asimi/internal/repo/repo.go:335.2,336.35 2 0
github.com/afittestide/asimi/internal/repo/repo.go:336.35,338.3 1 0
github.com/afittestide/asimi/internal/repo/repo.go:340.2,341.31 2 0
github.com/afittestide/asimi/internal/repo/repo.go:341.31,343.3 1 0
github.com/afittestide/asimi/internal/repo/repo.go:345.2,345.27 1 0
github.com/afittestide/asimi/internal/repo/repo.go:348.68,353.16 4 0
github.com/afittestide/asimi/internal/repo/repo.go:353.16,356.3 2 0
github.com/afittestide/asimi/internal/repo/repo.go:358.2,358.32 1 0
github.com/afittestide/asimi/internal/repo/repo.go:361.64,365.16 4 0
github.com/afittestide/asimi/internal/repo/repo.go:365.16,367.3 1 0
github.com/afittestide/asimi/internal/repo/repo.go:368.2,368.17 1 0
github.com/afittestide/asimi/internal/repo/repo.go:370.50,371.22 1 1
github.com/afittestide/asimi/internal/repo/repo.go:371.22,373.3 1 1
github.com/afittestide/asimi/internal/repo/repo.go:375.2,376.31 2 1
github.com/afittestide/asimi/internal/repo/repo.go:376.31,377.24 1 1
github.com/afittestide/asimi/internal/repo/repo.go:378.49,379.14 1 1
github.com/afittestide/asimi/internal/repo/repo.go:380.34,381.11 1 1
github.com/afittestide/asimi/internal/repo/repo.go:382.22,383.13 1 1
github.com/afittestide/asimi/internal/repo/repo.go:384.22,385.13 1 1
github.com/afittestide/asimi/internal/repo/repo.go:386.24,387.15 1 1
github.com/afittestide/asimi/internal/repo/repo.go:389.3,389.25 1 1
github.com/afittestide/asimi/internal/repo/repo.go:390.49,391.14 1 1
github.com/afittestide/asimi/internal/repo/repo.go:392.34,393.11 1 0
github.com/afittestide/asimi/internal/repo/repo.go:394.22,395.13 1 0
github.com/afittestide/asimi/internal/repo/repo.go:396.22,397.13 1 0
github.com/afittestide/asimi/internal/repo/repo.go:398.24,399.15 1 1
github.com/afittestide/asimi/internal/repo/repo.go:403.2,405.18 3 1
github.com/afittestide/asimi/internal/repo/repo.go:405.18,407.3 1 1
github.com/afittestide/asimi/internal/repo/repo.go:408.2,408.15 1 1
github.com/afittestide/asimi/internal/repo/repo.go:408.15,410.3 1 1
github.com/afittestide/asimi/internal/repo/repo.go:411.2,411.17 1 1
github.com/afittestide/asimi/internal/repo/repo.go:411.17,413.3 1 1
github.com/afittestide/asimi/internal/repo/repo.go:414.2,414.17 1 1
github.com/afittestide/asimi/internal/repo/repo.go:414.17,416.3 1 1
github.com/afittestide/asimi/internal/repo/repo.go:417.2,417.19 1 1
github.com/afittestide/asimi/internal/repo/repo.go:417.19,419.3 1 1
github.com/afittestide/asimi/internal/repo/repo.go:420.2,423.20 3 1
github.com/afittestide/asimi/internal/repo/repo.go:423.20,425.3 1 0
github.com/afittestide/asimi/internal/repo/repo.go:426.2,426.15 1 1
github.com/afittestide/asimi/internal/repo/repo.go:430.60,433.16 3 0
github.com/afittestide/asimi/internal/repo/repo.go:433.16,435.3 1 0
github.com/afittestide/asimi/internal/repo/repo.go:436.2,436.47 1 0
github.com/afittestide/asimi/internal/repo/repo.go:440.57,443.18 3 0
github.com/afittestide/asimi/internal/repo/repo.go:443.18,445.3 1 0
github.com/afittestide/asimi/internal/repo/repo.go:447.2,447.37 1 0
github.com/afittestide/asimi/internal/repo/repo.go:447.37,448.46 1 0
github.com/afittestide/asimi/internal/repo/repo.go:448.46,450.26 2 0
github.com/afittestide/asimi/internal/repo/repo.go:450.26,453.5 2 0
github.com/afittestide/asimi/internal/repo/repo.go:454.4,454.22 1 0
github.com/afittestide/asimi/internal/repo/repo.go:458.2,458.35 1 0
github.com/afittestide/asimi/internal/repo/repo.go:458.35,460.22 2 0
github.com/afittestide/asimi/internal/repo/repo.go:460.22,463.26 3 0
github.com/afittestide/asimi/internal/repo/repo.go:463.26,466.5 2 0
github.com/afittestide/asimi/internal/repo/repo.go:470.2,470.20 1 0
github.com/afittestide/asimi/internal/repo/repo.go:473.46,481.21 6 1
github.com/afittestide/asimi/internal/repo/repo.go:481.21,483.36 2 1
github.com/afittestide/asimi/internal/repo/repo.go:483.36,484.12 1 0
github.com/afittestide/asimi/internal/repo/repo.go:487.3,488.21 2 1
github.com/afittestide/asimi/internal/repo/repo.go:488.21,489.12 1 0
github.com/afittestide/asimi/internal/repo/repo.go:492.3,493.41 2 1
github.com/afittestide/asimi/internal/repo/repo.go:496.2,496.38 1 1
github.com/afittestide/asimi/internal/repo/repo.go:496.38,498.3 1 0
github.com/afittestide/asimi/internal/repo/repo.go:500.2,500.23 1 1
github.com/afittestide/asimi/internal/repo/repo.go:503.40,505.29 2 1
github.com/afittestide/asimi/internal/repo/repo.go:505.29,507.3 1 1
github.com/afittestide/asimi/internal/repo/repo.go:508.2,509.16 2 1
github.com/afittestide/asimi/internal/repo/repo.go:509.16,511.3 1 0
github.com/afittestide/asimi/internal/repo/repo.go:512.2,512.12 1 1
github.com/afittestide/asimi/internal/repo/repo.go:516.69,521.32 3 1
github.com/afittestide/asimi/internal/repo/repo.go:521.32,523.3 1 1
github.com/afittestide/asimi/internal/repo/repo.go:525.2,525.31 1 1
github.com/afittestide/asimi/internal/repo/repo.go:525.31,527.3 1 1
github.com/afittestide/asimi/internal/repo/repo.go:530.2,530.35 1 1
github.com/afittestide/asimi/internal/repo/repo.go:530.35,532.24 2 1
github.com/afittestide/asimi/internal/repo/repo.go:532.24,534.4 1 1
github.com/afittestide/asimi/internal/repo/repo.go:538.2,538.35 1 1
github.com/afittestide/asimi/internal/repo/repo.go:538.35,540.24 2 1
github.com/afittestide/asimi/internal/repo/repo.go:540.24,542.4 1 1
github.com/afittestide/asimi/internal/repo/repo.go:545.2,545.23 1 1
github.com/afittestide/asimi/internal/config/loader.go:23.34,25.2 1 0
github.com/afittestide/asimi/internal/config/loader.go:32.29,34.16 2 0
github.com/afittestide/asimi/internal/config/loader.go:34.16,36.3 1 0
github.com/afittestide/asimi/internal/config/loader.go:37.2,72.3 2 0
github.com/afittestide/asimi/internal/config/loader.go:77.47,79.16 2 1
github.com/afittestide/asimi/internal/config/loader.go:79.16,81.3 1 0
github.com/afittestide/asimi/internal/config/loader.go:82.2,84.29 3 1
github.com/afittestide/asimi/internal/config/loader.go:89.45,91.16 2 1
github.com/afittestide/asimi/internal/config/loader.go:91.16,93.3 1 0
github.com/afittestide/asimi/internal/config/loader.go:96.2,96.44 1 1
github.com/afittestide/asimi/internal/config/loader.go:96.44,98.3 1 1
github.com/afittestide/asimi/internal/config/loader.go:98.8,98.32 1 1
github.com/afittestide/asimi/internal/config/loader.go:98.32,100.3 1 0
github.com/afittestide/asimi/internal/config/loader.go:103.2,103.51 1 1
github.com/afittestide/asimi/internal/config/loader.go:103.51,105.3 1 0
github.com/afittestide/asimi/internal/config/loader.go:107.2,107.81 1 1
github.com/afittestide/asimi/internal/config/loader.go:107.81,109.3 1 0
github.com/afittestide/asimi/internal/config/loader.go:111.2,112.18 2 1
github.com/afittestide/asimi/internal/config/loader.go:116.36,121.16 3 0
github.com/afittestide/asimi/internal/config/loader.go:121.16,123.3 1 0
github.com/afittestide/asimi/internal/config/loader.go:123.8,125.83 2 0
github.com/afittestide/asimi/internal/config/loader.go:125.83,127.4 1 0
github.com/afittestide/asimi/internal/config/loader.go:130.2,131.54 2 0
github.com/afittestide/asimi/internal/config/loader.go:131.54,132.86 1 0
github.com/afittestide/asimi/internal/config/loader.go:132.86,134.4 1 0
github.com/afittestide/asimi/internal/config/loader.go:135.8,135.32 1 0
github.com/afittestide/asimi/internal/config/loader.go:135.32,137.3 1 0
github.com/afittestide/asimi/internal/config/loader.go:142.2,144.56 1 0
github.com/afittestide/asimi/internal/config/loader.go:144.56,149.4 2 0
github.com/afittestide/asimi/internal/config/loader.go:150.23,152.3 1 0
github.com/afittestide/asimi/internal/config/loader.go:156.2,156.75 1 0
github.com/afittestide/asimi/internal/config/loader.go:156.75,157.64 1 0
github.com/afittestide/asimi/internal/config/loader.go:157.64,158.58 1 0
github.com/afittestide/asimi/internal/config/loader.go:158.58,160.5 1 0
github.com/afittestide/asimi/internal/config/loader.go:165.2,165.78 1 0
github.com/afittestide/asimi/internal/config/loader.go:165.78,166.73 1 0
github.com/afittestide/asimi/internal/config/loader.go:166.73,167.61 1 0
github.com/afittestide/asimi/internal/config/loader.go:167.61,169.5 1 0
github.com/afittestide/asimi/internal/config/loader.go:174.2,175.49 2 0
github.com/afittestide/asimi/internal/config/loader.go:175.49,177.3 1 0
github.com/afittestide/asimi/internal/config/loader.go:181.2,181.34 1 0
github.com/afittestide/asimi/internal/config/loader.go:181.34,183.3 1 0
github.com/afittestide/asimi/internal/config/loader.go:187.2,187.31 1 0
github.com/afittestide/asimi/internal/config/loader.go:187.31,188.73 1 0
github.com/afittestide/asimi/internal/config/loader.go:188.73,193.4 4 0
github.com/afittestide/asimi/internal/config/loader.go:193.9,193.71 1 0
github.com/afittestide/asimi/internal/config/loader.go:193.71,198.4 4 0
github.com/afittestide/asimi/internal/config/loader.go:198.9,198.71 1 0
github.com/afittestide/asimi/internal/config/loader.go:198.71,203.4 4 0
github.com/afittestide/asimi/internal/config/loader.go:203.9,203.71 1 0
github.com/afittestide/asimi/internal/config/loader.go:203.71,208.4 4 0
github.com/afittestide/asimi/internal/config/loader.go:212.2,212.58 1 0
github.com/afittestide/asimi/internal/config/loader.go:212.58,213.30 1 0
github.com/afittestide/asimi/internal/config/loader.go:214.20,215.56 1 0
github.com/afittestide/asimi/internal/config/loader.go:215.56,217.5 1 0
github.com/afittestide/asimi/internal/config/loader.go:218.17,219.53 1 0
github.com/afittestide/asimi/internal/config/loader.go:219.53,221.5 1 0
github.com/afittestide/asimi/internal/config/loader.go:222.19,223.53 1 0
github.com/afittestide/asimi/internal/config/loader.go:223.53,225.5 1 0
github.com/afittestide/asimi/internal/config/loader.go:225.10,225.60 1 0
github.com/afittestide/asimi/internal/config/loader.go:225.60,227.5 1 0
github.com/afittestide/asimi/internal/config/loader.go:231.2,231.21 1 0
github.com/afittestide/asimi/internal/config/loader.go:236.36,238.16 2 0
github.com/afittestide/asimi/internal/config/loader.go:238.16,240.3 1 0
github.com/afittestide/asimi/internal/config/loader.go:241.2,244.58 3 0
github.com/afittestide/asimi/internal/config/loader.go:244.58,246.3 1 0
github.com/afittestide/asimi/internal/config/loader.go:248.2,252.73 3 0
github.com/afittestide/asimi/internal/config/loader.go:252.73,254.3 1 0
github.com/afittestide/asimi/internal/config/loader.go:256.2,256.77 1 0
github.com/afittestide/asimi/internal/config/loader.go:256.77,258.3 1 0
github.com/afittestide/asimi/internal/config/loader.go:260.2,260.12 1 0
github.com/afittestide/asimi/internal/config/loader.go:267.66,268.27 1 0
github.com/afittestide/asimi/internal/config/loader.go:268.27,270.3 1 0
github.com/afittestide/asimi/internal/config/loader.go:272.2,273.54 2 0
github.com/afittestide/asimi/internal/config/loader.go:273.54,275.3 1 0
github.com/afittestide/asimi/internal/config/loader.go:278.2,279.61 2 0
github.com/afittestide/asimi/internal/config/loader.go:279.61,281.3 1 0
github.com/afittestide/asimi/internal/config/loader.go:284.2,284.41 1 0
github.com/afittestide/asimi/internal/config/loader.go:284.41,288.3 3 0
github.com/afittestide/asimi/internal/config/loader.go:290.2,290.80 1 0
github.com/afittestide/asimi/internal/config/loader.go:290.80,292.3 1 0
github.com/afittestide/asimi/internal/config/loader.go:294.2,294.12 1 0
github.com/afittestide/asimi/internal/config/loader.go:298.42,299.40 1 1
github.com/afittestide/asimi/internal/config/loader.go:299.40,301.3 1 1
github.com/afittestide/asimi/internal/config/loader.go:302.2,302.17 1 1
github.com/afittestide/asimi/internal/config/toml.go:15.40,20.2 3 1
github.com/afittestide/asimi/internal/config/toml.go:27.77,35.29 5 1
github.com/afittestide/asimi/internal/config/toml.go:35.29,36.25 1 1
github.com/afittestide/asimi/internal/config/toml.go:36.25,37.40 1 1
github.com/afittestide/asimi/internal/config/toml.go:37.40,39.5 1 1
github.com/afittestide/asimi/internal/config/toml.go:40.9,42.44 1 1
github.com/afittestide/asimi/internal/config/toml.go:42.44,44.10 2 1
github.com/afittestide/asimi/internal/config/toml.go:49.2,49.53 1 1
github.com/afittestide/asimi/internal/config/toml.go:54.77,57.12 3 1
github.com/afittestide/asimi/internal/config/toml.go:57.12,59.3 1 1
github.com/afittestide/asimi/internal/config/toml.go:64.2,66.49 2 1
github.com/afittestide/asimi/internal/config/toml.go:66.49,68.69 2 1
github.com/afittestide/asimi/internal/config/toml.go:68.69,75.4 3 1
github.com/afittestide/asimi/internal/config/toml.go:78.2,78.23 1 1
github.com/afittestide/asimi/internal/config/toml.go:83.66,86.12 3 1
github.com/afittestide/asimi/internal/config/toml.go:86.12,88.3 1 1
github.com/afittestide/asimi/internal/config/toml.go:91.2,94.49 2 1
github.com/afittestide/asimi/internal/config/toml.go:94.49,96.56 2 1
github.com/afittestide/asimi/internal/config/toml.go:96.56,98.9 2 1
github.com/afittestide/asimi/internal/config/toml.go:103.2,103.60 1 1
github.com/afittestide/asimi/internal/config/toml.go:103.60,105.3 1 0
github.com/afittestide/asimi/internal/config/toml.go:105.8,105.35 1 1
github.com/afittestide/asimi/internal/config/toml.go:105.35,107.50 1 1
github.com/afittestide/asimi/internal/config/toml.go:107.50,109.57 2 1
github.com/afittestide/asimi/internal/config/toml.go:109.57,110.10 1 1
github.com/afittestide/asimi/internal/config/toml.go:112.4,112.25 1 1
github.com/afittestide/asimi/internal/config/toml.go:112.25,114.5 1 1
github.com/afittestide/asimi/internal/config/toml.go:118.2,126.37 6 1
github.com/afittestide/asimi/internal/config/toml.go:131.57,134.12 3 1
github.com/afittestide/asimi/internal/config/toml.go:134.12,136.3 1 0
github.com/afittestide/asimi/internal/config/toml.go:139.2,141.49 2 1
github.com/afittestide/asimi/internal/config/toml.go:141.49,142.39 1 1
github.com/afittestide/asimi/internal/config/toml.go:142.39,148.4 4 1
github.com/afittestide/asimi/internal/config/toml.go:151.2,151.16 1 1
github.com/afittestide/asimi/internal/config/toml.go:157.56,160.11 3 1
github.com/afittestide/asimi/internal/config/toml.go:160.11,162.3 1 1
github.com/afittestide/asimi/internal/config/toml.go:165.2,169.59 3 1
github.com/afittestide/asimi/internal/config/toml.go:169.59,171.3 1 1
github.com/afittestide/asimi/internal/config/toml.go:173.2,173.61 1 1
github.com/afittestide/asimi/internal/config/toml.go:173.61,175.3 1 1
github.com/afittestide/asimi/internal/config/toml.go:177.2,178.24 2 1
github.com/afittestide/asimi/internal/config/toml.go:183.74,189.11 3 1
github.com/afittestide/asimi/internal/config/toml.go:189.11,191.3 1 1
github.com/afittestide/asimi/internal/config/toml.go:194.2,194.54 1 1
github.com/afittestide/asimi/internal/config/types.go:120.48,122.42 2 0
github.com/afittestide/asimi/internal/config/types.go:122.42,124.3 1 0
github.com/afittestide/asimi/internal/config/types.go:125.2,129.3 1 0
github.com/afittestide/asimi/internal/config/types.go:133.44,137.62 2 0
github.com/afittestide/asimi/internal/config/types.go:137.62,139.3 1 0
github.com/afittestide/asimi/internal/config/types.go:142.2,143.85 2 0
github.com/afittestide/asimi/internal/config/types.go:143.85,145.3 1 0
github.com/afittestide/asimi/internal/config/types.go:148.2,148.43 1 0
github.com/afittestide/asimi/internal/config/types.go:148.43,150.3 1 0
github.com/afittestide/asimi/internal/config/types.go:152.2,152.12 1 0
github.com/afittestide/asimi/internal/utils/asimi_version.go:20.28,22.2 1 0
github.com/afittestide/asimi/internal/utils/asimi_version.go:25.53,29.2 2 1
github.com/afittestide/asimi/internal/utils/asimi_version.go:32.59,36.16 4 0
github.com/afittestide/asimi/internal/utils/asimi_version.go:36.16,38.3 1 0
github.com/afittestide/asimi/internal/utils/asimi_version.go:40.2,40.12 1 0
github.com/afittestide/asimi/internal/utils/asimi_version.go:40.12,42.3 1 0
github.com/afittestide/asimi/internal/utils/asimi_version.go:44.2,45.16 2 0
github.com/afittestide/asimi/internal/utils/asimi_version.go:45.16,47.3 1 0
github.com/afittestide/asimi/internal/utils/asimi_version.go:49.2,49.33 1 0
github.com/afittestide/asimi/internal/utils/asimi_version.go:49.33,52.3 2 0
github.com/afittestide/asimi/internal/utils/asimi_version.go:54.2,54.26 1 0
github.com/afittestide/asimi/internal/utils/messages.go:25.57,30.2 1 0
github.com/afittestide/asimi/internal/utils/messages.go:33.66,36.2 2 0
github.com/afittestide/asimi/internal/utils/messages.go:39.87,42.2 2 0
github.com/afittestide/asimi/internal/utils/messages.go:46.65,47.24 1 0
github.com/afittestide/asimi/internal/utils/messages.go:47.24,49.3 1 0
github.com/afittestide/asimi/internal/utils/messages.go:50.2,52.10 3 0
github.com/afittestide/asimi/internal/utils/messages.go:56.89,61.2 4 0
github.com/afittestide/asimi/internal/utils/messages.go:66.43,69.29 2 0
github.com/afittestide/asimi/internal/utils/messages.go:69.29,71.3 1 0
github.com/afittestide/asimi/internal/utils/messages.go:73.2,73.21 1 0
github.com/afittestide/asimi/internal/utils/messages.go:73.21,75.3 1 0
github.com/afittestide/asimi/internal/utils/messages.go:77.2,77.21 1 0
github.com/afittestide/asimi/internal/utils/messages.go:77.21,79.3 1 0
github.com/afittestide/asimi/internal/utils/messages.go:81.2,85.36 4 0
github.com/afittestide/asimi/internal/utils/messages.go:85.36,89.3 3 0
github.com/afittestide/asimi/internal/utils/messages.go:91.2,95.24 4 0
github.com/afittestide/asimi/internal/runners/host.go:18.34,20.2 1 1
github.com/afittestide/asimi/internal/runners/host.go:22.60,24.2 1 1
github.com/afittestide/asimi/internal/runners/host.go:26.76,30.27 2 1
github.com/afittestide/asimi/internal/runners/host.go:30.27,32.17 2 1
github.com/afittestide/asimi/internal/runners/host.go:32.17,36.4 3 1
github.com/afittestide/asimi/internal/runners/host.go:38.3,38.16 1 1
github.com/afittestide/asimi/internal/runners/host.go:38.16,42.4 3 1
github.com/afittestide/asimi/internal/runners/host.go:45.2,46.31 2 1
github.com/afittestide/asimi/internal/runners/host.go:46.31,48.3 1 0
github.com/afittestide/asimi/internal/runners/host.go:48.8,50.3 1 1
github.com/afittestide/asimi/internal/runners/host.go:52.2,61.19 6 1
github.com/afittestide/asimi/internal/runners/host.go:61.19,62.23 1 1
github.com/afittestide/asimi/internal/runners/host.go:62.23,65.4 2 1
github.com/afittestide/asimi/internal/runners/host.go:66.3,66.50 1 1
github.com/afittestide/asimi/internal/runners/host.go:66.50,68.4 1 1
github.com/afittestide/asimi/internal/runners/host.go:68.9,70.4 1 0
github.com/afittestide/asimi/internal/runners/host.go:71.8,72.30 1 1
github.com/afittestide/asimi/internal/runners/host.go:72.30,74.4 1 1
github.com/afittestide/asimi/internal/runners/host.go:74.9,76.4 1 0
github.com/afittestide/asimi/internal/runners/host.go:79.2,79.20 1 1
github.com/afittestide/asimi/internal/runners/host.go:82.57,85.2 1 1
github.com/afittestide/asimi/internal/runners/host.go:87.55,90.2 1 1
github.com/afittestide/asimi/internal/runners/host.go:92.42,94.2 1 1
github.com/afittestide/asimi/internal/runners/host.go:96.49,97.2 0 0
github.com/afittestide/asimi/internal/runners/host.go:100.89,101.22 1 1
github.com/afittestide/asimi/internal/runners/host.go:101.22,105.3 2 1
github.com/afittestide/asimi/internal/runners/host.go:107.2,114.9 3 1
github.com/afittestide/asimi/internal/runners/host.go:115.28,115.28 0 1
github.com/afittestide/asimi/internal/runners/host.go:117.20,118.26 1 0
github.com/afittestide/asimi/internal/runners/host.go:122.2,122.9 1 1
github.com/afittestide/asimi/internal/runners/host.go:123.34,124.23 1 1
github.com/afittestide/asimi/internal/runners/host.go:125.20,126.26 1 0
github.com/afittestide/asimi/internal/runners/image.go:12.47,18.16 5 0
github.com/afittestide/asimi/internal/runners/image.go:18.16,21.3 2 0
github.com/afittestide/asimi/internal/runners/image.go:23.2,24.13 2 0
github.com/afittestide/asimi/internal/runners/podman.go:53.90,57.21 3 1
github.com/afittestide/asimi/internal/runners/podman.go:57.21,59.3 1 1
github.com/afittestide/asimi/internal/runners/podman.go:61.2,71.3 1 1
github.com/afittestide/asimi/internal/runners/podman.go:74.62,76.2 1 0
github.com/afittestide/asimi/internal/runners/podman.go:78.62,85.20 5 0
github.com/afittestide/asimi/internal/runners/podman.go:85.20,88.17 3 0
github.com/afittestide/asimi/internal/runners/podman.go:88.17,90.4 1 0
github.com/afittestide/asimi/internal/runners/podman.go:91.3,94.46 4 0
github.com/afittestide/asimi/internal/runners/podman.go:97.2,98.25 2 0
github.com/afittestide/asimi/internal/runners/podman.go:98.25,103.17 4 0
github.com/afittestide/asimi/internal/runners/podman.go:103.17,104.33 1 0
github.com/afittestide/asimi/internal/runners/podman.go:104.33,109.5 4 0
github.com/afittestide/asimi/internal/runners/podman.go:109.10,111.74 2 0
github.com/afittestide/asimi/internal/runners/podman.go:111.74,113.6 1 0
github.com/afittestide/asimi/internal/runners/podman.go:114.5,117.18 4 0
github.com/afittestide/asimi/internal/runners/podman.go:119.9,121.49 2 0
github.com/afittestide/asimi/internal/runners/podman.go:121.49,123.5 1 0
github.com/afittestide/asimi/internal/runners/podman.go:124.4,129.24 4 0
github.com/afittestide/asimi/internal/runners/podman.go:129.24,132.5 1 0
github.com/afittestide/asimi/internal/runners/podman.go:134.8,137.3 2 0
github.com/afittestide/asimi/internal/runners/podman.go:139.2,143.20 4 0
github.com/afittestide/asimi/internal/runners/podman.go:143.20,149.13 4 0
github.com/afittestide/asimi/internal/runners/podman.go:149.13,151.111 2 0
github.com/afittestide/asimi/internal/runners/podman.go:151.111,160.5 8 0
github.com/afittestide/asimi/internal/runners/podman.go:160.10,162.5 1 0
github.com/afittestide/asimi/internal/runners/podman.go:165.3,178.36 10 0
github.com/afittestide/asimi/internal/runners/podman.go:178.36,180.4 1 0
github.com/afittestide/asimi/internal/runners/podman.go:180.9,182.4 1 0
github.com/afittestide/asimi/internal/runners/podman.go:183.3,184.67 2 0
github.com/afittestide/asimi/internal/runners/podman.go:184.67,186.4 1 0
github.com/afittestide/asimi/internal/runners/podman.go:189.2,190.12 2 0
github.com/afittestide/asimi/internal/runners/podman.go:193.90,197.16 3 0
github.com/afittestide/asimi/internal/runners/podman.go:197.16,199.3 1 0
github.com/afittestide/asimi/internal/runners/podman.go:201.2,203.48 3 0
github.com/afittestide/asimi/internal/runners/podman.go:203.48,205.17 2 0
github.com/afittestide/asimi/internal/runners/podman.go:205.17,208.4 2 0
github.com/afittestide/asimi/internal/runners/podman.go:209.3,209.65 1 0
github.com/afittestide/asimi/internal/runners/podman.go:212.2,214.16 3 0
github.com/afittestide/asimi/internal/runners/podman.go:214.16,217.3 2 0
github.com/afittestide/asimi/internal/runners/podman.go:218.2,223.16 5 0
github.com/afittestide/asimi/internal/runners/podman.go:223.16,226.17 3 0
github.com/afittestide/asimi/internal/runners/podman.go:226.17,229.4 2 0
github.com/afittestide/asimi/internal/runners/podman.go:232.2,233.18 2 0
github.com/afittestide/asimi/internal/runners/podman.go:236.53,248.21 9 0
github.com/afittestide/asimi/internal/runners/podman.go:248.21,252.54 3 0
github.com/afittestide/asimi/internal/runners/podman.go:252.54,254.23 2 0
github.com/afittestide/asimi/internal/runners/podman.go:254.23,255.69 1 0
github.com/afittestide/asimi/internal/runners/podman.go:255.69,259.14 4 0
github.com/afittestide/asimi/internal/runners/podman.go:264.3,264.66 1 0
github.com/afittestide/asimi/internal/runners/podman.go:264.66,267.23 3 0
github.com/afittestide/asimi/internal/runners/podman.go:267.23,269.5 1 0
github.com/afittestide/asimi/internal/runners/podman.go:270.4,273.51 3 0
github.com/afittestide/asimi/internal/runners/podman.go:273.51,279.5 5 0
github.com/afittestide/asimi/internal/runners/podman.go:280.4,285.12 5 0
github.com/afittestide/asimi/internal/runners/podman.go:288.3,288.16 1 0
github.com/afittestide/asimi/internal/runners/podman.go:288.16,289.24 1 0
github.com/afittestide/asimi/internal/runners/podman.go:289.24,291.5 1 0
github.com/afittestide/asimi/internal/runners/podman.go:292.4,292.28 1 0
github.com/afittestide/asimi/internal/runners/podman.go:296.2,296.38 1 0
github.com/afittestide/asimi/internal/runners/podman.go:296.38,298.3 1 0
github.com/afittestide/asimi/internal/runners/podman.go:300.2,301.33 2 0
github.com/afittestide/asimi/internal/runners/podman.go:301.33,302.22 1 0
github.com/afittestide/asimi/internal/runners/podman.go:302.22,305.11 3 0
github.com/afittestide/asimi/internal/runners/podman.go:306.21,306.21 0 0
github.com/afittestide/asimi/internal/runners/podman.go:307.12,309.68 2 0
github.com/afittestide/asimi/internal/runners/podman.go:313.2,315.36 2 0
github.com/afittestide/asimi/internal/runners/podman.go:318.67,325.17 6 0
github.com/afittestide/asimi/internal/runners/podman.go:325.17,327.3 1 0
github.com/afittestide/asimi/internal/runners/podman.go:329.2,332.47 4 0
github.com/afittestide/asimi/internal/runners/podman.go:332.47,333.40 1 0
github.com/afittestide/asimi/internal/runners/podman.go:333.40,335.4 1 0
github.com/afittestide/asimi/internal/runners/podman.go:338.2,343.16 5 0
github.com/afittestide/asimi/internal/runners/podman.go:343.16,345.3 1 0
github.com/afittestide/asimi/internal/runners/podman.go:347.2,357.46 3 0
github.com/afittestide/asimi/internal/runners/podman.go:357.46,364.3 2 0
github.com/afittestide/asimi/internal/runners/podman.go:366.2,370.16 4 0
github.com/afittestide/asimi/internal/runners/podman.go:370.16,372.3 1 0
github.com/afittestide/asimi/internal/runners/podman.go:373.2,376.73 3 0
github.com/afittestide/asimi/internal/runners/podman.go:376.73,378.3 1 0
github.com/afittestide/asimi/internal/runners/podman.go:379.2,381.12 2 0
github.com/afittestide/asimi/internal/runners/podman.go:384.78,387.42 2 0
github.com/afittestide/asimi/internal/runners/podman.go:387.42,389.43 2 0
github.com/afittestide/asimi/internal/runners/podman.go:389.43,392.4 2 0
github.com/afittestide/asimi/internal/runners/podman.go:393.3,393.41 1 0
github.com/afittestide/asimi/internal/runners/podman.go:396.2,415.16 14 0
github.com/afittestide/asimi/internal/runners/podman.go:415.16,421.3 5 0
github.com/afittestide/asimi/internal/runners/podman.go:422.2,425.33 3 0
github.com/afittestide/asimi/internal/runners/podman.go:425.33,427.3 1 0
github.com/afittestide/asimi/internal/runners/podman.go:428.2,431.9 3 0
github.com/afittestide/asimi/internal/runners/podman.go:432.19,433.47 1 0
github.com/afittestide/asimi/internal/runners/podman.go:434.29,443.9 5 0
github.com/afittestide/asimi/internal/runners/podman.go:446.2,456.20 7 0
github.com/afittestide/asimi/internal/runners/podman.go:459.59,465.24 4 0
github.com/afittestide/asimi/internal/runners/podman.go:465.24,468.3 2 0
github.com/afittestide/asimi/internal/runners/podman.go:469.2,469.25 1 0
github.com/afittestide/asimi/internal/runners/podman.go:469.25,472.3 2 0
github.com/afittestide/asimi/internal/runners/podman.go:474.2,475.33 2 0
github.com/afittestide/asimi/internal/runners/podman.go:475.33,476.10 1 0
github.com/afittestide/asimi/internal/runners/podman.go:477.20,477.20 0 0
github.com/afittestide/asimi/internal/runners/podman.go:478.11,479.20 1 0
github.com/afittestide/asimi/internal/runners/podman.go:481.3,482.65 2 0
github.com/afittestide/asimi/internal/runners/podman.go:484.2,487.22 2 0
github.com/afittestide/asimi/internal/runners/podman.go:487.22,491.23 4 0
github.com/afittestide/asimi/internal/runners/podman.go:491.23,493.4 1 0
github.com/afittestide/asimi/internal/runners/podman.go:496.2,497.12 2 0
github.com/afittestide/asimi/internal/runners/podman.go:500.57,506.24 4 0
github.com/afittestide/asimi/internal/runners/podman.go:506.24,511.3 4 0
github.com/afittestide/asimi/internal/runners/podman.go:512.2,512.25 1 0
github.com/afittestide/asimi/internal/runners/podman.go:512.25,515.3 2 0
github.com/afittestide/asimi/internal/runners/podman.go:517.2,520.41 3 0
github.com/afittestide/asimi/internal/runners/podman.go:520.41,523.110 3 0
github.com/afittestide/asimi/internal/runners/podman.go:523.110,525.4 1 0
github.com/afittestide/asimi/internal/runners/podman.go:527.3,527.19 1 0
github.com/afittestide/asimi/internal/runners/podman.go:527.19,534.19 4 0
github.com/afittestide/asimi/internal/runners/podman.go:534.19,536.5 1 0
github.com/afittestide/asimi/internal/runners/podman.go:536.10,538.5 1 0
github.com/afittestide/asimi/internal/runners/podman.go:539.9,542.4 2 0
github.com/afittestide/asimi/internal/runners/podman.go:545.2,548.12 3 0
github.com/afittestide/asimi/internal/runners/podman.go:551.44,553.2 1 1
github.com/afittestide/asimi/internal/runners/podman.go:556.45,559.24 3 0
github.com/afittestide/asimi/internal/runners/podman.go:559.24,561.3 1 0
github.com/afittestide/asimi/internal/runners/podman.go:562.2,562.11 1 0
github.com/afittestide/asimi/internal/runners/podman.go:566.46,570.2 3 0
github.com/afittestide/asimi/internal/runners/podman.go:573.50,575.2 1 0
github.com/afittestide/asimi/internal/runners/runner.go:72.44,74.2 1 0
github.com/afittestide/asimi/internal/runners/runner.go:81.48,83.2 1 0
github.com/afittestide/asimi/internal/runners/runner.go:88.45,90.2 1 0
github.com/afittestide/asimi/internal/runners/runner.go:92.69,98.21 4 0
github.com/afittestide/asimi/internal/runners/runner.go:98.21,100.3 1 0
github.com/afittestide/asimi/internal/runners/runner.go:103.2,103.34 1 0
github.com/afittestide/asimi/internal/runners/runner.go:103.34,106.3 2 0
github.com/afittestide/asimi/internal/runners/runner.go:106.8,108.3 1 0
github.com/afittestide/asimi/internal/runners/runner.go:109.2,109.15 1 0
github.com/afittestide/asimi/internal/runners/runner.go:111.61,116.2 4 0
github.com/afittestide/asimi/internal/runners/runner.go:120.52,121.41 1 1
github.com/afittestide/asimi/internal/runners/runner.go:121.41,123.3 1 1
github.com/afittestide/asimi/internal/runners/runner.go:125.2,126.22 2 1
github.com/afittestide/asimi/internal/runners/runner.go:126.22,130.3 2 1
github.com/afittestide/asimi/internal/runners/runner.go:133.2,134.13 2 1
github.com/afittestide/asimi/internal/runners/runner.go:134.13,136.3 1 0
github.com/afittestide/asimi/internal/runners/runner.go:137.2,138.15 2 1
github.com/afittestide/asimi/internal/runners/runner.go:138.15,142.36 4 1
github.com/afittestide/asimi/internal/runners/runner.go:142.36,145.4 2 1
github.com/afittestide/asimi/internal/runners/runner.go:145.9,147.4 1 1
github.com/afittestide/asimi/internal/runners/runner.go:150.2,153.46 2 1
github.com/afittestide/asimi/internal/runners/runner.go:156.36,158.26 2 1
github.com/afittestide/asimi/internal/runners/runner.go:158.26,160.3 1 1
github.com/afittestide/asimi/internal/runners/runner.go:161.2,161.10 1 1
github.com/afittestide/asimi/internal/runners/scheduler.go:65.68,72.2 1 1
github.com/afittestide/asimi/internal/runners/scheduler.go:76.75,81.2 4 0
github.com/afittestide/asimi/internal/runners/scheduler.go:84.106,103.21 10 1
github.com/afittestide/asimi/internal/runners/scheduler.go:103.21,105.3 1 1
github.com/afittestide/asimi/internal/runners/scheduler.go:106.2,108.19 2 1
github.com/afittestide/asimi/internal/runners/scheduler.go:111.44,112.35 1 1
github.com/afittestide/asimi/internal/runners/scheduler.go:112.35,115.3 2 1
github.com/afittestide/asimi/internal/runners/scheduler.go:116.2,122.21 5 1
github.com/afittestide/asimi/internal/runners/scheduler.go:122.21,124.3 1 1
github.com/afittestide/asimi/internal/runners/scheduler.go:126.2,126.12 1 1
github.com/afittestide/asimi/internal/runners/scheduler.go:126.12,138.17 6 1
github.com/afittestide/asimi/internal/runners/scheduler.go:138.17,141.23 3 0
github.com/afittestide/asimi/internal/runners/scheduler.go:141.23,143.5 1 0
github.com/afittestide/asimi/internal/runners/scheduler.go:144.4,144.25 1 0
github.com/afittestide/asimi/internal/runners/scheduler.go:144.25,146.5 1 0
github.com/afittestide/asimi/internal/runners/scheduler.go:147.9,150.23 3 1
github.com/afittestide/asimi/internal/runners/scheduler.go:150.23,152.5 1 1
github.com/afittestide/asimi/internal/runners/scheduler.go:153.4,153.25 1 1
github.com/afittestide/asimi/internal/runners/scheduler.go:153.25,155.5 1 1
github.com/afittestide/asimi/internal/runners/scheduler.go:157.3,157.24 1 1
github.com/afittestide/asimi/internal/runners/scheduler.go:157.24,160.4 2 1
github.com/afittestide/asimi/internal/runners/scheduler.go:162.3,163.19 2 1
github.com/afittestide/asimi/internal/runners/scheduler.go:170.47,172.2 1 0
github.com/afittestide/asimi/internal/runners/scheduler.go:177.46,182.23 4 1
github.com/afittestide/asimi/internal/runners/scheduler.go:182.23,185.3 2 1
github.com/afittestide/asimi/internal/runners/scheduler.go:187.2,192.31 3 1
github.com/afittestide/asimi/internal/runners/scheduler.go:192.31,197.22 3 1
github.com/afittestide/asimi/internal/runners/scheduler.go:197.22,199.4 1 1
github.com/afittestide/asimi/internal/runners/scheduler.go:202.3,202.59 1 1
github.com/afittestide/asimi/internal/runners/scheduler.go:202.59,206.4 3 1
github.com/afittestide/asimi/internal/runners/scheduler.go:210.2,213.21 3 1
github.com/afittestide/asimi/chat.go:102.55,107.2 1 0
github.com/afittestide/asimi/chat.go:110.64,113.2 2 0
github.com/afittestide/asimi/chat.go:116.85,119.2 2 0
github.com/afittestide/asimi/chat.go:123.63,124.24 1 0
github.com/afittestide/asimi/chat.go:124.24,126.3 1 0
github.com/afittestide/asimi/chat.go:127.2,129.10 3 0
github.com/afittestide/asimi/chat.go:133.87,138.2 4 0
github.com/afittestide/asimi/chat.go:143.42,146.29 2 0
github.com/afittestide/asimi/chat.go:146.29,148.3 1 0
github.com/afittestide/asimi/chat.go:150.2,150.21 1 0
github.com/afittestide/asimi/chat.go:150.21,152.3 1 0
github.com/afittestide/asimi/chat.go:154.2,154.21 1 0
github.com/afittestide/asimi/chat.go:154.21,156.3 1 0
github.com/afittestide/asimi/chat.go:158.2,162.36 4 0
github.com/afittestide/asimi/chat.go:162.36,166.3 3 0
github.com/afittestide/asimi/chat.go:168.2,172.24 4 0
github.com/afittestide/asimi/chat.go:176.79,177.82 1 1
github.com/afittestide/asimi/chat.go:177.82,177.101 1 0
github.com/afittestide/asimi/chat.go:180.114,185.21 3 1
github.com/afittestide/asimi/chat.go:185.21,194.3 4 1
github.com/afittestide/asimi/chat.go:196.2,218.12 3 1
github.com/afittestide/asimi/chat.go:223.33,233.2 9 1
github.com/afittestide/asimi/chat.go:236.52,242.16 4 1
github.com/afittestide/asimi/chat.go:242.16,244.3 1 0
github.com/afittestide/asimi/chat.go:245.2,248.19 4 1
github.com/afittestide/asimi/chat.go:252.48,255.2 2 1
github.com/afittestide/asimi/chat.go:258.52,262.21 3 1
github.com/afittestide/asimi/chat.go:262.21,265.3 2 1
github.com/afittestide/asimi/chat.go:269.50,271.80 1 1
github.com/afittestide/asimi/chat.go:271.80,273.3 1 0
github.com/afittestide/asimi/chat.go:273.8,280.3 1 1
github.com/afittestide/asimi/chat.go:281.2,282.21 2 1
github.com/afittestide/asimi/chat.go:282.21,285.3 2 1
github.com/afittestide/asimi/chat.go:289.53,296.21 3 1
github.com/afittestide/asimi/chat.go:296.21,299.3 2 1
github.com/afittestide/asimi/chat.go:303.56,304.36 1 0
github.com/afittestide/asimi/chat.go:304.36,306.3 1 0
github.com/afittestide/asimi/chat.go:308.2,308.86 1 0
github.com/afittestide/asimi/chat.go:308.86,310.3 1 0
github.com/afittestide/asimi/chat.go:310.8,317.3 1 0
github.com/afittestide/asimi/chat.go:318.2,319.21 2 0
github.com/afittestide/asimi/chat.go:319.21,322.3 2 0
github.com/afittestide/asimi/chat.go:326.50,328.10 2 1
github.com/afittestide/asimi/chat.go:328.10,332.3 3 1
github.com/afittestide/asimi/chat.go:333.2,333.27 1 0
github.com/afittestide/asimi/chat.go:333.27,336.3 2 0
github.com/afittestide/asimi/chat.go:340.47,342.2 1 1
github.com/afittestide/asimi/chat.go:345.44,348.2 2 0
github.com/afittestide/asimi/chat.go:351.46,353.27 2 0
github.com/afittestide/asimi/chat.go:353.27,355.22 2 0
github.com/afittestide/asimi/chat.go:355.22,357.4 1 0
github.com/afittestide/asimi/chat.go:358.8,360.3 1 0
github.com/afittestide/asimi/chat.go:364.40,367.2 2 0
github.com/afittestide/asimi/chat.go:370.42,372.27 2 0
github.com/afittestide/asimi/chat.go:372.27,374.22 2 0
github.com/afittestide/asimi/chat.go:374.22,376.4 1 0
github.com/afittestide/asimi/chat.go:377.8,379.3 1 0
github.com/afittestide/asimi/chat.go:383.39,386.2 2 1
github.com/afittestide/asimi/chat.go:389.42,395.2 3 1
github.com/afittestide/asimi/chat.go:398.43,401.2 2 0
github.com/afittestide/asimi/chat.go:404.45,406.27 2 0
github.com/afittestide/asimi/chat.go:406.27,408.22 2 0
github.com/afittestide/asimi/chat.go:408.22,410.4 1 0
github.com/afittestide/asimi/chat.go:411.8,413.3 1 0
github.com/afittestide/asimi/chat.go:417.62,430.2 2 0
github.com/afittestide/asimi/chat.go:433.74,437.20 2 0
github.com/afittestide/asimi/chat.go:437.20,440.3 2 0
github.com/afittestide/asimi/chat.go:442.2,444.22 2 0
github.com/afittestide/asimi/chat.go:444.22,446.3 1 0
github.com/afittestide/asimi/chat.go:448.2,448.21 1 0
github.com/afittestide/asimi/chat.go:448.21,451.3 1 0
github.com/afittestide/asimi/chat.go:451.8,451.32 1 0
github.com/afittestide/asimi/chat.go:451.32,453.3 1 0
github.com/afittestide/asimi/chat.go:455.2,455.39 1 0
github.com/afittestide/asimi/chat.go:458.44,459.16 1 0
github.com/afittestide/asimi/chat.go:459.16,461.3 1 0
github.com/afittestide/asimi/chat.go:463.2,465.49 3 0
github.com/afittestide/asimi/chat.go:465.49,467.3 1 0
github.com/afittestide/asimi/chat.go:468.2,468.14 1 0
github.com/afittestide/asimi/chat.go:471.46,472.21 1 0
github.com/afittestide/asimi/chat.go:472.21,474.3 1 0
github.com/afittestide/asimi/chat.go:476.2,477.29 2 0
github.com/afittestide/asimi/chat.go:477.29,479.24 2 0
github.com/afittestide/asimi/chat.go:479.24,481.4 1 0
github.com/afittestide/asimi/chat.go:482.3,484.28 3 0
github.com/afittestide/asimi/chat.go:486.2,486.25 1 0
github.com/afittestide/asimi/chat.go:490.47,491.15 1 0
github.com/afittestide/asimi/chat.go:491.15,493.3 1 0
github.com/afittestide/asimi/chat.go:494.2,494.29 1 0
github.com/afittestide/asimi/chat.go:494.29,496.3 1 0
github.com/afittestide/asimi/chat.go:497.2,498.19 2 0
github.com/afittestide/asimi/chat.go:502.58,503.26 1 0
github.com/afittestide/asimi/chat.go:503.26,506.3 2 0
github.com/afittestide/asimi/chat.go:507.2,508.19 2 0
github.com/afittestide/asimi/chat.go:514.54,515.26 1 1
github.com/afittestide/asimi/chat.go:515.26,517.3 1 1
github.com/afittestide/asimi/chat.go:519.2,520.35 2 1
github.com/afittestide/asimi/chat.go:520.35,522.3 1 0
github.com/afittestide/asimi/chat.go:524.2,525.15 2 1
github.com/afittestide/asimi/chat.go:525.15,529.3 3 0
github.com/afittestide/asimi/chat.go:529.8,531.3 1 1
github.com/afittestide/asimi/chat.go:532.2,533.18 2 1
github.com/afittestide/asimi/chat.go:537.41,539.38 2 1
github.com/afittestide/asimi/chat.go:539.38,544.19 3 1
github.com/afittestide/asimi/chat.go:545.25,549.64 2 0
github.com/afittestide/asimi/chat.go:551.28,559.31 5 0
github.com/afittestide/asimi/chat.go:559.31,560.25 1 0
github.com/afittestide/asimi/chat.go:560.25,562.6 1 0
github.com/afittestide/asimi/chat.go:562.11,564.6 1 0
github.com/afittestide/asimi/chat.go:566.4,566.53 1 0
github.com/afittestide/asimi/chat.go:568.24,575.32 4 1
github.com/afittestide/asimi/chat.go:575.32,577.5 1 1
github.com/afittestide/asimi/chat.go:578.4,578.21 1 1
github.com/afittestide/asimi/chat.go:578.21,580.5 1 0
github.com/afittestide/asimi/chat.go:582.4,585.25 4 1
github.com/afittestide/asimi/chat.go:585.25,587.5 1 1
github.com/afittestide/asimi/chat.go:589.4,589.95 1 1
github.com/afittestide/asimi/chat.go:591.66,594.20 2 1
github.com/afittestide/asimi/chat.go:595.30,596.74 1 1
github.com/afittestide/asimi/chat.go:597.30,598.74 1 0
github.com/afittestide/asimi/chat.go:599.12,600.64 1 1
github.com/afittestide/asimi/chat.go:602.4,602.49 1 1
github.com/afittestide/asimi/chat.go:604.11,608.71 2 1
github.com/afittestide/asimi/chat.go:612.3,612.21 1 1
github.com/afittestide/asimi/chat.go:612.21,621.31 5 0
github.com/afittestide/asimi/chat.go:621.31,622.38 1 0
github.com/afittestide/asimi/chat.go:622.38,624.6 1 0
github.com/afittestide/asimi/chat.go:626.4,628.37 2 0
github.com/afittestide/asimi/chat.go:628.37,629.19 1 0
github.com/afittestide/asimi/chat.go:629.19,631.51 1 0
github.com/afittestide/asimi/chat.go:631.51,635.7 2 0
github.com/afittestide/asimi/chat.go:635.12,637.7 1 0
github.com/afittestide/asimi/chat.go:640.4,640.40 1 0
github.com/afittestide/asimi/chat.go:643.3,643.48 1 1
github.com/afittestide/asimi/chat.go:645.2,649.37 3 1
github.com/afittestide/asimi/chat.go:649.37,651.3 1 1
github.com/afittestide/asimi/chat.go:655.63,656.53 1 1
github.com/afittestide/asimi/chat.go:656.53,658.3 1 1
github.com/afittestide/asimi/chat.go:660.2,661.16 2 1
github.com/afittestide/asimi/chat.go:661.16,664.3 1 0
github.com/afittestide/asimi/chat.go:672.2,674.35 2 1
github.com/afittestide/asimi/chat.go:677.64,679.15 2 1
github.com/afittestide/asimi/chat.go:679.15,681.3 1 0
github.com/afittestide/asimi/chat.go:682.2,682.59 1 1
github.com/afittestide/asimi/chat.go:686.69,688.27 2 1
github.com/afittestide/asimi/chat.go:689.20,690.19 1 1
github.com/afittestide/asimi/chat.go:691.25,693.25 2 1
github.com/afittestide/asimi/chat.go:694.27,697.29 2 0
github.com/afittestide/asimi/chat.go:697.29,699.5 1 0
github.com/afittestide/asimi/chat.go:699.10,701.5 1 0
github.com/afittestide/asimi/chat.go:702.22,704.42 1 0
github.com/afittestide/asimi/chat.go:704.42,707.5 2 0
github.com/afittestide/asimi/chat.go:707.10,707.51 1 0
github.com/afittestide/asimi/chat.go:707.51,709.5 1 0
github.com/afittestide/asimi/chat.go:710.24,712.23 1 0
github.com/afittestide/asimi/chat.go:712.23,714.20 2 0
github.com/afittestide/asimi/chat.go:714.20,717.25 2 0
github.com/afittestide/asimi/chat.go:717.25,719.40 1 0
github.com/afittestide/asimi/chat.go:719.40,721.8 1 0
github.com/afittestide/asimi/chat.go:723.7,723.32 1 0
github.com/afittestide/asimi/chat.go:723.32,725.8 1 0
github.com/afittestide/asimi/chat.go:725.13,727.8 1 0
github.com/afittestide/asimi/chat.go:728.12,728.32 1 0
github.com/afittestide/asimi/chat.go:728.32,730.41 1 0
github.com/afittestide/asimi/chat.go:730.41,732.8 1 0
github.com/afittestide/asimi/chat.go:733.7,733.28 1 0
github.com/afittestide/asimi/chat.go:736.6,736.27 1 0
github.com/afittestide/asimi/chat.go:740.18,742.23 1 0
github.com/afittestide/asimi/chat.go:743.18,745.25 2 0
github.com/afittestide/asimi/chat.go:746.20,749.29 2 0
github.com/afittestide/asimi/chat.go:749.29,751.5 1 0
github.com/afittestide/asimi/chat.go:751.10,753.5 1 0
github.com/afittestide/asimi/chat.go:754.15,756.25 2 0
github.com/afittestide/asimi/chat.go:757.17,760.29 2 0
github.com/afittestide/asimi/chat.go:760.29,762.5 1 0
github.com/afittestide/asimi/chat.go:762.10,764.5 1 0
github.com/afittestide/asimi/chat.go:765.15,767.25 2 0
github.com/afittestide/asimi/chat.go:768.14,771.26 2 0
github.com/afittestide/asimi/chat.go:774.2,774.46 1 1
github.com/afittestide/asimi/chat.go:774.46,776.3 1 1
github.com/afittestide/asimi/chat.go:777.2,778.15 2 1
github.com/afittestide/asimi/chat.go:782.38,797.23 8 1
github.com/afittestide/asimi/chat.go:797.23,799.30 2 1
github.com/afittestide/asimi/chat.go:799.30,801.4 1 0
github.com/afittestide/asimi/chat.go:801.9,801.47 1 1
github.com/afittestide/asimi/chat.go:801.47,803.4 1 0
github.com/afittestide/asimi/chat.go:803.9,805.4 1 1
github.com/afittestide/asimi/chat.go:806.3,806.55 1 1
github.com/afittestide/asimi/chat.go:809.2,811.42 2 1
github.com/afittestide/asimi/chat.go:817.65,821.2 3 1
github.com/afittestide/asimi/chat.go:824.50,826.2 1 0
github.com/afittestide/asimi/chat.go:829.43,831.2 1 0
github.com/afittestide/asimi/chat.go:836.86,838.2 1 0
github.com/afittestide/asimi/chat.go:841.80,844.2 2 0
github.com/afittestide/asimi/chat.go:847.71,849.2 1 0
github.com/afittestide/asimi/chat.go:852.53,854.2 1 0
github.com/afittestide/asimi/chat.go:859.83,863.2 3 0
github.com/afittestide/asimi/chat.go:866.83,869.92 2 0
github.com/afittestide/asimi/chat.go:869.92,872.3 2 0
github.com/afittestide/asimi/chat.go:872.8,875.3 1 0
github.com/afittestide/asimi/chat.go:879.79,882.92 2 0
github.com/afittestide/asimi/chat.go:882.92,887.3 3 0
github.com/afittestide/asimi/chat.go:887.8,890.3 1 0
github.com/afittestide/asimi/chat.go:894.75,897.43 3 0
github.com/afittestide/asimi/chat.go:897.43,899.3 1 0
github.com/afittestide/asimi/chat.go:900.2,902.92 2 0
github.com/afittestide/asimi/chat.go:902.92,907.3 3 0
github.com/afittestide/asimi/chat.go:907.8,910.3 1 0
github.com/afittestide/asimi/chat.go:914.79,919.92 3 0
github.com/afittestide/asimi/chat.go:919.92,924.3 3 0
github.com/afittestide/asimi/chat.go:924.8,927.3 1 0
github.com/afittestide/asimi/chat.go:932.87,935.44 2 0
github.com/afittestide/asimi/chat.go:935.44,938.43 2 0
github.com/afittestide/asimi/chat.go:938.43,941.20 1 0
github.com/afittestide/asimi/chat.go:941.20,944.21 2 0
github.com/afittestide/asimi/chat.go:944.21,949.6 3 0
github.com/afittestide/asimi/chat.go:953.2,953.14 1 0
github.com/afittestide/asimi/chat.go:957.93,959.2 1 0
github.com/afittestide/asimi/chat.go:962.90,964.16 2 0
github.com/afittestide/asimi/chat.go:964.16,966.3 1 0
github.com/afittestide/asimi/chat.go:967.2,967.80 1 0
github.com/afittestide/asimi/commandline.go:68.54,87.2 4 1
github.com/afittestide/asimi/commandline.go:90.92,99.2 2 1
github.com/afittestide/asimi/commandline.go:102.56,103.34 1 1
github.com/afittestide/asimi/commandline.go:103.34,104.21 1 1
github.com/afittestide/asimi/commandline.go:104.21,106.9 2 1
github.com/afittestide/asimi/commandline.go:112.47,114.2 1 1
github.com/afittestide/asimi/commandline.go:117.78,122.24 5 1
github.com/afittestide/asimi/commandline.go:122.24,124.3 1 1
github.com/afittestide/asimi/commandline.go:128.59,134.24 6 1
github.com/afittestide/asimi/commandline.go:134.24,136.3 1 1
github.com/afittestide/asimi/commandline.go:140.56,142.2 1 1
github.com/afittestide/asimi/commandline.go:145.40,147.2 1 1
github.com/afittestide/asimi/commandline.go:150.73,154.24 4 1
github.com/afittestide/asimi/commandline.go:154.24,156.3 1 1
github.com/afittestide/asimi/commandline.go:160.57,164.24 4 1
github.com/afittestide/asimi/commandline.go:164.24,166.3 1 0
github.com/afittestide/asimi/commandline.go:170.54,172.2 1 1
github.com/afittestide/asimi/commandline.go:175.56,178.15 3 0
github.com/afittestide/asimi/commandline.go:178.15,180.3 1 0
github.com/afittestide/asimi/commandline.go:180.8,182.3 1 0
github.com/afittestide/asimi/commandline.go:186.53,188.2 1 1
github.com/afittestide/asimi/commandline.go:191.48,194.2 2 0
github.com/afittestide/asimi/commandline.go:197.53,200.2 2 1
github.com/afittestide/asimi/commandline.go:203.42,208.34 3 1
github.com/afittestide/asimi/commandline.go:208.34,209.45 1 1
github.com/afittestide/asimi/commandline.go:209.45,211.4 1 1
github.com/afittestide/asimi/commandline.go:213.2,213.26 1 1
github.com/afittestide/asimi/commandline.go:217.47,219.33 1 1
github.com/afittestide/asimi/commandline.go:219.33,227.3 5 1
github.com/afittestide/asimi/commandline.go:230.2,230.35 1 1
github.com/afittestide/asimi/commandline.go:230.35,235.3 2 1
github.com/afittestide/asimi/commandline.go:238.2,238.24 1 1
github.com/afittestide/asimi/commandline.go:238.24,246.66 5 1
github.com/afittestide/asimi/commandline.go:246.66,248.4 1 0
github.com/afittestide/asimi/commandline.go:250.3,253.57 4 1
github.com/afittestide/asimi/commandline.go:253.57,255.4 1 0
github.com/afittestide/asimi/commandline.go:257.3,257.21 1 1
github.com/afittestide/asimi/commandline.go:258.15,259.82 1 1
github.com/afittestide/asimi/commandline.go:260.18,261.82 1 0
github.com/afittestide/asimi/commandline.go:262.18,263.80 1 1
github.com/afittestide/asimi/commandline.go:264.16,265.47 1 0
github.com/afittestide/asimi/commandline.go:268.3,268.31 1 1
github.com/afittestide/asimi/commandline.go:272.2,272.11 1 1
github.com/afittestide/asimi/commandline.go:276.77,278.32 2 0
github.com/afittestide/asimi/commandline.go:278.32,280.3 1 0
github.com/afittestide/asimi/commandline.go:281.2,281.36 1 0
github.com/afittestide/asimi/commandline.go:285.58,287.15 1 1
github.com/afittestide/asimi/commandline.go:287.15,289.3 1 0
github.com/afittestide/asimi/commandline.go:290.2,290.65 1 1
github.com/afittestide/asimi/commandline.go:290.65,292.3 1 0
github.com/afittestide/asimi/commandline.go:293.2,294.36 2 1
github.com/afittestide/asimi/commandline.go:300.69,301.26 1 0
github.com/afittestide/asimi/commandline.go:301.26,303.3 1 0
github.com/afittestide/asimi/commandline.go:305.2,307.9 2 0
github.com/afittestide/asimi/commandline.go:308.21,310.23 1 0
github.com/afittestide/asimi/commandline.go:310.23,313.4 2 0
github.com/afittestide/asimi/commandline.go:314.3,314.42 1 0
github.com/afittestide/asimi/commandline.go:314.42,316.4 1 0
github.com/afittestide/asimi/commandline.go:316.9,316.34 1 0
github.com/afittestide/asimi/commandline.go:316.34,318.4 1 0
github.com/afittestide/asimi/commandline.go:319.3,319.66 1 0
github.com/afittestide/asimi/commandline.go:319.66,323.4 3 0
github.com/afittestide/asimi/commandline.go:324.21,326.23 1 0
github.com/afittestide/asimi/commandline.go:326.23,328.4 1 0
github.com/afittestide/asimi/commandline.go:329.3,329.43 1 0
github.com/afittestide/asimi/commandline.go:329.43,334.4 4 0
github.com/afittestide/asimi/commandline.go:336.3,340.14 5 0
github.com/afittestide/asimi/commandline.go:343.2,343.14 1 0
github.com/afittestide/asimi/commandline.go:347.75,349.24 1 1
github.com/afittestide/asimi/commandline.go:349.24,351.17 2 1
github.com/afittestide/asimi/commandline.go:352.17,354.20 2 1
github.com/afittestide/asimi/commandline.go:355.17,357.20 2 1
github.com/afittestide/asimi/commandline.go:358.16,359.28 1 1
github.com/afittestide/asimi/commandline.go:359.28,362.21 1 1
github.com/afittestide/asimi/commandline.go:362.21,362.62 1 0
github.com/afittestide/asimi/commandline.go:364.10,364.34 1 1
github.com/afittestide/asimi/commandline.go:364.34,367.21 1 1
github.com/afittestide/asimi/commandline.go:367.21,367.63 1 0
github.com/afittestide/asimi/commandline.go:371.4,371.20 1 1
github.com/afittestide/asimi/commandline.go:372.30,374.20 2 1
github.com/afittestide/asimi/commandline.go:375.14,379.20 2 1
github.com/afittestide/asimi/commandline.go:379.20,379.62 1 0
github.com/afittestide/asimi/commandline.go:383.3,383.19 1 1
github.com/afittestide/asimi/commandline.go:386.2,386.27 1 1
github.com/afittestide/asimi/commandline.go:386.27,388.3 1 0
github.com/afittestide/asimi/commandline.go:390.2,393.16 2 1
github.com/afittestide/asimi/commandline.go:394.13,399.19 2 0
github.com/afittestide/asimi/commandline.go:399.19,399.51 1 0
github.com/afittestide/asimi/commandline.go:402.15,406.20 3 1
github.com/afittestide/asimi/commandline.go:406.20,410.20 2 1
github.com/afittestide/asimi/commandline.go:410.20,410.64 1 1
github.com/afittestide/asimi/commandline.go:413.3,415.19 1 0
github.com/afittestide/asimi/commandline.go:415.19,415.51 1 0
github.com/afittestide/asimi/commandline.go:418.29,420.33 1 1
github.com/afittestide/asimi/commandline.go:420.33,424.20 2 1
github.com/afittestide/asimi/commandline.go:424.20,424.52 1 0
github.com/afittestide/asimi/commandline.go:428.3,430.40 3 0
github.com/afittestide/asimi/commandline.go:430.40,430.74 1 0
github.com/afittestide/asimi/commandline.go:432.12,435.36 2 0
github.com/afittestide/asimi/commandline.go:435.36,436.26 1 0
github.com/afittestide/asimi/commandline.go:436.26,436.60 1 0
github.com/afittestide/asimi/commandline.go:438.3,438.25 1 0
github.com/afittestide/asimi/commandline.go:438.25,438.76 1 0
github.com/afittestide/asimi/commandline.go:440.14,443.36 2 0
github.com/afittestide/asimi/commandline.go:443.36,444.26 1 0
github.com/afittestide/asimi/commandline.go:444.26,444.60 1 0
github.com/afittestide/asimi/commandline.go:446.3,446.25 1 0
github.com/afittestide/asimi/commandline.go:446.25,446.76 1 0
github.com/afittestide/asimi/commandline.go:448.13,450.25 1 0
github.com/afittestide/asimi/commandline.go:450.25,450.57 1 0
github.com/afittestide/asimi/commandline.go:452.16,454.25 1 0
github.com/afittestide/asimi/commandline.go:454.25,454.71 1 0
github.com/afittestide/asimi/commandline.go:456.29,458.25 1 0
github.com/afittestide/asimi/commandline.go:458.25,458.72 1 0
github.com/afittestide/asimi/commandline.go:460.10,467.40 4 1
github.com/afittestide/asimi/commandline.go:467.40,468.41 1 1
github.com/afittestide/asimi/commandline.go:468.41,468.75 1 1
github.com/afittestide/asimi/commandline.go:470.3,470.19 1 0
github.com/afittestide/asimi/commands.go:46.47,47.16 1 1
github.com/afittestide/asimi/commands.go:47.16,49.3 1 1
github.com/afittestide/asimi/commands.go:51.2,52.13 2 1
github.com/afittestide/asimi/commands.go:55.40,57.2 1 1
github.com/afittestide/asimi/commands.go:60.43,83.2 17 1
github.com/afittestide/asimi/commands.go:86.113,88.22 2 1
github.com/afittestide/asimi/commands.go:88.22,90.3 1 0
github.com/afittestide/asimi/commands.go:91.2,91.51 1 1
github.com/afittestide/asimi/commands.go:91.51,93.3 1 1
github.com/afittestide/asimi/commands.go:94.2,98.3 1 1
github.com/afittestide/asimi/commands.go:102.67,106.2 3 1
github.com/afittestide/asimi/commands.go:113.105,115.22 2 1
github.com/afittestide/asimi/commands.go:115.22,117.3 1 1
github.com/afittestide/asimi/commands.go:120.2,120.52 1 1
github.com/afittestide/asimi/commands.go:120.52,122.3 1 1
github.com/afittestide/asimi/commands.go:125.2,127.35 2 1
github.com/afittestide/asimi/commands.go:127.35,128.45 1 1
github.com/afittestide/asimi/commands.go:128.45,130.4 1 1
github.com/afittestide/asimi/commands.go:133.2,133.31 1 1
github.com/afittestide/asimi/commands.go:133.31,136.3 2 1
github.com/afittestide/asimi/commands.go:138.2,138.42 1 1
github.com/afittestide/asimi/commands.go:142.54,144.32 2 0
github.com/afittestide/asimi/commands.go:144.32,145.39 1 0
github.com/afittestide/asimi/commands.go:145.39,147.4 1 0
github.com/afittestide/asimi/commands.go:149.2,149.17 1 0
github.com/afittestide/asimi/commands.go:164.64,167.19 2 1
github.com/afittestide/asimi/commands.go:167.19,169.3 1 0
github.com/afittestide/asimi/commands.go:171.2,171.24 1 1
github.com/afittestide/asimi/commands.go:171.24,173.3 1 1
github.com/afittestide/asimi/commands.go:176.70,185.28 4 1
github.com/afittestide/asimi/commands.go:185.28,189.59 3 0
github.com/afittestide/asimi/commands.go:189.59,191.4 1 0
github.com/afittestide/asimi/commands.go:193.3,193.51 1 0
github.com/afittestide/asimi/commands.go:193.51,195.4 1 0
github.com/afittestide/asimi/commands.go:196.3,196.19 1 0
github.com/afittestide/asimi/commands.go:197.18,199.33 2 0
github.com/afittestide/asimi/commands.go:200.19,201.34 1 0
github.com/afittestide/asimi/commands.go:202.19,204.59 1 0
github.com/afittestide/asimi/commands.go:204.59,205.54 1 0
github.com/afittestide/asimi/commands.go:205.54,207.6 1 0
github.com/afittestide/asimi/commands.go:209.18,211.59 1 0
github.com/afittestide/asimi/commands.go:211.59,212.54 1 0
github.com/afittestide/asimi/commands.go:212.54,214.6 1 0
github.com/afittestide/asimi/commands.go:223.2,223.24 1 1
github.com/afittestide/asimi/commands.go:223.24,228.3 1 1
github.com/afittestide/asimi/commands.go:231.64,236.2 2 0
github.com/afittestide/asimi/commands.go:238.67,239.24 1 1
github.com/afittestide/asimi/commands.go:239.24,240.59 1 1
github.com/afittestide/asimi/commands.go:240.59,254.4 3 0
github.com/afittestide/asimi/commands.go:257.3,257.98 1 1
github.com/afittestide/asimi/commands.go:261.66,267.28 3 0
github.com/afittestide/asimi/commands.go:267.28,268.42 1 0
github.com/afittestide/asimi/commands.go:268.42,270.4 1 0
github.com/afittestide/asimi/commands.go:272.3,272.36 1 0
github.com/afittestide/asimi/commands.go:272.36,274.4 1 0
github.com/afittestide/asimi/commands.go:276.3,280.47 3 0
github.com/afittestide/asimi/commands.go:280.47,283.44 2 0
github.com/afittestide/asimi/commands.go:283.44,285.5 1 0
github.com/afittestide/asimi/commands.go:287.4,288.43 2 0
github.com/afittestide/asimi/commands.go:288.43,290.5 1 0
github.com/afittestide/asimi/commands.go:292.4,293.18 2 0
github.com/afittestide/asimi/commands.go:293.18,295.5 1 0
github.com/afittestide/asimi/commands.go:297.4,297.33 1 0
github.com/afittestide/asimi/commands.go:297.33,299.5 1 0
github.com/afittestide/asimi/commands.go:300.4,300.30 1 0
github.com/afittestide/asimi/commands.go:303.3,303.32 1 0
github.com/afittestide/asimi/commands.go:303.32,305.4 1 0
github.com/afittestide/asimi/commands.go:307.3,308.42 2 0
github.com/afittestide/asimi/commands.go:308.42,310.4 1 0
github.com/afittestide/asimi/commands.go:312.3,313.17 2 0
github.com/afittestide/asimi/commands.go:313.17,315.4 1 0
github.com/afittestide/asimi/commands.go:317.3,317.47 1 0
github.com/afittestide/asimi/commands.go:321.2,321.42 1 0
github.com/afittestide/asimi/commands.go:324.66,327.46 2 0
github.com/afittestide/asimi/commands.go:327.46,330.3 2 0
github.com/afittestide/asimi/commands.go:332.2,332.20 1 0
github.com/afittestide/asimi/commands.go:332.20,333.25 1 0
github.com/afittestide/asimi/commands.go:333.25,335.4 1 0
github.com/afittestide/asimi/commands.go:339.2,340.19 2 0
github.com/afittestide/asimi/commands.go:340.19,341.18 1 0
github.com/afittestide/asimi/commands.go:342.15,343.31 1 0
github.com/afittestide/asimi/commands.go:344.23,345.39 1 0
github.com/afittestide/asimi/commands.go:346.11,348.14 2 0
github.com/afittestide/asimi/commands.go:353.2,354.16 2 0
github.com/afittestide/asimi/commands.go:354.16,355.25 1 0
github.com/afittestide/asimi/commands.go:355.25,357.4 1 0
github.com/afittestide/asimi/commands.go:361.2,362.54 2 0
github.com/afittestide/asimi/commands.go:362.54,363.17 1 0
github.com/afittestide/asimi/commands.go:363.17,365.4 1 0
github.com/afittestide/asimi/commands.go:366.3,367.13 2 0
github.com/afittestide/asimi/commands.go:371.64,372.28 1 0
github.com/afittestide/asimi/commands.go:372.28,373.25 1 0
github.com/afittestide/asimi/commands.go:373.25,375.4 1 0
github.com/afittestide/asimi/commands.go:378.2,383.12 3 0
github.com/afittestide/asimi/commands.go:403.74,405.2 1 0
github.com/afittestide/asimi/commands.go:408.99,411.24 2 0
github.com/afittestide/asimi/commands.go:411.24,418.17 4 0
github.com/afittestide/asimi/commands.go:418.17,420.4 1 0
github.com/afittestide/asimi/commands.go:420.9,422.4 1 0
github.com/afittestide/asimi/commands.go:424.3,426.34 2 0
github.com/afittestide/asimi/commands.go:426.34,428.22 2 0
github.com/afittestide/asimi/commands.go:428.22,430.5 1 0
github.com/afittestide/asimi/commands.go:434.3,434.21 1 0
github.com/afittestide/asimi/commands.go:434.21,436.22 2 0
github.com/afittestide/asimi/commands.go:436.22,438.5 1 0
github.com/afittestide/asimi/commands.go:439.4,439.46 1 0
github.com/afittestide/asimi/commands.go:442.3,446.67 3 0
github.com/afittestide/asimi/commands.go:446.67,448.4 1 0
github.com/afittestide/asimi/commands.go:451.3,455.41 4 0
github.com/afittestide/asimi/commands.go:455.41,458.4 2 0
github.com/afittestide/asimi/commands.go:461.3,465.46 4 0
github.com/afittestide/asimi/commands.go:465.46,468.4 2 0
github.com/afittestide/asimi/commands.go:472.3,479.50 5 0
github.com/afittestide/asimi/commands.go:479.50,482.4 2 0
github.com/afittestide/asimi/commands.go:485.3,486.43 2 0
github.com/afittestide/asimi/commands.go:486.43,489.4 2 0
github.com/afittestide/asimi/commands.go:492.3,493.65 2 0
github.com/afittestide/asimi/commands.go:493.65,496.4 2 0
github.com/afittestide/asimi/commands.go:499.3,511.37 5 0
github.com/afittestide/asimi/commands.go:511.37,517.44 2 0
github.com/afittestide/asimi/commands.go:517.44,520.5 2 0
github.com/afittestide/asimi/commands.go:520.10,522.5 1 0
github.com/afittestide/asimi/commands.go:525.3,525.21 1 0
github.com/afittestide/asimi/commands.go:525.21,532.4 5 0
github.com/afittestide/asimi/commands.go:533.3,533.13 1 0
github.com/afittestide/asimi/commands.go:538.77,539.53 1 0
github.com/afittestide/asimi/commands.go:539.53,542.3 2 0
github.com/afittestide/asimi/commands.go:543.2,544.13 2 0
github.com/afittestide/asimi/commands.go:548.88,555.42 3 0
github.com/afittestide/asimi/commands.go:555.42,557.26 2 0
github.com/afittestide/asimi/commands.go:557.26,559.4 1 0
github.com/afittestide/asimi/commands.go:560.3,560.15 1 0
github.com/afittestide/asimi/commands.go:563.2,564.13 2 0
github.com/afittestide/asimi/commands.go:568.98,570.28 2 0
github.com/afittestide/asimi/commands.go:570.28,574.3 3 0
github.com/afittestide/asimi/commands.go:576.2,584.54 5 0
github.com/afittestide/asimi/commands.go:584.54,587.3 2 0
github.com/afittestide/asimi/commands.go:589.2,590.13 2 0
github.com/afittestide/asimi/commands.go:594.85,601.42 3 0
github.com/afittestide/asimi/commands.go:601.42,603.26 2 0
github.com/afittestide/asimi/commands.go:603.26,605.4 1 0
github.com/afittestide/asimi/commands.go:606.3,606.15 1 0
github.com/afittestide/asimi/commands.go:609.2,610.13 2 0
github.com/afittestide/asimi/commands.go:614.122,621.42 3 0
github.com/afittestide/asimi/commands.go:621.42,623.26 2 0
github.com/afittestide/asimi/commands.go:623.26,625.4 1 0
github.com/afittestide/asimi/commands.go:626.3,626.15 1 0
github.com/afittestide/asimi/commands.go:629.2,630.13 2 0
github.com/afittestide/asimi/commands.go:634.135,638.30 2 0
github.com/afittestide/asimi/commands.go:638.30,643.34 5 0
github.com/afittestide/asimi/commands.go:643.34,645.4 1 0
github.com/afittestide/asimi/commands.go:646.3,647.47 2 0
github.com/afittestide/asimi/commands.go:651.2,652.28 2 0
github.com/afittestide/asimi/commands.go:652.28,656.52 4 0
github.com/afittestide/asimi/commands.go:656.52,658.4 1 0
github.com/afittestide/asimi/commands.go:658.9,660.4 1 0
github.com/afittestide/asimi/commands.go:661.8,663.3 1 0
github.com/afittestide/asimi/commands.go:666.2,670.33 3 0
github.com/afittestide/asimi/commands.go:670.33,672.3 1 0
github.com/afittestide/asimi/commands.go:676.2,680.51 1 0
github.com/afittestide/asimi/commands.go:680.51,682.4 1 0
github.com/afittestide/asimi/commands.go:687.57,696.4 2 0
github.com/afittestide/asimi/commands.go:696.4,697.50 1 0
github.com/afittestide/asimi/commands.go:697.50,699.4 1 0
github.com/afittestide/asimi/commands.go:702.2,702.16 1 0
github.com/afittestide/asimi/commands.go:705.67,708.58 2 0
github.com/afittestide/asimi/commands.go:708.58,710.3 1 0
github.com/afittestide/asimi/commands.go:712.2,712.23 1 0
github.com/afittestide/asimi/commands.go:712.23,713.25 1 0
github.com/afittestide/asimi/commands.go:713.25,715.4 1 0
github.com/afittestide/asimi/commands.go:718.2,718.24 1 0
github.com/afittestide/asimi/commands.go:718.24,720.24 1 0
github.com/afittestide/asimi/commands.go:720.24,722.4 1 0
github.com/afittestide/asimi/commands.go:725.3,725.34 1 0
github.com/afittestide/asimi/commands.go:729.69,730.70 1 0
github.com/afittestide/asimi/commands.go:730.70,732.3 1 0
github.com/afittestide/asimi/commands.go:733.2,734.12 2 0
github.com/afittestide/asimi/commands.go:748.66,749.24 1 0
github.com/afittestide/asimi/commands.go:749.24,751.21 1 0
github.com/afittestide/asimi/commands.go:751.21,753.4 1 0
github.com/afittestide/asimi/commands.go:756.3,757.17 2 0
github.com/afittestide/asimi/commands.go:757.17,759.4 1 0
github.com/afittestide/asimi/commands.go:761.3,761.17 1 0
github.com/afittestide/asimi/commands.go:761.17,763.4 1 0
github.com/afittestide/asimi/commands.go:766.3,766.74 1 0
github.com/afittestide/asimi/commands.go:770.51,771.24 1 0
github.com/afittestide/asimi/commands.go:771.24,773.21 1 0
github.com/afittestide/asimi/commands.go:773.21,778.4 4 0
github.com/afittestide/asimi/commands.go:781.3,782.17 2 0
github.com/afittestide/asimi/commands.go:782.17,784.4 1 0
github.com/afittestide/asimi/commands.go:786.3,786.42 1 0
github.com/afittestide/asimi/commands.go:790.66,791.20 1 0
github.com/afittestide/asimi/commands.go:791.20,796.3 3 0
github.com/afittestide/asimi/commands.go:798.2,799.16 2 0
github.com/afittestide/asimi/commands.go:800.17,802.77 2 0
github.com/afittestide/asimi/commands.go:803.19,806.13 3 0
github.com/afittestide/asimi/commands.go:807.16,808.20 1 0
github.com/afittestide/asimi/commands.go:808.20,811.4 2 0
github.com/afittestide/asimi/commands.go:812.3,814.100 3 0
github.com/afittestide/asimi/commands.go:815.10,817.75 1 0
github.com/afittestide/asimi/commands.go:817.75,821.4 3 0
github.com/afittestide/asimi/commands.go:821.9,823.4 1 0
github.com/afittestide/asimi/commands.go:825.2,825.12 1 0
github.com/afittestide/asimi/commands.go:828.68,830.16 2 0
github.com/afittestide/asimi/commands.go:830.16,833.3 2 0
github.com/afittestide/asimi/commands.go:834.2,835.12 2 0
github.com/afittestide/asimi/commands.go:839.64,841.28 1 0
github.com/afittestide/asimi/commands.go:841.28,842.25 1 0
github.com/afittestide/asimi/commands.go:842.25,844.4 1 0
github.com/afittestide/asimi/commands.go:847.2,848.24 2 0
github.com/afittestide/asimi/commands.go:848.24,849.25 1 0
github.com/afittestide/asimi/commands.go:849.25,851.4 1 0
github.com/afittestide/asimi/commands.go:855.2,855.20 1 0
github.com/afittestide/asimi/commands.go:855.20,857.25 2 0
github.com/afittestide/asimi/commands.go:857.25,862.18 2 0
github.com/afittestide/asimi/commands.go:862.18,864.5 1 0
github.com/afittestide/asimi/commands.go:865.4,865.48 1 0
github.com/afittestide/asimi/commands.go:870.2,874.16 4 0
github.com/afittestide/asimi/commands.go:874.16,875.25 1 0
github.com/afittestide/asimi/commands.go:875.25,877.4 1 0
github.com/afittestide/asimi/commands.go:879.2,880.19 2 0
github.com/afittestide/asimi/commands.go:880.19,882.3 1 0
github.com/afittestide/asimi/commands.go:885.2,888.96 2 0
github.com/afittestide/asimi/commands.go:888.96,889.71 1 0
github.com/afittestide/asimi/commands.go:889.71,890.54 1 0
github.com/afittestide/asimi/commands.go:890.54,891.27 1 0
github.com/afittestide/asimi/commands.go:891.27,893.6 1 0
github.com/afittestide/asimi/commands.go:899.2,900.16 2 0
github.com/afittestide/asimi/commands.go:900.16,901.25 1 0
github.com/afittestide/asimi/commands.go:901.25,903.4 1 0
github.com/afittestide/asimi/commands.go:907.2,914.29 5 0
github.com/afittestide/asimi/commands.go:914.29,915.26 1 0
github.com/afittestide/asimi/commands.go:916.16,917.19 1 0
github.com/afittestide/asimi/commands.go:918.15,919.18 1 0
github.com/afittestide/asimi/commands.go:920.16,921.19 1 0
github.com/afittestide/asimi/commands.go:926.2,926.14 1 0
github.com/afittestide/asimi/commands.go:926.14,927.25 1 0
github.com/afittestide/asimi/commands.go:927.25,929.4 1 0
github.com/afittestide/asimi/commands.go:933.2,934.15 2 0
github.com/afittestide/asimi/commands.go:934.15,936.3 1 0
github.com/afittestide/asimi/commands.go:937.2,937.14 1 0
github.com/afittestide/asimi/commands.go:937.14,939.3 1 0
github.com/afittestide/asimi/commands.go:941.2,941.27 1 0
github.com/afittestide/asimi/commands.go:941.27,950.3 3 0
github.com/afittestide/asimi/commands.go:953.2,953.49 1 0
github.com/afittestide/asimi/commands.go:957.77,958.24 1 0
github.com/afittestide/asimi/commands.go:958.24,960.25 2 0
github.com/afittestide/asimi/commands.go:960.25,962.4 1 0
github.com/afittestide/asimi/commands.go:965.3,971.76 3 0
github.com/afittestide/asimi/commands.go:971.76,973.4 1 0
github.com/afittestide/asimi/commands.go:976.3,983.13 3 0
github.com/afittestide/asimi/completion.go:25.45,43.2 1 1
github.com/afittestide/asimi/completion.go:46.57,48.32 2 1
github.com/afittestide/asimi/completion.go:48.32,50.3 1 1
github.com/afittestide/asimi/completion.go:51.2,51.20 1 1
github.com/afittestide/asimi/completion.go:51.20,53.3 1 1
github.com/afittestide/asimi/completion.go:54.2,54.14 1 1
github.com/afittestide/asimi/completion.go:58.35,60.2 1 1
github.com/afittestide/asimi/completion.go:63.35,65.2 1 1
github.com/afittestide/asimi/completion.go:68.41,70.25 2 1
github.com/afittestide/asimi/completion.go:70.25,72.3 1 0
github.com/afittestide/asimi/completion.go:73.2,74.28 2 1
github.com/afittestide/asimi/completion.go:74.28,76.3 1 1
github.com/afittestide/asimi/completion.go:77.2,79.53 3 1
github.com/afittestide/asimi/completion.go:79.53,80.48 1 1
github.com/afittestide/asimi/completion.go:80.48,82.4 1 1
github.com/afittestide/asimi/completion.go:84.2,84.19 1 1
github.com/afittestide/asimi/completion.go:88.41,90.20 2 1
github.com/afittestide/asimi/completion.go:90.20,93.43 3 1
github.com/afittestide/asimi/completion.go:93.43,94.20 1 1
github.com/afittestide/asimi/completion.go:94.20,96.5 1 1
github.com/afittestide/asimi/completion.go:102.48,103.52 1 1
github.com/afittestide/asimi/completion.go:103.52,105.3 1 1
github.com/afittestide/asimi/completion.go:106.2,106.11 1 0
github.com/afittestide/asimi/completion.go:110.52,111.25 1 1
github.com/afittestide/asimi/completion.go:111.25,113.3 1 0
github.com/afittestide/asimi/completion.go:114.2,114.34 1 1
github.com/afittestide/asimi/completion.go:114.34,116.3 1 1
github.com/afittestide/asimi/completion.go:117.2,117.20 1 1
github.com/afittestide/asimi/completion.go:121.41,122.39 1 1
github.com/afittestide/asimi/completion.go:122.39,124.3 1 1
github.com/afittestide/asimi/completion.go:126.2,131.26 4 1
github.com/afittestide/asimi/completion.go:131.26,133.3 1 0
github.com/afittestide/asimi/completion.go:135.2,138.31 2 1
github.com/afittestide/asimi/completion.go:138.31,140.22 2 1
github.com/afittestide/asimi/completion.go:140.22,142.4 1 1
github.com/afittestide/asimi/completion.go:142.9,144.4 1 1
github.com/afittestide/asimi/completion.go:148.2,149.32 2 1
github.com/afittestide/asimi/content.go:41.89,51.2 2 1
github.com/afittestide/asimi/content.go:66.82,86.2 1 1
github.com/afittestide/asimi/content.go:89.94,93.2 3 1
github.com/afittestide/asimi/content.go:96.51,98.2 1 1
github.com/afittestide/asimi/content.go:103.54,104.37 1 0
github.com/afittestide/asimi/content.go:104.37,106.3 1 0
github.com/afittestide/asimi/content.go:107.2,107.25 1 0
github.com/afittestide/asimi/content.go:107.25,108.27 1 0
github.com/afittestide/asimi/content.go:108.27,110.4 1 0
github.com/afittestide/asimi/content.go:112.2,112.43 1 0
github.com/afittestide/asimi/content.go:118.71,119.17 1 0
github.com/afittestide/asimi/content.go:119.17,120.26 1 0
github.com/afittestide/asimi/content.go:120.26,121.58 1 0
github.com/afittestide/asimi/content.go:121.58,123.5 1 0
github.com/afittestide/asimi/content.go:126.2,126.27 1 0
github.com/afittestide/asimi/content.go:131.62,132.17 1 1
github.com/afittestide/asimi/content.go:132.17,133.26 1 1
github.com/afittestide/asimi/content.go:133.26,134.34 1 1
github.com/afittestide/asimi/content.go:134.34,136.5 1 1
github.com/afittestide/asimi/content.go:139.2,139.43 1 1
github.com/afittestide/asimi/content.go:143.47,145.2 1 0
github.com/afittestide/asimi/content.go:148.58,149.25 1 1
github.com/afittestide/asimi/content.go:149.25,150.33 1 1
github.com/afittestide/asimi/content.go:150.33,153.4 2 1
github.com/afittestide/asimi/content.go:155.2,155.40 1 0
github.com/afittestide/asimi/content.go:159.57,160.25 1 1
github.com/afittestide/asimi/content.go:160.25,161.33 1 1
github.com/afittestide/asimi/content.go:161.33,164.4 2 1
github.com/afittestide/asimi/content.go:169.51,170.25 1 1
github.com/afittestide/asimi/content.go:170.25,172.26 2 1
github.com/afittestide/asimi/content.go:172.26,173.25 1 1
github.com/afittestide/asimi/content.go:173.25,175.5 1 1
github.com/afittestide/asimi/content.go:176.4,178.10 3 1
github.com/afittestide/asimi/content.go:181.2,181.79 1 0
github.com/afittestide/asimi/content.go:186.39,187.25 1 1
github.com/afittestide/asimi/content.go:187.25,188.31 1 1
github.com/afittestide/asimi/content.go:188.31,190.4 1 1
github.com/afittestide/asimi/content.go:191.3,191.35 1 1
github.com/afittestide/asimi/content.go:191.35,193.4 1 1
github.com/afittestide/asimi/content.go:193.9,195.4 1 1
github.com/afittestide/asimi/content.go:196.3,196.31 1 1
github.com/afittestide/asimi/content.go:201.51,202.25 1 0
github.com/afittestide/asimi/content.go:202.25,203.35 1 0
github.com/afittestide/asimi/content.go:203.35,205.4 1 0
github.com/afittestide/asimi/content.go:207.2,207.29 1 0
github.com/afittestide/asimi/content.go:211.43,212.65 1 1
github.com/afittestide/asimi/content.go:212.65,214.3 1 1
github.com/afittestide/asimi/content.go:215.2,215.22 1 1
github.com/afittestide/asimi/content.go:219.73,223.2 3 0
github.com/afittestide/asimi/content.go:226.37,227.23 1 0
github.com/afittestide/asimi/content.go:227.23,229.3 1 0
github.com/afittestide/asimi/content.go:230.2,230.37 1 0
github.com/afittestide/asimi/content.go:230.37,232.3 1 0
github.com/afittestide/asimi/content.go:234.2,236.20 2 0
github.com/afittestide/asimi/content.go:236.20,238.3 1 0
github.com/afittestide/asimi/content.go:238.8,240.3 1 0
github.com/afittestide/asimi/content.go:243.2,246.31 2 0
github.com/afittestide/asimi/content.go:246.31,248.3 1 0
github.com/afittestide/asimi/content.go:249.2,249.12 1 0
github.com/afittestide/asimi/content.go:253.33,254.23 1 1
github.com/afittestide/asimi/content.go:254.23,256.3 1 0
github.com/afittestide/asimi/content.go:257.2,258.19 2 1
github.com/afittestide/asimi/content.go:262.33,263.23 1 1
github.com/afittestide/asimi/content.go:263.23,265.3 1 0
github.com/afittestide/asimi/content.go:266.2,267.14 2 1
github.com/afittestide/asimi/content.go:267.14,269.3 1 0
github.com/afittestide/asimi/content.go:270.2,270.19 1 1
github.com/afittestide/asimi/content.go:274.54,275.23 1 1
github.com/afittestide/asimi/content.go:275.23,277.3 1 0
github.com/afittestide/asimi/content.go:278.2,280.30 3 1
github.com/afittestide/asimi/content.go:280.30,282.24 2 1
github.com/afittestide/asimi/content.go:282.24,290.4 2 1
github.com/afittestide/asimi/content.go:290.9,297.4 2 1
github.com/afittestide/asimi/content.go:299.2,301.75 2 1
github.com/afittestide/asimi/content.go:305.42,306.22 1 1
github.com/afittestide/asimi/content.go:306.22,308.3 1 1
github.com/afittestide/asimi/content.go:309.2,309.10 1 0
github.com/afittestide/asimi/content.go:313.41,316.25 3 1
github.com/afittestide/asimi/content.go:316.25,318.3 1 1
github.com/afittestide/asimi/content.go:322.40,324.2 1 1
github.com/afittestide/asimi/content.go:327.55,328.25 1 0
github.com/afittestide/asimi/content.go:328.25,329.34 1 0
github.com/afittestide/asimi/content.go:329.34,331.4 1 0
github.com/afittestide/asimi/content.go:333.2,333.12 1 0
github.com/afittestide/asimi/content.go:337.56,338.25 1 1
github.com/afittestide/asimi/content.go:338.25,339.33 1 1
github.com/afittestide/asimi/content.go:339.33,342.4 2 1
github.com/afittestide/asimi/content.go:347.38,349.2 1 1
github.com/afittestide/asimi/content.go:352.44,354.2 1 0
github.com/afittestide/asimi/content.go:357.49,359.2 1 0
github.com/afittestide/asimi/content.go:362.41,364.2 1 0
github.com/afittestide/asimi/content.go:367.40,368.25 1 0
[...]
github.com/afittestide/asimi/storage/seal_service.go:102.2,103.16 2 0
github.com/afittestide/asimi/storage/seal_service.go:103.16,105.3 1 0
github.com/afittestide/asimi/storage/seal_service.go:107.2,107.46 1 0
github.com/afittestide/asimi/storage/seal_service.go:111.76,115.47 3 0
github.com/afittestide/asimi/storage/seal_service.go:115.47,117.17 2 0
github.com/afittestide/asimi/storage/seal_service.go:117.17,119.4 1 0
github.com/afittestide/asimi/storage/seal_service.go:120.3,120.31 1 0
github.com/afittestide/asimi/storage/seal_service.go:123.2,123.20 1 0
github.com/afittestide/asimi/storage/seal_service.go:127.73,129.127 2 0
github.com/afittestide/asimi/storage/seal_service.go:129.127,131.3 1 0
github.com/afittestide/asimi/storage/seal_service.go:132.2,132.30 1 0
github.com/afittestide/asimi/storage/seal_service.go:132.30,134.3 1 0
github.com/afittestide/asimi/storage/seal_service.go:136.2,137.16 2 0
github.com/afittestide/asimi/storage/seal_service.go:137.16,139.3 1 0
github.com/afittestide/asimi/storage/seal_service.go:140.2,140.14 1 0
github.com/afittestide/asimi/storage/seal_service.go:140.14,142.3 1 0
github.com/afittestide/asimi/storage/seal_service.go:144.2,148.16 3 0
github.com/afittestide/asimi/storage/seal_service.go:148.16,150.3 1 0
github.com/afittestide/asimi/storage/seal_service.go:151.2,151.24 1 0
github.com/afittestide/asimi/storage/seal_service.go:151.24,153.3 1 0
github.com/afittestide/asimi/storage/seal_service.go:155.2,155.25 1 0
github.com/afittestide/asimi/storage/seal_service.go:159.65,161.16 2 0
github.com/afittestide/asimi/storage/seal_service.go:161.16,163.3 1 0
github.com/afittestide/asimi/storage/seal_service.go:164.2,164.35 1 0
github.com/afittestide/asimi/storage/seal_service.go:168.66,170.16 2 0
github.com/afittestide/asimi/storage/seal_service.go:170.16,172.3 1 0
github.com/afittestide/asimi/storage/seal_service.go:173.2,173.36 1 0
github.com/afittestide/asimi/storage/seal_service.go:177.68,179.16 2 0
github.com/afittestide/asimi/storage/seal_service.go:179.16,181.3 1 0
github.com/afittestide/asimi/storage/seal_service.go:182.2,182.38 1 0
github.com/afittestide/asimi/storage/seal_service.go:193.89,201.16 3 1
github.com/afittestide/asimi/storage/seal_service.go:201.16,203.3 1 0
github.com/afittestide/asimi/storage/seal_service.go:206.2,208.27 3 1
github.com/afittestide/asimi/storage/seal_service.go:208.27,210.3 1 1
github.com/afittestide/asimi/storage/seal_service.go:211.2,211.23 1 1
github.com/afittestide/asimi/storage/seal_service.go:211.23,214.3 1 1
github.com/afittestide/asimi/storage/seal_service.go:217.2,218.29 2 1
github.com/afittestide/asimi/storage/seal_service.go:218.29,219.35 1 1
github.com/afittestide/asimi/storage/seal_service.go:219.35,221.4 1 1
github.com/afittestide/asimi/storage/seal_service.go:222.3,222.48 1 1
github.com/afittestide/asimi/storage/seal_service.go:225.2,226.27 2 1
github.com/afittestide/asimi/storage/seal_service.go:226.27,232.3 1 1
github.com/afittestide/asimi/storage/seal_service.go:233.2,233.20 1 1
github.com/afittestide/asimi/storage/session_store.go:22.64,27.2 1 1
github.com/afittestide/asimi/storage/session_store.go:30.99,33.16 2 1
github.com/afittestide/asimi/storage/session_store.go:33.16,35.3 1 0
github.com/afittestide/asimi/storage/session_store.go:36.2,40.16 3 1
github.com/afittestide/asimi/storage/session_store.go:40.16,42.3 1 0
github.com/afittestide/asimi/storage/session_store.go:45.2,46.16 2 1
github.com/afittestide/asimi/storage/session_store.go:46.16,48.3 1 0
github.com/afittestide/asimi/storage/session_store.go:51.2,68.16 3 1
github.com/afittestide/asimi/storage/session_store.go:68.16,70.3 1 0
github.com/afittestide/asimi/storage/session_store.go:73.2,74.16 2 1
github.com/afittestide/asimi/storage/session_store.go:74.16,76.3 1 0
github.com/afittestide/asimi/storage/session_store.go:79.2,79.39 1 1
github.com/afittestide/asimi/storage/session_store.go:79.39,82.17 2 0
github.com/afittestide/asimi/storage/session_store.go:82.17,84.4 1 0
github.com/afittestide/asimi/storage/session_store.go:86.3,95.17 2 0
github.com/afittestide/asimi/storage/session_store.go:95.17,97.4 1 0
github.com/afittestide/asimi/storage/session_store.go:101.2,101.36 1 1
github.com/afittestide/asimi/storage/session_store.go:101.36,103.3 1 0
github.com/afittestide/asimi/storage/session_store.go:105.2,106.12 2 1
github.com/afittestide/asimi/storage/session_store.go:111.108,141.26 5 1
github.com/afittestide/asimi/storage/session_store.go:141.26,143.3 1 1
github.com/afittestide/asimi/storage/session_store.go:144.2,144.16 1 1
github.com/afittestide/asimi/storage/session_store.go:144.16,146.3 1 0
github.com/afittestide/asimi/storage/session_store.go:149.2,163.16 7 1
github.com/afittestide/asimi/storage/session_store.go:163.16,165.3 1 0
github.com/afittestide/asimi/storage/session_store.go:166.2,168.18 2 1
github.com/afittestide/asimi/storage/session_store.go:168.18,172.56 3 0
github.com/afittestide/asimi/storage/session_store.go:172.56,174.4 1 0
github.com/afittestide/asimi/storage/session_store.go:177.3,178.67 2 0
github.com/afittestide/asimi/storage/session_store.go:178.67,180.4 1 0
github.com/afittestide/asimi/storage/session_store.go:182.3,182.51 1 0
github.com/afittestide/asimi/storage/session_store.go:185.2,185.35 1 1
github.com/afittestide/asimi/storage/session_store.go:185.35,187.3 1 0
github.com/afittestide/asimi/storage/session_store.go:189.2,190.50 2 1
github.com/afittestide/asimi/storage/session_store.go:194.106,208.15 2 0
github.com/afittestide/asimi/storage/session_store.go:208.15,210.3 1 0
github.com/afittestide/asimi/storage/session_store.go:212.2,213.16 2 0
github.com/afittestide/asimi/storage/session_store.go:213.16,215.3 1 0
github.com/afittestide/asimi/storage/session_store.go:216.2,219.18 3 0
github.com/afittestide/asimi/storage/session_store.go:219.18,235.17 5 0
github.com/afittestide/asimi/storage/session_store.go:235.17,237.4 1 0
github.com/afittestide/asimi/storage/session_store.go:239.3,246.39 7 0
github.com/afittestide/asimi/storage/session_store.go:249.2,249.35 1 0
github.com/afittestide/asimi/storage/session_store.go:249.35,251.3 1 0
github.com/afittestide/asimi/storage/session_store.go:253.2,253.22 1 0
github.com/afittestide/asimi/storage/session_store.go:257.74,270.15 2 0
github.com/afittestide/asimi/storage/session_store.go:270.15,272.3 1 0
github.com/afittestide/asimi/storage/session_store.go:274.2,275.16 2 0
github.com/afittestide/asimi/storage/session_store.go:275.16,277.3 1 0
github.com/afittestide/asimi/storage/session_store.go:278.2,281.18 3 0
github.com/afittestide/asimi/storage/session_store.go:281.18,301.17 6 0
github.com/afittestide/asimi/storage/session_store.go:301.17,303.4 1 0
github.com/afittestide/asimi/storage/session_store.go:305.3,312.39 7 0
github.com/afittestide/asimi/storage/session_store.go:315.2,315.35 1 0
github.com/afittestide/asimi/storage/session_store.go:315.35,317.3 1 0
github.com/afittestide/asimi/storage/session_store.go:319.2,319.22 1 0
github.com/afittestide/asimi/storage/session_store.go:325.61,327.16 2 1
github.com/afittestide/asimi/storage/session_store.go:327.16,329.3 1 0
github.com/afittestide/asimi/storage/session_store.go:330.2,333.16 3 1
github.com/afittestide/asimi/storage/session_store.go:333.16,335.3 1 0
github.com/afittestide/asimi/storage/session_store.go:336.2,337.16 2 1
github.com/afittestide/asimi/storage/session_store.go:337.16,339.3 1 0
github.com/afittestide/asimi/storage/session_store.go:341.2,341.20 1 1
github.com/afittestide/asimi/storage/session_store.go:345.62,347.16 2 0
github.com/afittestide/asimi/storage/session_store.go:347.16,349.3 1 0
github.com/afittestide/asimi/storage/session_store.go:351.2,352.16 2 0
github.com/afittestide/asimi/storage/session_store.go:352.16,354.3 1 0
github.com/afittestide/asimi/storage/session_store.go:356.2,356.15 1 0
github.com/afittestide/asimi/storage/session_store.go:356.15,358.3 1 0
github.com/afittestide/asimi/storage/session_store.go:360.2,360.12 1 0
github.com/afittestide/asimi/storage/session_store.go:364.51,365.18 1 0
github.com/afittestide/asimi/storage/session_store.go:365.18,367.3 1 0
github.com/afittestide/asimi/storage/session_store.go:370.2,370.26 1 0
github.com/afittestide/asimi/storage/session_store.go:370.26,376.17 3 0
github.com/afittestide/asimi/storage/session_store.go:376.17,378.4 1 0
github.com/afittestide/asimi/storage/session_store.go:380.3,380.55 1 0
github.com/afittestide/asimi/storage/session_store.go:380.55,382.4 1 0
github.com/afittestide/asimi/storage/session_store.go:386.2,386.27 1 0
github.com/afittestide/asimi/storage/session_store.go:386.27,397.17 2 0
github.com/afittestide/asimi/storage/session_store.go:397.17,399.4 1 0
github.com/afittestide/asimi/storage/session_store.go:402.2,402.12 1 0
github.com/afittestide/asimi/storage/session_store.go:406.90,409.16 2 0
github.com/afittestide/asimi/storage/session_store.go:409.16,411.3 1 0
github.com/afittestide/asimi/storage/session_store.go:414.2,424.15 2 0
github.com/afittestide/asimi/storage/session_store.go:424.15,426.3 1 0
github.com/afittestide/asimi/storage/session_store.go:428.2,429.16 2 0
github.com/afittestide/asimi/storage/session_store.go:429.16,431.3 1 0
github.com/afittestide/asimi/storage/session_store.go:432.2,435.18 3 0
github.com/afittestide/asimi/storage/session_store.go:435.18,443.17 4 0
github.com/afittestide/asimi/storage/session_store.go:443.17,445.4 1 0
github.com/afittestide/asimi/storage/session_store.go:448.3,448.34 1 0
github.com/afittestide/asimi/storage/session_store.go:448.34,452.24 3 0
github.com/afittestide/asimi/storage/session_store.go:452.24,458.5 4 0
github.com/afittestide/asimi/storage/session_store.go:460.4,472.42 2 0
github.com/afittestide/asimi/storage/session_store.go:472.42,473.10 1 0
github.com/afittestide/asimi/storage/session_store.go:478.2,478.35 1 0
github.com/afittestide/asimi/storage/session_store.go:478.35,480.3 1 0
github.com/afittestide/asimi/storage/session_store.go:482.2,482.21 1 0
github.com/afittestide/asimi/storage/session_store.go:500.102,507.16 3 1
github.com/afittestide/asimi/storage/session_store.go:507.16,509.3 1 1
github.com/afittestide/asimi/storage/session_store.go:511.2,511.26 1 1
github.com/afittestide/asimi/storage/session_store.go:511.26,513.3 1 0
github.com/afittestide/asimi/storage/session_store.go:515.2,519.16 2 1
github.com/afittestide/asimi/storage/session_store.go:519.16,521.3 1 0
github.com/afittestide/asimi/storage/session_store.go:523.2,523.30 1 1
github.com/afittestide/asimi/storage/session_store.go:526.104,533.16 3 1
github.com/afittestide/asimi/storage/session_store.go:533.16,535.3 1 1
github.com/afittestide/asimi/storage/session_store.go:537.2,537.26 1 1
github.com/afittestide/asimi/storage/session_store.go:537.26,539.3 1 0
github.com/afittestide/asimi/storage/session_store.go:541.2,545.16 2 1
github.com/afittestide/asimi/storage/session_store.go:545.16,547.3 1 0
github.com/afittestide/asimi/storage/session_store.go:549.2,549.30 1 1
github.com/afittestide/asimi/storage/session_store.go:553.24,554.11 1 0
github.com/afittestide/asimi/storage/session_store.go:554.11,556.3 1 0
github.com/afittestide/asimi/storage/session_store.go:557.2,557.10 1 0
github.com/afittestide/asimi/storage/session_store.go:560.24,561.11 1 0
github.com/afittestide/asimi/storage/session_store.go:561.11,563.3 1 0
github.com/afittestide/asimi/storage/session_store.go:564.2,564.10 1 0
github.com/afittestide/asimi/storage/shogunate_schema.go:14.45,15.14 1 1
github.com/afittestide/asimi/storage/shogunate_schema.go:15.14,17.3 1 1
github.com/afittestide/asimi/storage/shogunate_schema.go:18.2,18.24 1 1
github.com/afittestide/asimi/storage/shogunate_schema.go:22.46,23.18 1 1
github.com/afittestide/asimi/storage/shogunate_schema.go:23.18,26.3 2 0
github.com/afittestide/asimi/storage/shogunate_schema.go:27.2,28.9 2 1
github.com/afittestide/asimi/storage/shogunate_schema.go:28.9,30.3 1 0
github.com/afittestide/asimi/storage/shogunate_schema.go:31.2,31.33 1 1
github.com/afittestide/asimi/storage/shogunate_schema.go:38.52,39.14 1 0
github.com/afittestide/asimi/storage/shogunate_schema.go:39.14,41.3 1 0
github.com/afittestide/asimi/storage/shogunate_schema.go:42.2,42.24 1 0
github.com/afittestide/asimi/storage/shogunate_schema.go:46.53,47.18 1 0
github.com/afittestide/asimi/storage/shogunate_schema.go:47.18,50.3 2 0
github.com/afittestide/asimi/storage/shogunate_schema.go:51.2,52.9 2 0
github.com/afittestide/asimi/storage/shogunate_schema.go:52.9,54.3 1 0
github.com/afittestide/asimi/storage/shogunate_schema.go:55.2,55.33 1 0
github.com/afittestide/asimi/storage/shogunate_schema.go:93.32,95.2 1 1
github.com/afittestide/asimi/storage/shogunate_schema.go:98.33,100.2 1 1
github.com/afittestide/asimi/storage/shogunate_schema.go:114.32,116.2 1 1
github.com/afittestide/asimi/storage/shogunate_schema.go:129.59,130.14 1 1
github.com/afittestide/asimi/storage/shogunate_schema.go:130.14,132.3 1 1
github.com/afittestide/asimi/storage/shogunate_schema.go:133.2,133.24 1 0
github.com/afittestide/asimi/storage/shogunate_schema.go:137.60,138.18 1 0
github.com/afittestide/asimi/storage/shogunate_schema.go:138.18,141.3 2 0
github.com/afittestide/asimi/storage/shogunate_schema.go:142.2,143.9 2 0
github.com/afittestide/asimi/storage/shogunate_schema.go:143.9,145.3 1 0
github.com/afittestide/asimi/storage/shogunate_schema.go:146.2,146.33 1 0
github.com/afittestide/asimi/storage/shogunate_schema.go:184.37,186.2 1 1
github.com/afittestide/asimi/storage/shogunate_schema.go:227.37,229.2 1 0
github.com/afittestide/asimi/storage/shogunate_schema.go:246.40,248.2 1 0
github.com/afittestide/asimi/storage/shogunate_schema.go:274.32,276.2 1 0
github.com/afittestide/asimi/storage/shogunate_schema.go:306.41,308.2 1 0
github.com/afittestide/asimi/storage/shogunate_schema.go:329.40,331.2 1 0
github.com/afittestide/asimi/storage/shogunate_schema.go:352.43,354.2 1 0
github.com/afittestide/asimi/storage/shogunate_schema.go:369.43,371.2 1 0
github.com/afittestide/asimi/storage/shogunate_schema.go:387.40,389.2 1 0
github.com/afittestide/asimi/storage/shogunate_schema.go:399.49,401.2 1 0
github.com/afittestide/asimi/storage/workflow_store.go:52.46,54.2 1 1
github.com/afittestide/asimi/storage/workflow_store.go:57.103,60.16 2 1
github.com/afittestide/asimi/storage/workflow_store.go:60.16,62.3 1 0
github.com/afittestide/asimi/storage/workflow_store.go:63.2,67.16 3 1
github.com/afittestide/asimi/storage/workflow_store.go:67.16,69.3 1 0
github.com/afittestide/asimi/storage/workflow_store.go:72.2,73.16 2 1
github.com/afittestide/asimi/storage/workflow_store.go:73.16,75.3 1 0
github.com/afittestide/asimi/storage/workflow_store.go:77.2,95.16 4 1
github.com/afittestide/asimi/storage/workflow_store.go:95.16,97.3 1 0
github.com/afittestide/asimi/storage/workflow_store.go:99.2,99.20 1 1
github.com/afittestide/asimi/storage/workflow_store.go:103.72,122.16 2 1
github.com/afittestide/asimi/storage/workflow_store.go:122.16,124.3 1 0
github.com/afittestide/asimi/storage/workflow_store.go:125.2,125.12 1 1
github.com/afittestide/asimi/storage/workflow_store.go:129.80,151.26 5 1
github.com/afittestide/asimi/storage/workflow_store.go:151.26,153.3 1 1
github.com/afittestide/asimi/storage/workflow_store.go:154.2,154.16 1 1
github.com/afittestide/asimi/storage/workflow_store.go:154.16,156.3 1 0
github.com/afittestide/asimi/storage/workflow_store.go:158.2,162.23 4 1
github.com/afittestide/asimi/storage/workflow_store.go:166.90,174.16 2 1
github.com/afittestide/asimi/storage/workflow_store.go:174.16,176.3 1 0
github.com/afittestide/asimi/storage/workflow_store.go:177.2,180.18 3 1
github.com/afittestide/asimi/storage/workflow_store.go:180.18,193.17 3 1
github.com/afittestide/asimi/storage/workflow_store.go:193.17,195.4 1 0
github.com/afittestide/asimi/storage/workflow_store.go:197.3,197.30 1 1
github.com/afittestide/asimi/storage/workflow_store.go:200.2,200.35 1 1
github.com/afittestide/asimi/storage/workflow_store.go:200.35,202.3 1 0
github.com/afittestide/asimi/storage/workflow_store.go:204.2,204.19 1 1
github.com/afittestide/asimi/storage/workflow_store.go:208.109,217.15 2 1
github.com/afittestide/asimi/storage/workflow_store.go:217.15,219.3 1 1
github.com/afittestide/asimi/storage/workflow_store.go:221.2,222.16 2 1
github.com/afittestide/asimi/storage/workflow_store.go:222.16,224.3 1 0
github.com/afittestide/asimi/storage/workflow_store.go:225.2,228.18 3 1
github.com/afittestide/asimi/storage/workflow_store.go:228.18,244.17 5 1
github.com/afittestide/asimi/storage/workflow_store.go:244.17,246.4 1 0
github.com/afittestide/asimi/storage/workflow_store.go:248.3,251.42 4 1
github.com/afittestide/asimi/storage/workflow_store.go:254.2,254.35 1 1
github.com/afittestide/asimi/storage/workflow_store.go:254.35,256.3 1 0
github.com/afittestide/asimi/storage/workflow_store.go:258.2,258.23 1 1
github.com/afittestide/asimi/storage/workflow_store.go:262.104,273.16 3 1
github.com/afittestide/asimi/storage/workflow_store.go:273.16,275.3 1 0
github.com/afittestide/asimi/storage/workflow_store.go:276.2,279.18 3 1
github.com/afittestide/asimi/storage/workflow_store.go:279.18,295.17 5 1
github.com/afittestide/asimi/storage/workflow_store.go:295.17,297.4 1 0
github.com/afittestide/asimi/storage/workflow_store.go:299.3,302.42 4 1
github.com/afittestide/asimi/storage/workflow_store.go:305.2,305.35 1 1
github.com/afittestide/asimi/storage/workflow_store.go:305.35,307.3 1 0
github.com/afittestide/asimi/storage/workflow_store.go:309.2,309.23 1 1
github.com/afittestide/asimi/storage/workflow_store.go:313.65,315.16 2 1
github.com/afittestide/asimi/storage/workflow_store.go:315.16,317.3 1 0
github.com/afittestide/asimi/storage/workflow_store.go:319.2,320.16 2 1
github.com/afittestide/asimi/storage/workflow_store.go:320.16,322.3 1 0
github.com/afittestide/asimi/storage/workflow_store.go:324.2,324.15 1 1
github.com/afittestide/asimi/storage/workflow_store.go:324.15,326.3 1 0
github.com/afittestide/asimi/storage/workflow_store.go:328.2,328.12 1 1
github.com/afittestide/asimi/storage/workflow_store.go:332.91,341.16 2 1
github.com/afittestide/asimi/storage/workflow_store.go:341.16,343.3 1 0
github.com/afittestide/asimi/storage/workflow_store.go:344.2,344.12 1 1
github.com/afittestide/asimi/storage/workflow_store.go:348.93,357.16 2 0
github.com/afittestide/asimi/storage/workflow_store.go:357.16,359.3 1 0
github.com/afittestide/asimi/storage/workflow_store.go:360.2,360.12 1 0
github.com/afittestide/asimi/storage/workflow_store.go:364.93,366.16 2 1
github.com/afittestide/asimi/storage/workflow_store.go:366.16,368.3 1 0
github.com/afittestide/asimi/storage/workflow_store.go:370.2,378.16 2 1
github.com/afittestide/asimi/storage/workflow_store.go:378.16,380.3 1 0
github.com/afittestide/asimi/storage/workflow_store.go:381.2,381.12 1 1
github.com/afittestide/asimi/storage/workflow_store.go:385.89,393.16 2 1
github.com/afittestide/asimi/storage/workflow_store.go:393.16,395.3 1 0
github.com/afittestide/asimi/storage/workflow_store.go:396.2,396.12 1 1
github.com/afittestide/asimi/storage/workflow_store.go:401.103,408.16 3 1
github.com/afittestide/asimi/storage/workflow_store.go:408.16,410.3 1 0
github.com/afittestide/asimi/storage/workflow_store.go:412.2,412.26 1 1
github.com/afittestide/asimi/storage/workflow_store.go:412.26,414.3 1 0
github.com/afittestide/asimi/storage/workflow_store.go:416.2,420.16 2 1
github.com/afittestide/asimi/storage/workflow_store.go:420.16,422.3 1 0
github.com/afittestide/asimi/storage/workflow_store.go:424.2,424.30 1 1
github.com/afittestide/asimi/storage/workflow_store.go:427.105,434.16 3 1
github.com/afittestide/asimi/storage/workflow_store.go:434.16,436.3 1 0
github.com/afittestide/asimi/storage/workflow_store.go:438.2,438.26 1 1
github.com/afittestide/asimi/storage/workflow_store.go:438.26,440.3 1 0
github.com/afittestide/asimi/storage/workflow_store.go:442.2,446.16 2 1
github.com/afittestide/asimi/storage/workflow_store.go:446.16,448.3 1 0
github.com/afittestide/asimi/storage/workflow_store.go:450.2,450.30 1 1
